\BOOKMARK [0][-]{chapter.1}{\376\377\000I\000t\000e\000m\000\040\000S\000t\000a\000t\000i\000s\000t\000i\000c\000s}{}% 1
\BOOKMARK [1][-]{section.1.1}{\376\377\000O\000v\000e\000r\000v\000i\000e\000w}{chapter.1}% 2
\BOOKMARK [1][-]{section.1.2}{\376\377\000A\000p\000p\000r\000o\000a\000c\000h}{chapter.1}% 3
\BOOKMARK [1][-]{section.1.3}{\376\377\000C\000o\000d\000e}{chapter.1}% 4
\BOOKMARK [1][-]{section.1.4}{\376\377\000M\000o\000d\000i\000f\000y\000\040\000w\000e\000b\000\040\000p\000a\000g\000e\000\040\000t\000e\000m\000p\000l\000a\000t\000e}{chapter.1}% 5
\BOOKMARK [0][-]{chapter.2}{\376\377\000O\000p\000t\000i\000m\000a\000l\000\040\000R\000e\000p\000l\000e\000n\000i\000s\000h\000m\000e\000n\000t\000\040\000Q\000u\000a\000n\000t\000i\000t\000y}{}% 6
\BOOKMARK [1][-]{section.2.1}{\376\377\000O\000v\000e\000r\000v\000i\000e\000w}{chapter.2}% 7
\BOOKMARK [1][-]{section.2.2}{\376\377\000O\000p\000t\000i\000m\000a\000l\000\040\000C\000a\000s\000h\000\040\000F\000l\000o\000w}{chapter.2}% 8
\BOOKMARK [1][-]{section.2.3}{\376\377\000S\000t\000o\000c\000k\000\040\000o\000u\000t\000s}{chapter.2}% 9
\BOOKMARK [1][-]{section.2.4}{\376\377\000L\000o\000w\000e\000s\000t\000\040\000c\000o\000s\000t}{chapter.2}% 10
\BOOKMARK [1][-]{section.2.5}{\376\377\000C\000o\000m\000p\000u\000t\000e\000\040\000O\000p\000t\000i\000m\000a\000l\000\040\000R\000e\000p\000l\000e\000n\000i\000s\000h\000m\000e\000n\000t}{chapter.2}% 11
\BOOKMARK [0][-]{chapter.3}{\376\377\000D\000e\000l\000i\000v\000e\000r\000y\000\040\000L\000o\000c\000a\000t\000i\000o\000n}{}% 12
\BOOKMARK [0][-]{chapter.4}{\376\377\000L\000e\000a\000d\000\040\000T\000i\000m\000e\000\040\000B\000y\000\040\000V\000e\000n\000d\000o\000r}{}% 13
\BOOKMARK [1][-]{section.4.1}{\376\377\000O\000v\000e\000r\000v\000i\000e\000w}{chapter.4}% 14
\BOOKMARK [1][-]{section.4.2}{\376\377\000A\000c\000q\000u\000i\000r\000i\000n\000g}{chapter.4}% 15
\BOOKMARK [1][-]{section.4.3}{\376\377\000Y\000A\000M\000L}{chapter.4}% 16
\BOOKMARK [1][-]{section.4.4}{\376\377\000A\000s\000s\000u\000m\000p\000t\000i\000o\000n\000s}{chapter.4}% 17
\BOOKMARK [1][-]{section.4.5}{\376\377\000I\000s\000s\000u\000e\000s}{chapter.4}% 18
\BOOKMARK [0][-]{chapter.5}{\376\377\000S\000i\000m\000u\000l\000a\000t\000i\000o\000n}{}% 19
\BOOKMARK [0][-]{chapter.6}{\376\377\000Q\000u\000e\000s\000t\000i\000o\000n\000s}{}% 20
\BOOKMARK [0][-]{chapter.7}{\376\377\000D\000a\000t\000a\000\040\000L\000o\000a\000d\000i\000n\000g}{}% 21
\BOOKMARK [0][-]{chapter.8}{\376\377\000I\000n\000t\000e\000g\000r\000a\000t\000i\000o\000n}{}% 22
\BOOKMARK [0][-]{chapter.9}{\376\377\000T\000e\000c\000h\000n\000o\000l\000o\000g\000y}{}% 23
\BOOKMARK [1][-]{section.9.1}{\376\377\000J\000a\000v\000a\000\040\000v\000s\000\040\000P\000H\000P}{chapter.9}% 24
\BOOKMARK [1][-]{section.9.2}{\376\377\000P\000o\000s\000t\000g\000r\000e\000s\000\040\000v\000s\000\040\000m\000y\000s\000q\000l}{chapter.9}% 25
\BOOKMARK [1][-]{section.9.3}{\376\377\000S\000p\000r\000i\000n\000g\000\040\000M\000V\000C\000\040\000v\000s\000\040\000A\000n\000g\000u\000l\000a\000r}{chapter.9}% 26
\BOOKMARK [1][-]{section.9.4}{\376\377\000S\000t\000a\000c\000k}{chapter.9}% 27
\BOOKMARK [0][-]{chapter.10}{\376\377\000I\000n\000d\000i\000c\000e\000s\000\040\000a\000n\000d\000\040\000t\000a\000b\000l\000e\000s}{}% 28
