\BOOKMARK [0][-]{chapter.1}{\376\377\000O\000b\000j\000e\000c\000t\000i\000v\000e\000s}{}% 1
\BOOKMARK [0][-]{chapter.2}{\376\377\000P\000u\000r\000c\000h\000a\000s\000i\000n\000g\000\040\000O\000p\000e\000r\000a\000t\000i\000o\000n\000a\000l\000\040\000E\000f\000f\000i\000c\000i\000e\000n\000c\000y}{}% 2
\BOOKMARK [1][-]{section.2.1}{\376\377\000P\000u\000r\000c\000h\000a\000s\000i\000n\000g\000\040\000R\000e\000v\000i\000e\000w\000\040\000B\000o\000a\000r\000d}{chapter.2}% 3
\BOOKMARK [1][-]{section.2.2}{\376\377\000S\000p\000e\000e\000d\000\040\000u\000p\000\040\000q\000u\000o\000t\000a\000t\000i\000o\000n\000s}{chapter.2}% 4
\BOOKMARK [1][-]{section.2.3}{\376\377\000B\000u\000y\000e\000r\000\040\000i\000n\000f\000o\000r\000m\000a\000t\000i\000o\000n}{chapter.2}% 5
\BOOKMARK [1][-]{section.2.4}{\376\377\000R\000e\000c\000o\000m\000m\000e\000n\000d\000a\000t\000i\000o\000n\000s}{chapter.2}% 6
\BOOKMARK [1][-]{section.2.5}{\376\377\000A\000l\000e\000r\000t\000s}{chapter.2}% 7
\BOOKMARK [0][-]{chapter.3}{\376\377\000C\000o\000m\000p\000u\000t\000i\000n\000g\000\040\000b\000a\000s\000e\000d\000\040\000o\000n\000\040\000S\000e\000t\000u\000p}{}% 8
\BOOKMARK [0][-]{chapter.4}{\376\377\000I\000n\000t\000r\000o\000d\000u\000c\000t\000i\000o\000n}{}% 9
\BOOKMARK [0][-]{chapter.5}{\376\377\000O\000b\000j\000e\000c\000t\000i\000v\000e\000s}{}% 10
\BOOKMARK [0][-]{chapter.6}{\376\377\000T\000r\000a\000d\000i\000t\000i\000o\000n\000a\000l\000\040\000D\000R\000P}{}% 11
\BOOKMARK [1][-]{section.6.1}{\376\377\000F\000o\000r\000e\000c\000a\000s\000t}{chapter.6}% 12
\BOOKMARK [1][-]{section.6.2}{\376\377\000P\000r\000o\000j\000e\000c\000t\000i\000o\000n\000s}{chapter.6}% 13
\BOOKMARK [1][-]{section.6.3}{\376\377\000S\000K\000U\000s}{chapter.6}% 14
\BOOKMARK [0][-]{chapter.7}{\376\377\000S\000c\000e\000n\000a\000r\000i\000o}{}% 15
\BOOKMARK [1][-]{section.7.1}{\376\377\000S\000u\000p\000p\000l\000y\000\040\000P\000r\000i\000o\000r\000i\000t\000i\000z\000a\000t\000i\000o\000n}{chapter.7}% 16
\BOOKMARK [0][-]{chapter.8}{\376\377\000B\000u\000y\000\040\000Q\000u\000a\000n\000t\000i\000t\000y}{}% 17
\BOOKMARK [1][-]{section.8.1}{\376\377\000P\000r\000i\000o\000r\000i\000t\000i\000z\000a\000t\000i\000o\000n}{chapter.8}% 18
\BOOKMARK [2][-]{subsection.8.1.1}{\376\377\000S\000o\000u\000r\000c\000i\000n\000g\000\040\000R\000u\000l\000e}{section.8.1}% 19
\BOOKMARK [2][-]{subsection.8.1.2}{\376\377\000P\000u\000r\000c\000h\000a\000s\000e\000\040\000O\000r\000d\000e\000r\000s}{section.8.1}% 20
\BOOKMARK [2][-]{subsection.8.1.3}{\376\377\000A\000t\000t\000r\000i\000b\000u\000t\000e\000\040\000W\000e\000i\000g\000h\000t\000\040\000v\000a\000l\000u\000e\000s}{section.8.1}% 21
\BOOKMARK [2][-]{subsection.8.1.4}{\376\377\000O\000t\000h\000e\000r\000\040\000D\000e\000m\000a\000n\000d\000\040\000f\000o\000r}{section.8.1}% 22
\BOOKMARK [2][-]{subsection.8.1.5}{\376\377\000F\000I\000F\000O}{section.8.1}% 23
\BOOKMARK [0][-]{chapter.9}{\376\377\000D\000a\000t\000a\000\040\000R\000e\000q\000u\000i\000r\000e\000m\000e\000n\000t\000s}{}% 24
\BOOKMARK [0][-]{chapter.10}{\376\377\000L\000e\000g\000a\000c\000y\000\040\000S\000y\000s\000t\000e\000m}{}% 25
\BOOKMARK [1][-]{section.10.1}{\376\377\000L\000e\000g\000a\000c\000y\000\040\000S\000y\000s\000t\000e\000m}{chapter.10}% 26
\BOOKMARK [1][-]{section.10.2}{\376\377\000R\000i\000s\000k}{chapter.10}% 27
\BOOKMARK [0][-]{chapter.11}{\376\377\000C\000o\000n\000c\000e\000p\000t\000s}{}% 28
\BOOKMARK [1][-]{section.11.1}{\376\377\000S\000u\000p\000p\000l\000y\000\040\000P\000o\000o\000l\000s}{chapter.11}% 29
\BOOKMARK [1][-]{section.11.2}{\376\377\000F\000o\000r\000e\000c\000a\000s\000t\000\040\000G\000r\000o\000u\000p\000s}{chapter.11}% 30
\BOOKMARK [1][-]{section.11.3}{\376\377\000E\000l\000i\000g\000i\000b\000l\000e\000\040\000I\000n\000v\000e\000n\000t\000o\000r\000y}{chapter.11}% 31
\BOOKMARK [1][-]{section.11.4}{\376\377\000D\000e\000m\000a\000n\000d\000\040\000P\000r\000i\000o\000r\000i\000t\000i\000z\000a\000t\000i\000o\000n}{chapter.11}% 32
\BOOKMARK [1][-]{section.11.5}{\376\377\000S\000u\000p\000p\000l\000y\000\040\000P\000r\000i\000o\000r\000i\000t\000i\000z\000a\000t\000i\000o\000n}{chapter.11}% 33
\BOOKMARK [1][-]{section.11.6}{\376\377\000F\000o\000r\000e\000c\000a\000s\000t\000\040\000C\000o\000n\000s\000u\000m\000p\000t\000i\000o\000n}{chapter.11}% 34
\BOOKMARK [0][-]{chapter.12}{\376\377\000P\000r\000o\000c\000e\000d\000u\000r\000e\000s}{}% 35
\BOOKMARK [1][-]{section.12.1}{\376\377\000R\000e\000q\000u\000i\000s\000i\000t\000i\000o\000n\000s}{chapter.12}% 36
\BOOKMARK [1][-]{section.12.2}{\376\377\000R\000e\000v\000i\000e\000w}{chapter.12}% 37
\BOOKMARK [1][-]{section.12.3}{\376\377\000A\000p\000p\000r\000o\000v\000a\000l}{chapter.12}% 38
\BOOKMARK [1][-]{section.12.4}{\376\377\000P\000u\000r\000c\000h\000a\000s\000i\000n\000g\000\040\000A\000p\000p\000r\000o\000v\000a\000l}{chapter.12}% 39
\BOOKMARK [1][-]{section.12.5}{\376\377\000P\000o\000r\000t\000a\000l}{chapter.12}% 40
\BOOKMARK [0][-]{chapter.13}{\376\377\000B\000e\000n\000e\000f\000i\000t\000s}{}% 41
\BOOKMARK [0][-]{chapter.14}{\376\377\000Q\000u\000e\000s\000t\000i\000o\000n\000s}{}% 42
\BOOKMARK [1][-]{section.14.1}{\376\377\000E\000x\000t\000e\000n\000s\000i\000b\000i\000l\000i\000t\000y}{chapter.14}% 43
\BOOKMARK [0][-]{chapter.15}{\376\377\000I\000m\000p\000l\000e\000m\000e\000n\000t\000a\000t\000i\000o\000n}{}% 44
\BOOKMARK [1][-]{section.15.1}{\376\377\000Q\000u\000e\000s\000t\000i\000o\000n\000s}{chapter.15}% 45
\BOOKMARK [0][-]{chapter.16}{\376\377\000S\000A\000P\000\040\000o\000n\000\040\000t\000h\000e\000\040\000w\000e\000b}{}% 46
\BOOKMARK [1][-]{section.16.1}{\376\377\000S\000i\000m\000p\000l\000e\000\040\000E\000x\000a\000m\000p\000l\000e}{chapter.16}% 47
\BOOKMARK [2][-]{subsection.16.1.1}{\376\377\000C\000o\000m\000p\000u\000t\000e\000\040\000O\000p\000t\000i\000m\000a\000l\000\040\000P\000u\000r\000c\000h\000a\000s\000e\000\040\000Q\000u\000a\000n\000t\000i\000t\000y}{section.16.1}% 48
\BOOKMARK [2][-]{subsection.16.1.2}{\376\377\000G\000r\000a\000p\000h\000\040\000t\000h\000i\000s\000\040\000r\000e\000l\000a\000t\000i\000o\000n\000s\000i\000h\000i\000p}{section.16.1}% 49
\BOOKMARK [1][-]{section.16.2}{\376\377\000P\000u\000r\000c\000h\000a\000s\000i\000n\000g\000\040\000P\000r\000o\000c\000e\000d\000u\000r\000e\000s}{chapter.16}% 50
\BOOKMARK [1][-]{section.16.3}{\376\377\000C\000o\000n\000s\000t\000r\000a\000i\000n\000t\000s}{chapter.16}% 51
\BOOKMARK [0][-]{chapter.17}{\376\377\000Q\000u\000e\000s\000t\000i\000o\000n\000s}{}% 52
\BOOKMARK [0][-]{chapter.18}{\376\377\000C\000o\000n\000c\000l\000u\000s\000i\000o\000n}{}% 53
\BOOKMARK [0][-]{chapter.19}{\376\377\000P\000l\000a\000n\000n\000i\000n\000g\000\040\000R\000e\000q\000u\000i\000r\000e\000m\000e\000n\000t\000s}{}% 54
\BOOKMARK [1][-]{section.19.1}{\376\377\000O\000b\000j\000e\000c\000t\000i\000v\000e\000s}{chapter.19}% 55
\BOOKMARK [1][-]{section.19.2}{\376\377\000P\000u\000r\000c\000h\000a\000s\000i\000n\000g\000\040\000O\000p\000e\000r\000a\000t\000i\000o\000n\000a\000l\000\040\000E\000f\000f\000i\000c\000i\000e\000n\000c\000y}{chapter.19}% 56
\BOOKMARK [2][-]{subsection.19.2.1}{\376\377\000P\000u\000r\000c\000h\000a\000s\000i\000n\000g\000\040\000R\000e\000v\000i\000e\000w\000\040\000B\000o\000a\000r\000d}{section.19.2}% 57
\BOOKMARK [2][-]{subsection.19.2.2}{\376\377\000S\000p\000e\000e\000d\000\040\000u\000p\000\040\000q\000u\000o\000t\000a\000t\000i\000o\000n\000s}{section.19.2}% 58
\BOOKMARK [2][-]{subsection.19.2.3}{\376\377\000B\000u\000y\000e\000r\000\040\000i\000n\000f\000o\000r\000m\000a\000t\000i\000o\000n}{section.19.2}% 59
\BOOKMARK [2][-]{subsection.19.2.4}{\376\377\000R\000e\000c\000o\000m\000m\000e\000n\000d\000a\000t\000i\000o\000n\000s}{section.19.2}% 60
\BOOKMARK [2][-]{subsection.19.2.5}{\376\377\000A\000l\000e\000r\000t\000s}{section.19.2}% 61
\BOOKMARK [1][-]{section.19.3}{\376\377\000E\000x\000t\000e\000n\000s\000i\000b\000i\000l\000i\000t\000y}{chapter.19}% 62
\BOOKMARK [0][-]{chapter.20}{\376\377\000I\000m\000p\000l\000e\000m\000e\000n\000t\000a\000t\000i\000o\000n}{}% 63
\BOOKMARK [0][-]{chapter.21}{\376\377\000M\000o\000d\000i\000f\000i\000c\000a\000t\000i\000o\000n\000s}{}% 64
\BOOKMARK [1][-]{section.21.1}{\376\377\000Q\000u\000e\000s\000t\000i\000o\000n\000s}{chapter.21}% 65
\BOOKMARK [0][-]{chapter.22}{\376\377\000D\000i\000f\000f\000e\000r\000e\000n\000c\000e\000\040\000f\000r\000o\000m\000\040\000S\000A\000P}{}% 66
\BOOKMARK [0][-]{chapter.23}{\376\377\000S\000A\000P\000\040\000o\000n\000\040\000t\000h\000e\000\040\000w\000e\000b}{}% 67
\BOOKMARK [0][-]{chapter.24}{\376\377\000Q\000u\000e\000s\000t\000i\000o\000n\000s}{}% 68
\BOOKMARK [1][-]{section.24.1}{\376\377\000O\000u\000t\000\040\000o\000f\000\040\000S\000c\000o\000p\000e}{chapter.24}% 69
\BOOKMARK [1][-]{section.24.2}{\376\377\000I\000n\000\040\000a\000e\000r\000o\000s\000p\000a\000c\000e}{chapter.24}% 70
\BOOKMARK [1][-]{section.24.3}{\376\377\000S\000o\000u\000r\000c\000e\000\040\000o\000f\000\040\000L\000e\000a\000d\000\040\000T\000i\000m\000e}{chapter.24}% 71
\BOOKMARK [2][-]{subsection.24.3.1}{\376\377\000v\000e\000n\000d\000o\000r\000\040\000q\000u\000o\000t\000e\000s}{section.24.3}% 72
\BOOKMARK [2][-]{subsection.24.3.2}{\376\377\000S\000u\000m\000m\000a\000r\000i\000z\000e\000d\000\040\000L\000e\000a\000d\000\040\000T\000i\000m\000e\000s\000\040\000s\000h\000o\000u\000l\000d\000\040\000i\000n\000c\000l\000u\000d\000e}{section.24.3}% 73
\BOOKMARK [2][-]{subsection.24.3.3}{\376\377\000L\000e\000a\000d\000\040\000t\000i\000m\000e\000\040\000d\000e\000t\000a\000i\000l\000s\000\040\000s\000h\000o\000u\000l\000d\000\040\000i\000n\000c\000l\000u\000d\000e\000:}{section.24.3}% 74
\BOOKMARK [2][-]{subsection.24.3.4}{\376\377\000L\000e\000a\000d\000\040\000t\000i\000m\000e\000\040\000p\000r\000o\000j\000e\000c\000t\000i\000o\000n\000s}{section.24.3}% 75
\BOOKMARK [1][-]{section.24.4}{\376\377\000I\000n\000s\000t\000r\000u\000c\000t\000i\000o\000n\000s}{chapter.24}% 76
\BOOKMARK [2][-]{subsection.24.4.1}{\376\377\000R\000e\000q\000u\000i\000s\000i\000t\000i\000o\000n\000\040\000C\000h\000e\000c\000k\000l\000i\000s\000t}{section.24.4}% 77
\BOOKMARK [1][-]{section.24.5}{\376\377\000S\000e\000q\000u\000e\000n\000c\000e\000\040\000D\000i\000a\000g\000r\000a\000m}{chapter.24}% 78
\BOOKMARK [2][-]{subsection.24.5.1}{\376\377\000I\000n\000t\000r\000i\000n\000s\000i\000c\000\040\000I\000n\000f\000o\000r\000m\000a\000t\000i\000o\000n}{section.24.5}% 79
\BOOKMARK [2][-]{subsection.24.5.2}{\376\377\000E\000x\000t\000r\000i\000n\000s\000i\000c\000\040\000I\000n\000f\000o\000r\000m\000a\000t\000i\000o\000n}{section.24.5}% 80
\BOOKMARK [1][-]{section.24.6}{\376\377\000R\000e\000l\000a\000t\000e\000d\000\040\000a\000r\000t\000i\000c\000l\000e\000s}{chapter.24}% 81
\BOOKMARK [0][-]{chapter.25}{\376\377\000S\000e\000r\000v\000i\000c\000e\000\040\000L\000e\000v\000e\000l\000\040\000A\000g\000r\000e\000e\000m\000e\000n\000t\000s}{}% 82
\BOOKMARK [0][-]{chapter.26}{\376\377\000D\000e\000f\000i\000n\000i\000t\000i\000o\000n\000s}{}% 83
\BOOKMARK [0][-]{chapter.27}{\376\377\000I\000n\000d\000i\000c\000e\000s\000\040\000a\000n\000d\000\040\000t\000a\000b\000l\000e\000s}{}% 84
