#
# There is insufficient memory for the Java Runtime Environment to continue.
# Native memory allocation (mmap) failed to map 448790528 bytes for committing reserved memory.
# Possible reasons:
#   The system is out of physical RAM or swap space
#   The process is running with CompressedOops enabled, and the Java Heap may be blocking the growth of the native heap
# Possible solutions:
#   Reduce memory load on the system
#   Increase physical memory or swap space
#   Check if swap backing store is full
#   Decrease Java heap size (-Xmx/-Xms)
#   Decrease number of Java threads
#   Decrease Java thread stack sizes (-Xss)
#   Set larger code cache with -XX:ReservedCodeCacheSize=
#   JVM is running with Unscaled Compressed Oops mode in which the Java heap is
#     placed in the first 4GB address space. The Java Heap base address is the
#     maximum limit for the native heap growth. Please use -XX:HeapBaseMinAddress
#     to set the Java Heap base and to place the Java Heap above 4GB virtual address.
# This output file may be truncated or incomplete.
#
#  Out of Memory Error (os_linux.cpp:2659), pid=3013, tid=3023
#
# JRE version: OpenJDK Runtime Environment (12.0.1+12) (build 12.0.1+12)
# Java VM: OpenJDK 64-Bit Server VM (12.0.1+12, mixed mode, sharing, tiered, compressed oops, g1 gc, linux-amd64)
# Core dump will be written. Default location: Core dumps may be processed with "/usr/libexec/abrt-hook-ccpp %s %c %p %u %g %t e %P %I %h" (or dumping to /common/home/jjs/java-projects/diamond-javautil-2020-07/javautil-7/vending-sales-reporting/core.3013)
#

---------------  S U M M A R Y ------------

Command Line: /common/home/jjs/java-projects/diamond-javautil-2020-07/javautil-7/vending-sales-reporting/target/surefire/surefirebooter8808306130956612361.jar /common/home/jjs/java-projects/diamond-javautil-2020-07/javautil-7/vending-sales-reporting/target/surefire/surefire1000212478116863544tmp /common/home/jjs/java-projects/diamond-javautil-2020-07/javautil-7/vending-sales-reporting/target/surefire/surefire_014832871887104024782tmp

Host: Intel(R) Core(TM) i7-8550U CPU @ 1.80GHz, 8 cores, 7G, CentOS Linux release 7.7.1908 (Core)
Time: Sun Aug  2 10:49:19 2020 CDT elapsed time: 23 seconds (0d 0h 0m 23s)

---------------  T H R E A D  ---------------

Current thread (0x00007f4198165800):  VMThread "VM Thread" [stack: 0x00007f417c11c000,0x00007f417c21c000] [id=3023]

Stack: [0x00007f417c11c000,0x00007f417c21c000],  sp=0x00007f417c219f50,  free space=1015k
Native frames: (J=compiled Java code, A=aot compiled Java code, j=interpreted, Vv=VM code, C=native code)
V  [libjvm.so+0xe434e0]  VMError::report_and_die(int, char const*, char const*, __va_list_tag*, Thread*, unsigned char*, void*, void*, char const*, int, unsigned long)+0x310
V  [libjvm.so+0xe440ab]  VMError::report_and_die(Thread*, char const*, int, unsigned long, VMErrorType, char const*, __va_list_tag*)+0x2b
V  [libjvm.so+0x65d9e5]  report_vm_out_of_memory(char const*, int, unsigned long, VMErrorType, char const*, ...)+0xd5
V  [libjvm.so+0xbf8458]  os::pd_commit_memory_or_exit(char*, unsigned long, unsigned long, bool, char const*)+0x108
V  [libjvm.so+0xbefc3d]  os::commit_memory_or_exit(char*, unsigned long, unsigned long, bool, char const*)+0x1d
V  [libjvm.so+0x787a4c]  G1PageBasedVirtualSpace::commit_preferred_pages(unsigned long, unsigned long)+0x6c
V  [libjvm.so+0x787de4]  G1PageBasedVirtualSpace::commit(unsigned long, unsigned long)+0x154
V  [libjvm.so+0x795bb0]  G1RegionsLargerThanCommitSizeMapper::commit_regions(unsigned int, unsigned long, WorkGang*)+0x40
V  [libjvm.so+0x816d00]  HeapRegionManager::commit_regions(unsigned int, unsigned long, WorkGang*)+0x80
V  [libjvm.so+0x817a6f]  HeapRegionManager::make_regions_available(unsigned int, unsigned int, WorkGang*)+0x3f
V  [libjvm.so+0x817ff9]  HeapRegionManager::expand_at(unsigned int, unsigned int, WorkGang*)+0x119
V  [libjvm.so+0x73c440]  G1CollectedHeap::expand(unsigned long, WorkGang*, double*)+0xe0
V  [libjvm.so+0x740e12]  G1CollectedHeap::do_collection_pause_at_safepoint(double)+0xa22
V  [libjvm.so+0x7a9491]  VM_G1CollectForAllocation::doit()+0x81
V  [libjvm.so+0xe45ac7]  VM_Operation::evaluate()+0xe7
V  [libjvm.so+0xe4b96f]  VMThread::evaluate_operation(VM_Operation*) [clone .constprop.63]+0xff
V  [libjvm.so+0xe4beb1]  VMThread::loop()+0x3f1
V  [libjvm.so+0xe4c2e3]  VMThread::run()+0x73
V  [libjvm.so+0xdd19ff]  Thread::call_run()+0x16f
V  [libjvm.so+0xbfe18e]  thread_native_entry(Thread*)+0xee

VM_Operation (0x00007f41a074db50): G1CollectForAllocation, mode: safepoint, requested by thread 0x00007f4198011000


---------------  P R O C E S S  ---------------

Threads class SMR info:
_java_thread_list=0x00007f41180008c0, length=13, elements={
0x00007f4198011000, 0x00007f4198168800, 0x00007f419816a800, 0x00007f419816f800,
0x00007f4198172000, 0x00007f4198174000, 0x00007f4198176000, 0x00007f41981dc800,
0x00007f41981e1800, 0x00007f41987ff800, 0x00007f419881a000, 0x00007f419881f800,
0x00007f419881d800
}

Java Threads: ( => current thread )
  0x00007f4198011000 JavaThread "main" [_thread_blocked, id=3017, stack(0x00007f41a0651000,0x00007f41a0752000)]
  0x00007f4198168800 JavaThread "Reference Handler" daemon [_thread_blocked, id=3024, stack(0x00007f417c019000,0x00007f417c11a000)]
  0x00007f419816a800 JavaThread "Finalizer" daemon [_thread_blocked, id=3025, stack(0x00007f416d6ff000,0x00007f416d800000)]
  0x00007f419816f800 JavaThread "Signal Dispatcher" daemon [_thread_blocked, id=3026, stack(0x00007f416d5fe000,0x00007f416d6ff000)]
  0x00007f4198172000 JavaThread "C2 CompilerThread0" daemon [_thread_blocked, id=3027, stack(0x00007f416d4fd000,0x00007f416d5fe000)]
  0x00007f4198174000 JavaThread "C1 CompilerThread0" daemon [_thread_blocked, id=3028, stack(0x00007f416d3fc000,0x00007f416d4fd000)]
  0x00007f4198176000 JavaThread "Sweeper thread" daemon [_thread_blocked, id=3029, stack(0x00007f416d2fb000,0x00007f416d3fc000)]
  0x00007f41981dc800 JavaThread "Service Thread" daemon [_thread_blocked, id=3030, stack(0x00007f416d1fa000,0x00007f416d2fb000)]
  0x00007f41981e1800 JavaThread "Common-Cleaner" daemon [_thread_blocked, id=3032, stack(0x00007f416cff7000,0x00007f416d0f8000)]
  0x00007f41987ff800 JavaThread "MVStore background writer nio:/common/home/jjs/java-projects/diamond-javautil-2020-07/javautil-7/vending-sales-reporting/target/logdb.mv.db" daemon [_thread_blocked, id=3111, stack(0x00007f416c2c3000,0x00007f416c3c4000)]
  0x00007f419881a000 JavaThread "HikariPool-10 housekeeper" daemon [_thread_blocked, id=3113, stack(0x00007f416c4c6000,0x00007f416c5c7000)]
  0x00007f419881f800 JavaThread "MVStore background writer nio:/common/home/jjs/java-projects/diamond-javautil-2020-07/javautil-7/vending-sales-reporting/target/appdb.mv.db" daemon [_thread_blocked, id=3115, stack(0x00007f41517d5000,0x00007f41518d6000)]
  0x00007f419881d800 JavaThread "HikariPool-11 housekeeper" daemon [_thread_blocked, id=3116, stack(0x00007f416c7c7000,0x00007f416c8c8000)]

Other Threads:
=>0x00007f4198165800 VMThread "VM Thread" [stack: 0x00007f417c11c000,0x00007f417c21c000] [id=3023]
  0x00007f41981df000 WatcherThread [stack: 0x00007f416d0fa000,0x00007f416d1fa000] [id=3031]
  0x00007f419805f800 GCTaskThread "GC Thread#0" [stack: 0x00007f419c2a6000,0x00007f419c3a6000] [id=3018]
  0x00007f4164001000 GCTaskThread "GC Thread#1" [stack: 0x00007f416cacd000,0x00007f416cbcd000] [id=3033]
  0x00007f416401b000 GCTaskThread "GC Thread#2" [stack: 0x00007f416c3c6000,0x00007f416c4c6000] [id=3053]
  0x00007f41640b6000 GCTaskThread "GC Thread#3" [stack: 0x00007f41512d3000,0x00007f41513d3000] [id=3123]
  0x00007f41640de000 GCTaskThread "GC Thread#4" [stack: 0x00007f41511d1000,0x00007f41512d1000] [id=3131]
  0x00007f419806d000 ConcurrentGCThread "G1 Main Marker" [stack: 0x00007f419c1a4000,0x00007f419c2a4000] [id=3019]
  0x00007f419806f000 ConcurrentGCThread "G1 Conc#0" [stack: 0x00007f419c0a2000,0x00007f419c1a2000] [id=3020]
  0x00007f41980f4000 ConcurrentGCThread "G1 Refine#0" [stack: 0x00007f417c3a1000,0x00007f417c4a1000] [id=3021]
  0x00007f41980f6000 ConcurrentGCThread "G1 Young RemSet Sampling" [stack: 0x00007f417c29f000,0x00007f417c39f000] [id=3022]

Threads with active compile tasks:
C2 CompilerThread0  4053       4       org.h2.mvstore.db.TransactionStore$TransactionMap::trySet (283 bytes)

VM state:at safepoint (normal execution)

VM Mutex/Monitor currently owned by a thread:  ([mutex/lock_event])
[0x00007f419800de90] Threads_lock - owner thread: 0x00007f4198165800
[0x00007f419800e670] Heap_lock - owner thread: 0x00007f4198011000

Heap address: 0x0000000089c00000, size: 1892 MB, Compressed Oops mode: 32-bit
Narrow klass base: 0x0000000800000000, Narrow klass shift: 3
Compressed class space size: 1073741824 Address: 0x0000000801125000

Heap:
 garbage-first heap   total 657408K, used 25906K [0x0000000089c00000, 0x0000000100000000)
  region size 1024K, 1 young (1024K), 1 survivors (1024K)
 Metaspace       used 16513K, capacity 16834K, committed 17280K, reserved 1064960K
  class space    used 1522K, capacity 1625K, committed 1664K, reserved 1048576K
Heap Regions: E=young(eden), S=young(survivor), O=old, HS=humongous(starts), HC=humongous(continues), CS=collection set, F=free, A=archive, TAMS=top-at-mark-start (previous, next)
|   0|0x0000000089c00000, 0x0000000089d00000, 0x0000000089d00000|100%| O|  |TAMS 0x0000000089c00000, 0x0000000089c00000| Untracked 
|   1|0x0000000089d00000, 0x0000000089e00000, 0x0000000089e00000|100%|HS|  |TAMS 0x0000000089d00000, 0x0000000089d00000| Complete 
|   2|0x0000000089e00000, 0x0000000089f00000, 0x0000000089f00000|100%|HC|  |TAMS 0x0000000089e00000, 0x0000000089e00000| Complete 
|   3|0x0000000089f00000, 0x000000008a000000, 0x000000008a000000|100%| O|  |TAMS 0x0000000089f00000, 0x0000000089f00000| Untracked 
|   4|0x000000008a000000, 0x000000008a100000, 0x000000008a100000|100%| O|  |TAMS 0x000000008a000000, 0x000000008a000000| Untracked 
|   5|0x000000008a100000, 0x000000008a200000, 0x000000008a200000|100%|HS|  |TAMS 0x000000008a100000, 0x000000008a100000| Complete 
|   6|0x000000008a200000, 0x000000008a300000, 0x000000008a300000|100%|HC|  |TAMS 0x000000008a200000, 0x000000008a200000| Complete 
|   7|0x000000008a300000, 0x000000008a400000, 0x000000008a400000|100%| O|  |TAMS 0x000000008a300000, 0x000000008a300000| Untracked 
|   8|0x000000008a400000, 0x000000008a500000, 0x000000008a500000|100%| O|  |TAMS 0x000000008a400000, 0x000000008a400000| Untracked 
|   9|0x000000008a500000, 0x000000008a600000, 0x000000008a600000|100%| O|  |TAMS 0x000000008a500000, 0x000000008a500000| Untracked 
|  10|0x000000008a600000, 0x000000008a700000, 0x000000008a700000|100%| O|  |TAMS 0x000000008a600000, 0x000000008a600000| Untracked 
|  11|0x000000008a700000, 0x000000008a800000, 0x000000008a800000|100%| O|  |TAMS 0x000000008a700000, 0x000000008a700000| Untracked 
|  12|0x000000008a800000, 0x000000008a900000, 0x000000008a900000|100%|HS|  |TAMS 0x000000008a800000, 0x000000008a800000| Complete 
|  13|0x000000008a900000, 0x000000008aa00000, 0x000000008aa00000|100%|HC|  |TAMS 0x000000008a900000, 0x000000008a900000| Complete 
|  14|0x000000008aa00000, 0x000000008ab00000, 0x000000008ab00000|100%|HC|  |TAMS 0x000000008aa00000, 0x000000008aa00000| Complete 
|  15|0x000000008ab00000, 0x000000008ac00000, 0x000000008ac00000|100%| O|  |TAMS 0x000000008ab00000, 0x000000008ab00000| Untracked 
|  16|0x000000008ac00000, 0x000000008ad00000, 0x000000008ad00000|100%| O|  |TAMS 0x000000008ac00000, 0x000000008ac00000| Untracked 
|  17|0x000000008ad00000, 0x000000008ae00000, 0x000000008ae00000|100%| O|  |TAMS 0x000000008ad00000, 0x000000008ad00000| Untracked 
|  18|0x000000008ae00000, 0x000000008af00000, 0x000000008af00000|100%| O|  |TAMS 0x000000008ae00000, 0x000000008ae00000| Untracked 
|  19|0x000000008af00000, 0x000000008b000000, 0x000000008b000000|100%| O|  |TAMS 0x000000008af00000, 0x000000008af00000| Untracked 
|  20|0x000000008b000000, 0x000000008b100000, 0x000000008b100000|100%| O|  |TAMS 0x000000008b000000, 0x000000008b000000| Untracked 
|  21|0x000000008b100000, 0x000000008b200000, 0x000000008b200000|100%| O|  |TAMS 0x000000008b100000, 0x000000008b100000| Untracked 
|  22|0x000000008b200000, 0x000000008b300000, 0x000000008b300000|100%| O|  |TAMS 0x000000008b200000, 0x000000008b200000| Untracked 
|  23|0x000000008b300000, 0x000000008b400000, 0x000000008b400000|100%| O|  |TAMS 0x000000008b300000, 0x000000008b300000| Untracked 
|  24|0x000000008b400000, 0x000000008b45ec00, 0x000000008b500000| 37%| O|  |TAMS 0x000000008b400000, 0x000000008b400000| Untracked 
|  25|0x000000008b500000, 0x000000008b500000, 0x000000008b600000|  0%| F|  |TAMS 0x000000008b500000, 0x000000008b500000| Untracked 
|  26|0x000000008b600000, 0x000000008b600000, 0x000000008b700000|  0%| F|  |TAMS 0x000000008b600000, 0x000000008b600000| Untracked 
|  27|0x000000008b700000, 0x000000008b700000, 0x000000008b800000|  0%| F|  |TAMS 0x000000008b700000, 0x000000008b700000| Untracked 
|  28|0x000000008b800000, 0x000000008b800000, 0x000000008b900000|  0%| F|  |TAMS 0x000000008b800000, 0x000000008b800000| Untracked 
|  29|0x000000008b900000, 0x000000008b900000, 0x000000008ba00000|  0%| F|  |TAMS 0x000000008b900000, 0x000000008b900000| Untracked 
|  30|0x000000008ba00000, 0x000000008ba00000, 0x000000008bb00000|  0%| F|  |TAMS 0x000000008ba00000, 0x000000008ba00000| Untracked 
|  31|0x000000008bb00000, 0x000000008bb00000, 0x000000008bc00000|  0%| F|  |TAMS 0x000000008bb00000, 0x000000008bb00000| Untracked 
|  32|0x000000008bc00000, 0x000000008bc00000, 0x000000008bd00000|  0%| F|  |TAMS 0x000000008bc00000, 0x000000008bc00000| Untracked 
|  33|0x000000008bd00000, 0x000000008bd00000, 0x000000008be00000|  0%| F|  |TAMS 0x000000008bd00000, 0x000000008bd00000| Untracked 
|  34|0x000000008be00000, 0x000000008be00000, 0x000000008bf00000|  0%| F|  |TAMS 0x000000008be00000, 0x000000008be00000| Untracked 
|  35|0x000000008bf00000, 0x000000008bf00000, 0x000000008c000000|  0%| F|  |TAMS 0x000000008bf00000, 0x000000008bf00000| Untracked 
|  36|0x000000008c000000, 0x000000008c000000, 0x000000008c100000|  0%| F|  |TAMS 0x000000008c000000, 0x000000008c000000| Untracked 
|  37|0x000000008c100000, 0x000000008c100000, 0x000000008c200000|  0%| F|  |TAMS 0x000000008c100000, 0x000000008c100000| Untracked 
|  38|0x000000008c200000, 0x000000008c200000, 0x000000008c300000|  0%| F|  |TAMS 0x000000008c200000, 0x000000008c200000| Untracked 
|  39|0x000000008c300000, 0x000000008c300000, 0x000000008c400000|  0%| F|  |TAMS 0x000000008c300000, 0x000000008c300000| Untracked 
|  40|0x000000008c400000, 0x000000008c400000, 0x000000008c500000|  0%| F|  |TAMS 0x000000008c400000, 0x000000008c400000| Untracked 
|  41|0x000000008c500000, 0x000000008c500000, 0x000000008c600000|  0%| F|  |TAMS 0x000000008c500000, 0x000000008c500000| Untracked 
|  42|0x000000008c600000, 0x000000008c600000, 0x000000008c700000|  0%| F|  |TAMS 0x000000008c600000, 0x000000008c600000| Untracked 
|  43|0x000000008c700000, 0x000000008c700000, 0x000000008c800000|  0%| F|  |TAMS 0x000000008c700000, 0x000000008c700000| Untracked 
|  44|0x000000008c800000, 0x000000008c800000, 0x000000008c900000|  0%| F|  |TAMS 0x000000008c800000, 0x000000008c800000| Untracked 
|  45|0x000000008c900000, 0x000000008c900000, 0x000000008ca00000|  0%| F|  |TAMS 0x000000008c900000, 0x000000008c900000| Untracked 
|  46|0x000000008ca00000, 0x000000008ca00000, 0x000000008cb00000|  0%| F|  |TAMS 0x000000008ca00000, 0x000000008ca00000| Untracked 
|  47|0x000000008cb00000, 0x000000008cb00000, 0x000000008cc00000|  0%| F|  |TAMS 0x000000008cb00000, 0x000000008cb00000| Untracked 
|  48|0x000000008cc00000, 0x000000008cc00000, 0x000000008cd00000|  0%| F|  |TAMS 0x000000008cc00000, 0x000000008cc00000| Untracked 
|  49|0x000000008cd00000, 0x000000008cd00000, 0x000000008ce00000|  0%| F|  |TAMS 0x000000008cd00000, 0x000000008cd00000| Untracked 
|  50|0x000000008ce00000, 0x000000008ce00000, 0x000000008cf00000|  0%| F|  |TAMS 0x000000008ce00000, 0x000000008ce00000| Untracked 
|  51|0x000000008cf00000, 0x000000008cf00000, 0x000000008d000000|  0%| F|  |TAMS 0x000000008cf00000, 0x000000008cf00000| Untracked 
|  52|0x000000008d000000, 0x000000008d000000, 0x000000008d100000|  0%| F|  |TAMS 0x000000008d000000, 0x000000008d000000| Untracked 
|  53|0x000000008d100000, 0x000000008d100000, 0x000000008d200000|  0%| F|  |TAMS 0x000000008d100000, 0x000000008d100000| Untracked 
|  54|0x000000008d200000, 0x000000008d200000, 0x000000008d300000|  0%| F|  |TAMS 0x000000008d200000, 0x000000008d200000| Untracked 
|  55|0x000000008d300000, 0x000000008d300000, 0x000000008d400000|  0%| F|  |TAMS 0x000000008d300000, 0x000000008d300000| Untracked 
|  56|0x000000008d400000, 0x000000008d400000, 0x000000008d500000|  0%| F|  |TAMS 0x000000008d400000, 0x000000008d400000| Untracked 
|  57|0x000000008d500000, 0x000000008d500000, 0x000000008d600000|  0%| F|  |TAMS 0x000000008d500000, 0x000000008d500000| Untracked 
|  58|0x000000008d600000, 0x000000008d600000, 0x000000008d700000|  0%| F|  |TAMS 0x000000008d600000, 0x000000008d600000| Untracked 
|  59|0x000000008d700000, 0x000000008d700000, 0x000000008d800000|  0%| F|  |TAMS 0x000000008d700000, 0x000000008d700000| Untracked 
|  60|0x000000008d800000, 0x000000008d800000, 0x000000008d900000|  0%| F|  |TAMS 0x000000008d800000, 0x000000008d800000| Untracked 
|  61|0x000000008d900000, 0x000000008d900000, 0x000000008da00000|  0%| F|  |TAMS 0x000000008d900000, 0x000000008d900000| Untracked 
|  62|0x000000008da00000, 0x000000008da00000, 0x000000008db00000|  0%| F|  |TAMS 0x000000008da00000, 0x000000008da00000| Untracked 
|  63|0x000000008db00000, 0x000000008db00000, 0x000000008dc00000|  0%| F|  |TAMS 0x000000008db00000, 0x000000008db00000| Untracked 
|  64|0x000000008dc00000, 0x000000008dc00000, 0x000000008dd00000|  0%| F|  |TAMS 0x000000008dc00000, 0x000000008dc00000| Untracked 
|  65|0x000000008dd00000, 0x000000008dd00000, 0x000000008de00000|  0%| F|  |TAMS 0x000000008dd00000, 0x000000008dd00000| Untracked 
|  66|0x000000008de00000, 0x000000008de00000, 0x000000008df00000|  0%| F|  |TAMS 0x000000008de00000, 0x000000008de00000| Untracked 
|  67|0x000000008df00000, 0x000000008df00000, 0x000000008e000000|  0%| F|  |TAMS 0x000000008df00000, 0x000000008df00000| Untracked 
|  68|0x000000008e000000, 0x000000008e000000, 0x000000008e100000|  0%| F|  |TAMS 0x000000008e000000, 0x000000008e000000| Untracked 
|  69|0x000000008e100000, 0x000000008e100000, 0x000000008e200000|  0%| F|  |TAMS 0x000000008e100000, 0x000000008e100000| Untracked 
|  70|0x000000008e200000, 0x000000008e200000, 0x000000008e300000|  0%| F|  |TAMS 0x000000008e200000, 0x000000008e200000| Untracked 
|  71|0x000000008e300000, 0x000000008e300000, 0x000000008e400000|  0%| F|  |TAMS 0x000000008e300000, 0x000000008e300000| Untracked 
|  72|0x000000008e400000, 0x000000008e400000, 0x000000008e500000|  0%| F|  |TAMS 0x000000008e400000, 0x000000008e400000| Untracked 
|  73|0x000000008e500000, 0x000000008e500000, 0x000000008e600000|  0%| F|  |TAMS 0x000000008e500000, 0x000000008e500000| Untracked 
|  74|0x000000008e600000, 0x000000008e600000, 0x000000008e700000|  0%| F|  |TAMS 0x000000008e600000, 0x000000008e600000| Untracked 
|  75|0x000000008e700000, 0x000000008e700000, 0x000000008e800000|  0%| F|  |TAMS 0x000000008e700000, 0x000000008e700000| Untracked 
|  76|0x000000008e800000, 0x000000008e800000, 0x000000008e900000|  0%| F|  |TAMS 0x000000008e800000, 0x000000008e800000| Untracked 
|  77|0x000000008e900000, 0x000000008e900000, 0x000000008ea00000|  0%| F|  |TAMS 0x000000008e900000, 0x000000008e900000| Untracked 
|  78|0x000000008ea00000, 0x000000008ea00000, 0x000000008eb00000|  0%| F|  |TAMS 0x000000008ea00000, 0x000000008ea00000| Untracked 
|  79|0x000000008eb00000, 0x000000008eb00000, 0x000000008ec00000|  0%| F|  |TAMS 0x000000008eb00000, 0x000000008eb00000| Untracked 
|  80|0x000000008ec00000, 0x000000008ec00000, 0x000000008ed00000|  0%| F|  |TAMS 0x000000008ec00000, 0x000000008ec00000| Untracked 
|  81|0x000000008ed00000, 0x000000008ed00000, 0x000000008ee00000|  0%| F|  |TAMS 0x000000008ed00000, 0x000000008ed00000| Untracked 
|  82|0x000000008ee00000, 0x000000008ee00000, 0x000000008ef00000|  0%| F|  |TAMS 0x000000008ee00000, 0x000000008ee00000| Untracked 
|  83|0x000000008ef00000, 0x000000008ef00000, 0x000000008f000000|  0%| F|  |TAMS 0x000000008ef00000, 0x000000008ef00000| Untracked 
|  84|0x000000008f000000, 0x000000008f000000, 0x000000008f100000|  0%| F|  |TAMS 0x000000008f000000, 0x000000008f000000| Untracked 
|  85|0x000000008f100000, 0x000000008f100000, 0x000000008f200000|  0%| F|  |TAMS 0x000000008f100000, 0x000000008f100000| Untracked 
|  86|0x000000008f200000, 0x000000008f200000, 0x000000008f300000|  0%| F|  |TAMS 0x000000008f200000, 0x000000008f200000| Untracked 
|  87|0x000000008f300000, 0x000000008f300000, 0x000000008f400000|  0%| F|  |TAMS 0x000000008f300000, 0x000000008f300000| Untracked 
|  88|0x000000008f400000, 0x000000008f400000, 0x000000008f500000|  0%| F|  |TAMS 0x000000008f400000, 0x000000008f400000| Untracked 
|  89|0x000000008f500000, 0x000000008f500000, 0x000000008f600000|  0%| F|  |TAMS 0x000000008f500000, 0x000000008f500000| Untracked 
|  90|0x000000008f600000, 0x000000008f600000, 0x000000008f700000|  0%| F|  |TAMS 0x000000008f600000, 0x000000008f600000| Untracked 
|  91|0x000000008f700000, 0x000000008f700000, 0x000000008f800000|  0%| F|  |TAMS 0x000000008f700000, 0x000000008f700000| Untracked 
|  92|0x000000008f800000, 0x000000008f800000, 0x000000008f900000|  0%| F|  |TAMS 0x000000008f800000, 0x000000008f800000| Untracked 
|  93|0x000000008f900000, 0x000000008f900000, 0x000000008fa00000|  0%| F|  |TAMS 0x000000008f900000, 0x000000008f900000| Untracked 
|  94|0x000000008fa00000, 0x000000008fa00000, 0x000000008fb00000|  0%| F|  |TAMS 0x000000008fa00000, 0x000000008fa00000| Untracked 
|  95|0x000000008fb00000, 0x000000008fb00000, 0x000000008fc00000|  0%| F|  |TAMS 0x000000008fb00000, 0x000000008fb00000| Untracked 
|  96|0x000000008fc00000, 0x000000008fc00000, 0x000000008fd00000|  0%| F|  |TAMS 0x000000008fc00000, 0x000000008fc00000| Untracked 
|  97|0x000000008fd00000, 0x000000008fd00000, 0x000000008fe00000|  0%| F|  |TAMS 0x000000008fd00000, 0x000000008fd00000| Untracked 
|  98|0x000000008fe00000, 0x000000008fe00000, 0x000000008ff00000|  0%| F|  |TAMS 0x000000008fe00000, 0x000000008fe00000| Untracked 
|  99|0x000000008ff00000, 0x000000008ff00000, 0x0000000090000000|  0%| F|  |TAMS 0x000000008ff00000, 0x000000008ff00000| Untracked 
| 100|0x0000000090000000, 0x0000000090000000, 0x0000000090100000|  0%| F|  |TAMS 0x0000000090000000, 0x0000000090000000| Untracked 
| 101|0x0000000090100000, 0x0000000090100000, 0x0000000090200000|  0%| F|  |TAMS 0x0000000090100000, 0x0000000090100000| Untracked 
| 102|0x0000000090200000, 0x0000000090200000, 0x0000000090300000|  0%| F|  |TAMS 0x0000000090200000, 0x0000000090200000| Untracked 
| 103|0x0000000090300000, 0x0000000090300000, 0x0000000090400000|  0%| F|  |TAMS 0x0000000090300000, 0x0000000090300000| Untracked 
| 104|0x0000000090400000, 0x0000000090400000, 0x0000000090500000|  0%| F|  |TAMS 0x0000000090400000, 0x0000000090400000| Untracked 
| 105|0x0000000090500000, 0x0000000090500000, 0x0000000090600000|  0%| F|  |TAMS 0x0000000090500000, 0x0000000090500000| Untracked 
| 106|0x0000000090600000, 0x0000000090600000, 0x0000000090700000|  0%| F|  |TAMS 0x0000000090600000, 0x0000000090600000| Untracked 
| 107|0x0000000090700000, 0x0000000090700000, 0x0000000090800000|  0%| F|  |TAMS 0x0000000090700000, 0x0000000090700000| Untracked 
| 108|0x0000000090800000, 0x0000000090800000, 0x0000000090900000|  0%| F|  |TAMS 0x0000000090800000, 0x0000000090800000| Untracked 
| 109|0x0000000090900000, 0x0000000090900000, 0x0000000090a00000|  0%| F|  |TAMS 0x0000000090900000, 0x0000000090900000| Untracked 
| 110|0x0000000090a00000, 0x0000000090a00000, 0x0000000090b00000|  0%| F|  |TAMS 0x0000000090a00000, 0x0000000090a00000| Untracked 
| 111|0x0000000090b00000, 0x0000000090b00000, 0x0000000090c00000|  0%| F|  |TAMS 0x0000000090b00000, 0x0000000090b00000| Untracked 
| 112|0x0000000090c00000, 0x0000000090c00000, 0x0000000090d00000|  0%| F|  |TAMS 0x0000000090c00000, 0x0000000090c00000| Untracked 
| 113|0x0000000090d00000, 0x0000000090d00000, 0x0000000090e00000|  0%| F|  |TAMS 0x0000000090d00000, 0x0000000090d00000| Untracked 
| 114|0x0000000090e00000, 0x0000000090e00000, 0x0000000090f00000|  0%| F|  |TAMS 0x0000000090e00000, 0x0000000090e00000| Untracked 
| 115|0x0000000090f00000, 0x0000000090f00000, 0x0000000091000000|  0%| F|  |TAMS 0x0000000090f00000, 0x0000000090f00000| Untracked 
| 116|0x0000000091000000, 0x0000000091000000, 0x0000000091100000|  0%| F|  |TAMS 0x0000000091000000, 0x0000000091000000| Untracked 
| 117|0x0000000091100000, 0x0000000091100000, 0x0000000091200000|  0%| F|  |TAMS 0x0000000091100000, 0x0000000091100000| Untracked 
| 118|0x0000000091200000, 0x0000000091200000, 0x0000000091300000|  0%| F|  |TAMS 0x0000000091200000, 0x0000000091200000| Untracked 
| 119|0x0000000091300000, 0x0000000091300000, 0x0000000091400000|  0%| F|  |TAMS 0x0000000091300000, 0x0000000091300000| Untracked 
| 120|0x0000000091400000, 0x0000000091400000, 0x0000000091500000|  0%| F|  |TAMS 0x0000000091400000, 0x0000000091400000| Untracked 
| 121|0x0000000091500000, 0x0000000091500000, 0x0000000091600000|  0%| F|  |TAMS 0x0000000091500000, 0x0000000091500000| Untracked 
| 122|0x0000000091600000, 0x0000000091600000, 0x0000000091700000|  0%| F|  |TAMS 0x0000000091600000, 0x0000000091600000| Untracked 
| 123|0x0000000091700000, 0x0000000091700000, 0x0000000091800000|  0%| F|  |TAMS 0x0000000091700000, 0x0000000091700000| Untracked 
| 124|0x0000000091800000, 0x0000000091800000, 0x0000000091900000|  0%| F|  |TAMS 0x0000000091800000, 0x0000000091800000| Untracked 
| 125|0x0000000091900000, 0x0000000091900000, 0x0000000091a00000|  0%| F|  |TAMS 0x0000000091900000, 0x0000000091900000| Untracked 
| 126|0x0000000091a00000, 0x0000000091a00000, 0x0000000091b00000|  0%| F|  |TAMS 0x0000000091a00000, 0x0000000091a00000| Untracked 
| 127|0x0000000091b00000, 0x0000000091b00000, 0x0000000091c00000|  0%| F|  |TAMS 0x0000000091b00000, 0x0000000091b00000| Untracked 
| 128|0x0000000091c00000, 0x0000000091c00000, 0x0000000091d00000|  0%| F|  |TAMS 0x0000000091c00000, 0x0000000091c00000| Untracked 
| 129|0x0000000091d00000, 0x0000000091d00000, 0x0000000091e00000|  0%| F|  |TAMS 0x0000000091d00000, 0x0000000091d00000| Untracked 
| 130|0x0000000091e00000, 0x0000000091e00000, 0x0000000091f00000|  0%| F|  |TAMS 0x0000000091e00000, 0x0000000091e00000| Untracked 
| 131|0x0000000091f00000, 0x0000000091f00000, 0x0000000092000000|  0%| F|  |TAMS 0x0000000091f00000, 0x0000000091f00000| Untracked 
| 132|0x0000000092000000, 0x0000000092000000, 0x0000000092100000|  0%| F|  |TAMS 0x0000000092000000, 0x0000000092000000| Untracked 
| 133|0x0000000092100000, 0x0000000092100000, 0x0000000092200000|  0%| F|  |TAMS 0x0000000092100000, 0x0000000092100000| Untracked 
| 134|0x0000000092200000, 0x0000000092200000, 0x0000000092300000|  0%| F|  |TAMS 0x0000000092200000, 0x0000000092200000| Untracked 
| 135|0x0000000092300000, 0x0000000092300000, 0x0000000092400000|  0%| F|  |TAMS 0x0000000092300000, 0x0000000092300000| Untracked 
| 136|0x0000000092400000, 0x0000000092400000, 0x0000000092500000|  0%| F|  |TAMS 0x0000000092400000, 0x0000000092400000| Untracked 
| 137|0x0000000092500000, 0x0000000092500000, 0x0000000092600000|  0%| F|  |TAMS 0x0000000092500000, 0x0000000092500000| Untracked 
| 138|0x0000000092600000, 0x0000000092600000, 0x0000000092700000|  0%| F|  |TAMS 0x0000000092600000, 0x0000000092600000| Untracked 
| 139|0x0000000092700000, 0x0000000092700000, 0x0000000092800000|  0%| F|  |TAMS 0x0000000092700000, 0x0000000092700000| Untracked 
| 140|0x0000000092800000, 0x0000000092800000, 0x0000000092900000|  0%| F|  |TAMS 0x0000000092800000, 0x0000000092800000| Untracked 
| 141|0x0000000092900000, 0x0000000092900000, 0x0000000092a00000|  0%| F|  |TAMS 0x0000000092900000, 0x0000000092900000| Untracked 
| 142|0x0000000092a00000, 0x0000000092a00000, 0x0000000092b00000|  0%| F|  |TAMS 0x0000000092a00000, 0x0000000092a00000| Untracked 
| 143|0x0000000092b00000, 0x0000000092b00000, 0x0000000092c00000|  0%| F|  |TAMS 0x0000000092b00000, 0x0000000092b00000| Untracked 
| 144|0x0000000092c00000, 0x0000000092c00000, 0x0000000092d00000|  0%| F|  |TAMS 0x0000000092c00000, 0x0000000092c00000| Untracked 
| 145|0x0000000092d00000, 0x0000000092d00000, 0x0000000092e00000|  0%| F|  |TAMS 0x0000000092d00000, 0x0000000092d00000| Untracked 
| 146|0x0000000092e00000, 0x0000000092e00000, 0x0000000092f00000|  0%| F|  |TAMS 0x0000000092e00000, 0x0000000092e00000| Untracked 
| 147|0x0000000092f00000, 0x0000000092f00000, 0x0000000093000000|  0%| F|  |TAMS 0x0000000092f00000, 0x0000000092f00000| Untracked 
| 148|0x0000000093000000, 0x0000000093000000, 0x0000000093100000|  0%| F|  |TAMS 0x0000000093000000, 0x0000000093000000| Untracked 
| 149|0x0000000093100000, 0x0000000093100000, 0x0000000093200000|  0%| F|  |TAMS 0x0000000093100000, 0x0000000093100000| Untracked 
| 150|0x0000000093200000, 0x0000000093200000, 0x0000000093300000|  0%| F|  |TAMS 0x0000000093200000, 0x0000000093200000| Untracked 
| 151|0x0000000093300000, 0x0000000093300000, 0x0000000093400000|  0%| F|  |TAMS 0x0000000093300000, 0x0000000093300000| Untracked 
| 152|0x0000000093400000, 0x0000000093400000, 0x0000000093500000|  0%| F|  |TAMS 0x0000000093400000, 0x0000000093400000| Untracked 
| 153|0x0000000093500000, 0x0000000093500000, 0x0000000093600000|  0%| F|  |TAMS 0x0000000093500000, 0x0000000093500000| Untracked 
| 154|0x0000000093600000, 0x0000000093600000, 0x0000000093700000|  0%| F|  |TAMS 0x0000000093600000, 0x0000000093600000| Untracked 
| 155|0x0000000093700000, 0x0000000093700000, 0x0000000093800000|  0%| F|  |TAMS 0x0000000093700000, 0x0000000093700000| Untracked 
| 156|0x0000000093800000, 0x0000000093800000, 0x0000000093900000|  0%| F|  |TAMS 0x0000000093800000, 0x0000000093800000| Untracked 
| 157|0x0000000093900000, 0x0000000093900000, 0x0000000093a00000|  0%| F|  |TAMS 0x0000000093900000, 0x0000000093900000| Untracked 
| 158|0x0000000093a00000, 0x0000000093a00000, 0x0000000093b00000|  0%| F|  |TAMS 0x0000000093a00000, 0x0000000093a00000| Untracked 
| 159|0x0000000093b00000, 0x0000000093b00000, 0x0000000093c00000|  0%| F|  |TAMS 0x0000000093b00000, 0x0000000093b00000| Untracked 
| 160|0x0000000093c00000, 0x0000000093c00000, 0x0000000093d00000|  0%| F|  |TAMS 0x0000000093c00000, 0x0000000093c00000| Untracked 
| 161|0x0000000093d00000, 0x0000000093d00000, 0x0000000093e00000|  0%| F|  |TAMS 0x0000000093d00000, 0x0000000093d00000| Untracked 
| 162|0x0000000093e00000, 0x0000000093e00000, 0x0000000093f00000|  0%| F|  |TAMS 0x0000000093e00000, 0x0000000093e00000| Untracked 
| 163|0x0000000093f00000, 0x0000000093f00000, 0x0000000094000000|  0%| F|  |TAMS 0x0000000093f00000, 0x0000000093f00000| Untracked 
| 164|0x0000000094000000, 0x0000000094000000, 0x0000000094100000|  0%| F|  |TAMS 0x0000000094000000, 0x0000000094000000| Untracked 
| 165|0x0000000094100000, 0x0000000094100000, 0x0000000094200000|  0%| F|  |TAMS 0x0000000094100000, 0x0000000094100000| Untracked 
| 166|0x0000000094200000, 0x0000000094200000, 0x0000000094300000|  0%| F|  |TAMS 0x0000000094200000, 0x0000000094200000| Untracked 
| 167|0x0000000094300000, 0x0000000094300000, 0x0000000094400000|  0%| F|  |TAMS 0x0000000094300000, 0x0000000094300000| Untracked 
| 168|0x0000000094400000, 0x0000000094400000, 0x0000000094500000|  0%| F|  |TAMS 0x0000000094400000, 0x0000000094400000| Untracked 
| 169|0x0000000094500000, 0x0000000094500000, 0x0000000094600000|  0%| F|  |TAMS 0x0000000094500000, 0x0000000094500000| Untracked 
| 170|0x0000000094600000, 0x0000000094600000, 0x0000000094700000|  0%| F|  |TAMS 0x0000000094600000, 0x0000000094600000| Untracked 
| 171|0x0000000094700000, 0x0000000094700000, 0x0000000094800000|  0%| F|  |TAMS 0x0000000094700000, 0x0000000094700000| Untracked 
| 172|0x0000000094800000, 0x0000000094800000, 0x0000000094900000|  0%| F|  |TAMS 0x0000000094800000, 0x0000000094800000| Untracked 
| 173|0x0000000094900000, 0x0000000094900000, 0x0000000094a00000|  0%| F|  |TAMS 0x0000000094900000, 0x0000000094900000| Untracked 
| 174|0x0000000094a00000, 0x0000000094a00000, 0x0000000094b00000|  0%| F|  |TAMS 0x0000000094a00000, 0x0000000094a00000| Untracked 
| 175|0x0000000094b00000, 0x0000000094b00000, 0x0000000094c00000|  0%| F|  |TAMS 0x0000000094b00000, 0x0000000094b00000| Untracked 
| 176|0x0000000094c00000, 0x0000000094c00000, 0x0000000094d00000|  0%| F|  |TAMS 0x0000000094c00000, 0x0000000094c00000| Untracked 
| 177|0x0000000094d00000, 0x0000000094d00000, 0x0000000094e00000|  0%| F|  |TAMS 0x0000000094d00000, 0x0000000094d00000| Untracked 
| 178|0x0000000094e00000, 0x0000000094e00000, 0x0000000094f00000|  0%| F|  |TAMS 0x0000000094e00000, 0x0000000094e00000| Untracked 
| 179|0x0000000094f00000, 0x0000000094f00000, 0x0000000095000000|  0%| F|  |TAMS 0x0000000094f00000, 0x0000000094f00000| Untracked 
| 180|0x0000000095000000, 0x0000000095000000, 0x0000000095100000|  0%| F|  |TAMS 0x0000000095000000, 0x0000000095000000| Untracked 
| 181|0x0000000095100000, 0x0000000095100000, 0x0000000095200000|  0%| F|  |TAMS 0x0000000095100000, 0x0000000095100000| Untracked 
| 182|0x0000000095200000, 0x0000000095200000, 0x0000000095300000|  0%| F|  |TAMS 0x0000000095200000, 0x0000000095200000| Untracked 
| 183|0x0000000095300000, 0x0000000095300000, 0x0000000095400000|  0%| F|  |TAMS 0x0000000095300000, 0x0000000095300000| Untracked 
| 184|0x0000000095400000, 0x0000000095400000, 0x0000000095500000|  0%| F|  |TAMS 0x0000000095400000, 0x0000000095400000| Untracked 
| 185|0x0000000095500000, 0x0000000095500000, 0x0000000095600000|  0%| F|  |TAMS 0x0000000095500000, 0x0000000095500000| Untracked 
| 186|0x0000000095600000, 0x0000000095600000, 0x0000000095700000|  0%| F|  |TAMS 0x0000000095600000, 0x0000000095600000| Untracked 
| 187|0x0000000095700000, 0x0000000095700000, 0x0000000095800000|  0%| F|  |TAMS 0x0000000095700000, 0x0000000095700000| Untracked 
| 188|0x0000000095800000, 0x0000000095800000, 0x0000000095900000|  0%| F|  |TAMS 0x0000000095800000, 0x0000000095800000| Untracked 
| 189|0x0000000095900000, 0x0000000095900000, 0x0000000095a00000|  0%| F|  |TAMS 0x0000000095900000, 0x0000000095900000| Untracked 
| 190|0x0000000095a00000, 0x0000000095a00000, 0x0000000095b00000|  0%| F|  |TAMS 0x0000000095a00000, 0x0000000095a00000| Untracked 
| 191|0x0000000095b00000, 0x0000000095b00000, 0x0000000095c00000|  0%| F|  |TAMS 0x0000000095b00000, 0x0000000095b00000| Untracked 
| 192|0x0000000095c00000, 0x0000000095c34fa8, 0x0000000095d00000| 20%| S|CS|TAMS 0x0000000095c00000, 0x0000000095c00000| Complete 
| 193|0x0000000095d00000, 0x0000000095d00000, 0x0000000095e00000|  0%| F|  |TAMS 0x0000000095d00000, 0x0000000095d00000| Untracked 
| 194|0x0000000095e00000, 0x0000000095e00000, 0x0000000095f00000|  0%| F|  |TAMS 0x0000000095e00000, 0x0000000095e00000| Untracked 
| 195|0x0000000095f00000, 0x0000000095f00000, 0x0000000096000000|  0%| F|  |TAMS 0x0000000095f00000, 0x0000000095f00000| Untracked 
| 196|0x0000000096000000, 0x0000000096000000, 0x0000000096100000|  0%| F|  |TAMS 0x0000000096000000, 0x0000000096000000| Untracked 
| 197|0x0000000096100000, 0x0000000096100000, 0x0000000096200000|  0%| F|  |TAMS 0x0000000096100000, 0x0000000096100000| Untracked 
| 198|0x0000000096200000, 0x0000000096200000, 0x0000000096300000|  0%| F|  |TAMS 0x0000000096200000, 0x0000000096200000| Untracked 
| 199|0x0000000096300000, 0x0000000096300000, 0x0000000096400000|  0%| F|  |TAMS 0x0000000096300000, 0x0000000096300000| Untracked 
| 200|0x0000000096400000, 0x0000000096400000, 0x0000000096500000|  0%| F|  |TAMS 0x0000000096400000, 0x0000000096400000| Untracked 
| 201|0x0000000096500000, 0x0000000096500000, 0x0000000096600000|  0%| F|  |TAMS 0x0000000096500000, 0x0000000096500000| Untracked 
| 202|0x0000000096600000, 0x0000000096600000, 0x0000000096700000|  0%| F|  |TAMS 0x0000000096600000, 0x0000000096600000| Untracked 
| 203|0x0000000096700000, 0x0000000096700000, 0x0000000096800000|  0%| F|  |TAMS 0x0000000096700000, 0x0000000096700000| Untracked 
| 204|0x0000000096800000, 0x0000000096800000, 0x0000000096900000|  0%| F|  |TAMS 0x0000000096800000, 0x0000000096800000| Untracked 
| 205|0x0000000096900000, 0x0000000096900000, 0x0000000096a00000|  0%| F|  |TAMS 0x0000000096900000, 0x0000000096900000| Untracked 
| 206|0x0000000096a00000, 0x0000000096a00000, 0x0000000096b00000|  0%| F|  |TAMS 0x0000000096a00000, 0x0000000096a00000| Untracked 
| 207|0x0000000096b00000, 0x0000000096b00000, 0x0000000096c00000|  0%| F|  |TAMS 0x0000000096b00000, 0x0000000096b00000| Untracked 
| 208|0x0000000096c00000, 0x0000000096c00000, 0x0000000096d00000|  0%| F|  |TAMS 0x0000000096c00000, 0x0000000096c00000| Untracked 
| 209|0x0000000096d00000, 0x0000000096d00000, 0x0000000096e00000|  0%| F|  |TAMS 0x0000000096d00000, 0x0000000096d00000| Untracked 
| 210|0x0000000096e00000, 0x0000000096e00000, 0x0000000096f00000|  0%| F|  |TAMS 0x0000000096e00000, 0x0000000096e00000| Untracked 
| 211|0x0000000096f00000, 0x0000000096f00000, 0x0000000097000000|  0%| F|  |TAMS 0x0000000096f00000, 0x0000000096f00000| Untracked 
|1890|0x00000000ffe00000, 0x00000000ffe47000, 0x00000000fff00000| 27%|OA|  |TAMS 0x00000000ffe00000, 0x00000000ffe00000| Untracked 
|1891|0x00000000fff00000, 0x00000000fff72000, 0x0000000100000000| 44%|CA|  |TAMS 0x00000000fff00000, 0x00000000fff00000| Untracked 

Card table byte_map: [0x00007f419c3a6000,0x00007f419c758000] _byte_map_base: 0x00007f419bf58000

Marking Bits (Prev, Next): (CMBitMap*) 0x00007f4198060f38, (CMBitMap*) 0x00007f4198060f78
 Prev Bits: [0x00007f417ea39000, 0x00007f41807c9000)
 Next Bits: [0x00007f417cca9000, 0x00007f417ea39000)

Polling page: 0x00007f41a0775000

Metaspace:

Usage:
  Non-class:     14.85 MB capacity,    14.64 MB ( 99%) used,   192.06 KB (  1%) free+waste,    25.81 KB ( <1%) overhead. 
      Class:      1.59 MB capacity,     1.49 MB ( 94%) used,    91.96 KB (  6%) free+waste,    10.88 KB ( <1%) overhead. 
       Both:     16.44 MB capacity,    16.13 MB ( 98%) used,   284.02 KB (  2%) free+waste,    36.69 KB ( <1%) overhead. 

Virtual space:
  Non-class space:       16.00 MB reserved,      15.25 MB ( 95%) committed 
      Class space:        1.00 GB reserved,       1.62 MB ( <1%) committed 
             Both:        1.02 GB reserved,      16.88 MB (  2%) committed 

Chunk freelists:
   Non-Class:  32.38 KB
       Class:  2.38 KB
        Both:  34.75 KB

CodeHeap 'non-profiled nmethods': size=120032Kb used=2591Kb max_used=2591Kb free=117440Kb
 bounds [0x00007f4188643000, 0x00007f41888d3000, 0x00007f418fb7b000]
CodeHeap 'profiled nmethods': size=120028Kb used=8681Kb max_used=8753Kb free=111346Kb
 bounds [0x00007f418110c000, 0x00007f41819ac000, 0x00007f4188643000]
CodeHeap 'non-nmethods': size=5700Kb used=1205Kb max_used=1218Kb free=4494Kb
 bounds [0x00007f4180b7b000, 0x00007f4180deb000, 0x00007f418110c000]
 total_blobs=6027 nmethods=3638 adapters=419
 compilation: enabled
              stopped_count=0, restarted_count=0
 full_count=0

Compilation events (10 events):
Event: 21.745 Thread 0x00007f4198174000 4371       2       org.h2.index.IndexCondition::isEnd (52 bytes)
Event: 21.745 Thread 0x00007f4198174000 nmethod 4371 0x00007f4181159b90 code [0x00007f4181159d40, 0x00007f4181159ef0]
Event: 21.745 Thread 0x00007f4198174000 4372       2       org.h2.index.IndexCursor::canUseIndexFor (38 bytes)
Event: 21.764 Thread 0x00007f4198174000 nmethod 4372 0x00007f4181159690 code [0x00007f4181159840, 0x00007f4181159a70]
Event: 21.811 Thread 0x00007f4198174000 4373       2       org.h2.expression.ConditionExists::getValue (34 bytes)
Event: 21.830 Thread 0x00007f4198174000 nmethod 4373 0x00007f4181159090 code [0x00007f4181159280, 0x00007f4181159508]
Event: 21.830 Thread 0x00007f4198174000 4374       2       org.h2.command.dml.Query::sameResultAsLast (153 bytes)
Event: 21.844 Thread 0x00007f4198174000 nmethod 4374 0x00007f4181158090 code [0x00007f4181158300, 0x00007f4181158b88]
Event: 21.845 Thread 0x00007f4198174000 4375       2       org.h2.result.LocalResult::needToClose (13 bytes)
Event: 21.845 Thread 0x00007f4198174000 nmethod 4375 0x00007f4181157c90 code [0x00007f4181157e40, 0x00007f4181157fd0]

GC Heap History (10 events):
Event: 21.759 GC heap after
{Heap after GC invocations=23 (full 0):
 garbage-first heap   total 219136K, used 25900K [0x0000000089c00000, 0x0000000100000000)
  region size 1024K, 1 young (1024K), 1 survivors (1024K)
 Metaspace       used 16510K, capacity 16834K, committed 17280K, reserved 1064960K
  class space    used 1522K, capacity 1625K, committed 1664K, reserved 1048576K
}
Event: 21.878 GC heap before
{Heap before GC invocations=23 (full 0):
 garbage-first heap   total 219136K, used 35116K [0x0000000089c00000, 0x0000000100000000)
  region size 1024K, 10 young (10240K), 1 survivors (1024K)
 Metaspace       used 16513K, capacity 16834K, committed 17280K, reserved 1064960K
  class space    used 1522K, capacity 1625K, committed 1664K, reserved 1048576K
}
Event: 21.921 GC heap after
{Heap after GC invocations=24 (full 0):
 garbage-first heap   total 219136K, used 25872K [0x0000000089c00000, 0x0000000100000000)
  region size 1024K, 1 young (1024K), 1 survivors (1024K)
 Metaspace       used 16513K, capacity 16834K, committed 17280K, reserved 1064960K
  class space    used 1522K, capacity 1625K, committed 1664K, reserved 1048576K
}
Event: 22.028 GC heap before
{Heap before GC invocations=24 (full 0):
 garbage-first heap   total 219136K, used 35088K [0x0000000089c00000, 0x0000000100000000)
  region size 1024K, 10 young (10240K), 1 survivors (1024K)
 Metaspace       used 16513K, capacity 16834K, committed 17280K, reserved 1064960K
  class space    used 1522K, capacity 1625K, committed 1664K, reserved 1048576K
}
Event: 22.049 GC heap after
{Heap after GC invocations=25 (full 0):
 garbage-first heap   total 219136K, used 25876K [0x0000000089c00000, 0x0000000100000000)
  region size 1024K, 1 young (1024K), 1 survivors (1024K)
 Metaspace       used 16513K, capacity 16834K, committed 17280K, reserved 1064960K
  class space    used 1522K, capacity 1625K, committed 1664K, reserved 1048576K
}
Event: 22.151 GC heap before
{Heap before GC invocations=25 (full 0):
 garbage-first heap   total 219136K, used 35092K [0x0000000089c00000, 0x0000000100000000)
  region size 1024K, 10 young (10240K), 1 survivors (1024K)
 Metaspace       used 16513K, capacity 16834K, committed 17280K, reserved 1064960K
  class space    used 1522K, capacity 1625K, committed 1664K, reserved 1048576K
}
Event: 22.153 GC heap after
{Heap after GC invocations=26 (full 0):
 garbage-first heap   total 219136K, used 25881K [0x0000000089c00000, 0x0000000100000000)
  region size 1024K, 1 young (1024K), 1 survivors (1024K)
 Metaspace       used 16513K, capacity 16834K, committed 17280K, reserved 1064960K
  class space    used 1522K, capacity 1625K, committed 1664K, reserved 1048576K
}
Event: 22.425 GC heap before
{Heap before GC invocations=26 (full 0):
 garbage-first heap   total 219136K, used 35097K [0x0000000089c00000, 0x0000000100000000)
  region size 1024K, 10 young (10240K), 1 survivors (1024K)
 Metaspace       used 16513K, capacity 16834K, committed 17280K, reserved 1064960K
  class space    used 1522K, capacity 1625K, committed 1664K, reserved 1048576K
}
Event: 22.566 GC heap after
{Heap after GC invocations=27 (full 0):
 garbage-first heap   total 219136K, used 25884K [0x0000000089c00000, 0x0000000100000000)
  region size 1024K, 1 young (1024K), 1 survivors (1024K)
 Metaspace       used 16513K, capacity 16834K, committed 17280K, reserved 1064960K
  class space    used 1522K, capacity 1625K, committed 1664K, reserved 1048576K
}
Event: 23.006 GC heap before
{Heap before GC invocations=27 (full 0):
 garbage-first heap   total 219136K, used 44316K [0x0000000089c00000, 0x0000000100000000)
  region size 1024K, 19 young (19456K), 1 survivors (1024K)
 Metaspace       used 16513K, capacity 16834K, committed 17280K, reserved 1064960K
  class space    used 1522K, capacity 1625K, committed 1664K, reserved 1048576K
}

Deoptimization events (10 events):
Event: 14.424 Thread 0x00007f4198011000 Uncommon trap: reason=class_check action=maybe_recompile pc=0x00007f418882028c method=org.h2.mvstore.type.ObjectDataType$LongType.compare(Ljava/lang/Object;Ljava/lang/Object;)I @ 1 c2
Event: 14.424 Thread 0x00007f4198011000 Uncommon trap: reason=class_check action=maybe_recompile pc=0x00007f4188820274 method=org.h2.mvstore.type.ObjectDataType.compare(Ljava/lang/Object;Ljava/lang/Object;)I @ 6 c2
Event: 14.424 Thread 0x00007f4198011000 Uncommon trap: reason=class_check action=maybe_recompile pc=0x00007f4188820274 method=org.h2.mvstore.type.ObjectDataType.compare(Ljava/lang/Object;Ljava/lang/Object;)I @ 6 c2
Event: 14.424 Thread 0x00007f4198011000 Uncommon trap: reason=class_check action=maybe_recompile pc=0x00007f418882028c method=org.h2.mvstore.type.ObjectDataType$LongType.compare(Ljava/lang/Object;Ljava/lang/Object;)I @ 1 c2
Event: 14.424 Thread 0x00007f4198011000 Uncommon trap: reason=class_check action=maybe_recompile pc=0x00007f4188820274 method=org.h2.mvstore.type.ObjectDataType.compare(Ljava/lang/Object;Ljava/lang/Object;)I @ 6 c2
Event: 14.424 Thread 0x00007f4198011000 Uncommon trap: reason=class_check action=maybe_recompile pc=0x00007f4188825e64 method=org.h2.mvstore.type.ObjectDataType$LongType.compare(Ljava/lang/Object;Ljava/lang/Object;)I @ 1 c2
Event: 14.424 Thread 0x00007f4198011000 Uncommon trap: reason=class_check action=maybe_recompile pc=0x00007f4188825e64 method=org.h2.mvstore.type.ObjectDataType$LongType.compare(Ljava/lang/Object;Ljava/lang/Object;)I @ 1 c2
Event: 14.424 Thread 0x00007f4198011000 Uncommon trap: reason=class_check action=maybe_recompile pc=0x00007f418882fdc8 method=org.javautil.sql.SqlStatement.bind(Lorg/javautil/sql/Binds;Ljava/lang/String;)Ljava/sql/PreparedStatement; @ 403 c2
Event: 14.508 Thread 0x00007f419881f800 Uncommon trap: reason=uninitialized action=reinterpret pc=0x00007f4188838ca4 method=org.h2.mvstore.db.ValueDataType.writeValue(Lorg/h2/mvstore/WriteBuffer;Lorg/h2/value/Value;)V @ 1032 c2
Event: 15.204 Thread 0x00007f4198011000 Uncommon trap: reason=unstable_if action=reinterpret pc=0x00007f41887c67f0 method=org.h2.mvstore.cache.CacheLongKeyLIRS$Segment.get(JI)Ljava/lang/Object; @ 90 c2

Classes redefined (0 events):
No events

Internal exceptions (10 events):
Event: 0.454 Thread 0x00007f4198011000 Exception <a 'java/lang/ClassNotFoundException'{0x00000000909b7760}: org/apache/log4j/LayoutBeanInfo> (0x00000000909b7760) thrown at [/scratch/opt/mach5/mesos/work_dir/slaves/2dd962d0-8988-479b-a804-57ab764ada59-S1245/frameworks/1735e8a2-a1db-478c-8104-60
Event: 0.455 Thread 0x00007f4198011000 Exception <a 'java/lang/ClassNotFoundException'{0x00000000909c05e8}: org/apache/log4j/LayoutCustomizer> (0x00000000909c05e8) thrown at [/scratch/opt/mach5/mesos/work_dir/slaves/2dd962d0-8988-479b-a804-57ab764ada59-S1245/frameworks/1735e8a2-a1db-478c-8104-
Event: 0.455 Thread 0x00007f4198011000 Exception <a 'java/lang/ClassNotFoundException'{0x00000000909cdad8}: org/apache/log4j/PatternLayoutCustomizer> (0x00000000909cdad8) thrown at [/scratch/opt/mach5/mesos/work_dir/slaves/2dd962d0-8988-479b-a804-57ab764ada59-S1245/frameworks/1735e8a2-a1db-478
Event: 0.534 Thread 0x00007f4198011000 Implicit null exception at 0x00007f4188680605 to 0x00007f41886807ca
Event: 5.694 Thread 0x00007f4198011000 Exception <a 'java/lang/NoSuchMethodError'{0x000000009163db48}: java.lang.invoke.DirectMethodHandle$Holder.invokeStaticInit(Ljava/lang/Object;Ljava/lang/Object;Ljava/lang/Object;Ljava/lang/Object;)Ljava/lang/Object;> (0x000000009163db48) thrown at [/scrat
Event: 5.996 Thread 0x00007f4198011000 Implicit null exception at 0x00007f41886df2a2 to 0x00007f41886df6b2
Event: 6.014 Thread 0x00007f4198011000 Implicit null exception at 0x00007f418876c937 to 0x00007f418876cabb
Event: 6.119 Thread 0x00007f4198011000 Exception <a 'java/lang/NoSuchMethodError'{0x0000000091203300}: java.lang.invoke.DirectMethodHandle$Holder.invokeStatic(Ljava/lang/Object;Ljava/lang/Object;Ljava/lang/Object;Ljava/lang/Object;Ljava/lang/Object;Ljava/lang/Object;Ljava/lang/Object;Ljava/lan
Event: 6.126 Thread 0x00007f4198011000 Exception <a 'java/lang/NoSuchMethodError'{0x00000000912211a0}: java.lang.invoke.DirectMethodHandle$Holder.invokeStatic(Ljava/lang/Object;Ljava/lang/Object;Ljava/lang/Object;Ljava/lang/Object;Ljava/lang/Object;Ljava/lang/Object;Ljava/lang/Object;Ljava/lan
Event: 13.061 Thread 0x00007f4198011000 Implicit null exception at 0x00007f4188816248 to 0x00007f418881a5e8

Events (10 events):
Event: 21.759 Executing VM operation: G1CollectForAllocation done
Event: 21.873 Executing VM operation: G1CollectForAllocation
Event: 21.921 Executing VM operation: G1CollectForAllocation done
Event: 22.026 Executing VM operation: G1CollectForAllocation
Event: 22.049 Executing VM operation: G1CollectForAllocation done
Event: 22.151 Executing VM operation: G1CollectForAllocation
Event: 22.153 Executing VM operation: G1CollectForAllocation done
Event: 22.357 Executing VM operation: G1CollectForAllocation
Event: 22.579 Executing VM operation: G1CollectForAllocation done
Event: 22.968 Executing VM operation: G1CollectForAllocation


Dynamic libraries:
00400000-00401000 r-xp 00000000 fd:00 3021074                            /opt/jdk-12.0.1/bin/java
00600000-00601000 r--p 00000000 fd:00 3021074                            /opt/jdk-12.0.1/bin/java
00601000-00602000 rw-p 00001000 fd:00 3021074                            /opt/jdk-12.0.1/bin/java
00d62000-00d83000 rw-p 00000000 00:00 0                                  [heap]
89c00000-97000000 rw-p 00000000 00:00 0 
b1c00000-ffe00000 ---p 00000000 00:00 0 
ffe00000-ffe47000 rw-p 01198000 fd:00 3151963                            /opt/jdk-12.0.1/lib/server/classes.jsa
ffe47000-fff00000 rw-p 00000000 00:00 0 
fff00000-fff72000 rw-p 01126000 fd:00 3151963                            /opt/jdk-12.0.1/lib/server/classes.jsa
fff72000-100000000 rw-p 00000000 00:00 0 
800000000-800003000 rwxp 00001000 fd:00 3151963                          /opt/jdk-12.0.1/lib/server/classes.jsa
800003000-8003d8000 rw-p 00004000 fd:00 3151963                          /opt/jdk-12.0.1/lib/server/classes.jsa
8003d8000-800ae0000 r--p 003d9000 fd:00 3151963                          /opt/jdk-12.0.1/lib/server/classes.jsa
800ae0000-800ae1000 rw-p 00ae1000 fd:00 3151963                          /opt/jdk-12.0.1/lib/server/classes.jsa
800ae1000-801125000 r--p 00ae2000 fd:00 3151963                          /opt/jdk-12.0.1/lib/server/classes.jsa
801125000-8012c5000 rw-p 00000000 00:00 0 
8012c5000-841125000 ---p 00000000 00:00 0 
7f410c000000-7f410c021000 rw-p 00000000 00:00 0 
7f410c021000-7f4110000000 ---p 00000000 00:00 0 
7f4114000000-7f4114021000 rw-p 00000000 00:00 0 
7f4114021000-7f4118000000 ---p 00000000 00:00 0 
7f4118000000-7f4118021000 rw-p 00000000 00:00 0 
7f4118021000-7f411c000000 ---p 00000000 00:00 0 
7f411c000000-7f411c0b5000 rw-p 00000000 00:00 0 
7f411c0b5000-7f4120000000 ---p 00000000 00:00 0 
7f4120000000-7f412015c000 rw-p 00000000 00:00 0 
7f412015c000-7f4124000000 ---p 00000000 00:00 0 
7f4124000000-7f4124021000 rw-p 00000000 00:00 0 
7f4124021000-7f4128000000 ---p 00000000 00:00 0 
7f4128000000-7f4128021000 rw-p 00000000 00:00 0 
7f4128021000-7f412c000000 ---p 00000000 00:00 0 
7f412c000000-7f412c022000 rw-p 00000000 00:00 0 
7f412c022000-7f4130000000 ---p 00000000 00:00 0 
7f4130000000-7f4130021000 rw-p 00000000 00:00 0 
7f4130021000-7f4134000000 ---p 00000000 00:00 0 
7f4134000000-7f4134021000 rw-p 00000000 00:00 0 
7f4134021000-7f4138000000 ---p 00000000 00:00 0 
7f4138000000-7f4138021000 rw-p 00000000 00:00 0 
7f4138021000-7f413c000000 ---p 00000000 00:00 0 
7f413c000000-7f413c021000 rw-p 00000000 00:00 0 
7f413c021000-7f4140000000 ---p 00000000 00:00 0 
7f4140000000-7f4140021000 rw-p 00000000 00:00 0 
7f4140021000-7f4144000000 ---p 00000000 00:00 0 
7f4144000000-7f4145977000 rw-p 00000000 00:00 0 
7f4145977000-7f4148000000 ---p 00000000 00:00 0 
7f4148000000-7f4148775000 rw-p 00000000 00:00 0 
7f4148775000-7f414c000000 ---p 00000000 00:00 0 
7f414c000000-7f414c021000 rw-p 00000000 00:00 0 
7f414c021000-7f4150000000 ---p 00000000 00:00 0 
7f4150f83000-7f41511cf000 rw-p 00000000 00:00 0 
7f41511cf000-7f41511d0000 ---p 00000000 00:00 0 
7f41511d0000-7f41512d1000 rw-p 00000000 00:00 0 
7f41512d1000-7f41512d2000 ---p 00000000 00:00 0 
7f41512d2000-7f41513d3000 rw-p 00000000 00:00 0 
7f41513d3000-7f41513d7000 ---p 00000000 00:00 0 
7f41513d7000-7f41514d4000 rw-p 00000000 00:00 0 
7f41514d4000-7f41514d8000 ---p 00000000 00:00 0 
7f41514d8000-7f4151715000 rw-p 00000000 00:00 0 
7f4151715000-7f41517d5000 ---p 00000000 00:00 0 
7f41517d5000-7f41517d9000 ---p 00000000 00:00 0 
7f41517d9000-7f4151ad6000 rw-p 00000000 00:00 0 
7f4151ad6000-7f4158000000 r--p 00000000 fd:00 2257685                    /usr/lib/locale/locale-archive
7f4158000000-7f4158021000 rw-p 00000000 00:00 0 
7f4158021000-7f415c000000 ---p 00000000 00:00 0 
7f415c000000-7f415c021000 rw-p 00000000 00:00 0 
7f415c021000-7f4160000000 ---p 00000000 00:00 0 
7f4160000000-7f4160021000 rw-p 00000000 00:00 0 
7f4160021000-7f4164000000 ---p 00000000 00:00 0 
7f4164000000-7f4164225000 rw-p 00000000 00:00 0 
7f4164225000-7f4168000000 ---p 00000000 00:00 0 
7f4168000000-7f4168021000 rw-p 00000000 00:00 0 
7f4168021000-7f416c000000 ---p 00000000 00:00 0 
7f416c0c3000-7f416c2c3000 rw-p 00000000 00:00 0 
7f416c2c3000-7f416c2c7000 ---p 00000000 00:00 0 
7f416c2c7000-7f416c3c4000 rw-p 00000000 00:00 0 
7f416c3c4000-7f416c3c5000 ---p 00000000 00:00 0 
7f416c3c5000-7f416c4c6000 rw-p 00000000 00:00 0 
7f416c4c6000-7f416c4ca000 ---p 00000000 00:00 0 
7f416c4ca000-7f416c7c7000 rw-p 00000000 00:00 0 
7f416c7c7000-7f416c7cb000 ---p 00000000 00:00 0 
7f416c7cb000-7f416c8c8000 rw-p 00000000 00:00 0 
7f416c8c8000-7f416c8ca000 r-xp 00000000 fd:00 3151922                    /opt/jdk-12.0.1/lib/libextnet.so
7f416c8ca000-7f416cac9000 ---p 00002000 fd:00 3151922                    /opt/jdk-12.0.1/lib/libextnet.so
7f416cac9000-7f416caca000 r--p 00001000 fd:00 3151922                    /opt/jdk-12.0.1/lib/libextnet.so
7f416caca000-7f416cacb000 rw-p 00002000 fd:00 3151922                    /opt/jdk-12.0.1/lib/libextnet.so
7f416cacb000-7f416cacc000 ---p 00000000 00:00 0 
7f416cacc000-7f416cbcd000 rw-p 00000000 00:00 0 
7f416cbcd000-7f416cbe3000 r-xp 00000000 fd:00 3151942                    /opt/jdk-12.0.1/lib/libnet.so
7f416cbe3000-7f416cde3000 ---p 00016000 fd:00 3151942                    /opt/jdk-12.0.1/lib/libnet.so
7f416cde3000-7f416cde4000 r--p 00016000 fd:00 3151942                    /opt/jdk-12.0.1/lib/libnet.so
7f416cde4000-7f416cde5000 rw-p 00017000 fd:00 3151942                    /opt/jdk-12.0.1/lib/libnet.so
7f416cde5000-7f416cdf6000 r-xp 00000000 fd:00 3151943                    /opt/jdk-12.0.1/lib/libnio.so
7f416cdf6000-7f416cff5000 ---p 00011000 fd:00 3151943                    /opt/jdk-12.0.1/lib/libnio.so
7f416cff5000-7f416cff6000 r--p 00010000 fd:00 3151943                    /opt/jdk-12.0.1/lib/libnio.so
7f416cff6000-7f416cff7000 rw-p 00011000 fd:00 3151943                    /opt/jdk-12.0.1/lib/libnio.so
7f416cff7000-7f416cffb000 ---p 00000000 00:00 0 
7f416cffb000-7f416d0f8000 rw-p 00000000 00:00 0 
7f416d0f8000-7f416d0f9000 ---p 00000000 00:00 0 
7f416d0f9000-7f416d1fa000 rw-p 00000000 00:00 0 
7f416d1fa000-7f416d1fe000 ---p 00000000 00:00 0 
7f416d1fe000-7f416d2fb000 rw-p 00000000 00:00 0 
7f416d2fb000-7f416d2ff000 ---p 00000000 00:00 0 
7f416d2ff000-7f416d3fc000 rw-p 00000000 00:00 0 
7f416d3fc000-7f416d400000 ---p 00000000 00:00 0 
7f416d400000-7f416d4fd000 rw-p 00000000 00:00 0 
7f416d4fd000-7f416d501000 ---p 00000000 00:00 0 
7f416d501000-7f416d5fe000 rw-p 00000000 00:00 0 
7f416d5fe000-7f416d602000 ---p 00000000 00:00 0 
7f416d602000-7f416d6ff000 rw-p 00000000 00:00 0 
7f416d6ff000-7f416d703000 ---p 00000000 00:00 0 
7f416d703000-7f4170000000 rw-p 00000000 00:00 0 
7f4170000000-7f4170021000 rw-p 00000000 00:00 0 
7f4170021000-7f4174000000 ---p 00000000 00:00 0 
7f4174000000-7f4174021000 rw-p 00000000 00:00 0 
7f4174021000-7f4178000000 ---p 00000000 00:00 0 
7f4178000000-7f4178021000 rw-p 00000000 00:00 0 
7f4178021000-7f417c000000 ---p 00000000 00:00 0 
7f417c019000-7f417c01d000 ---p 00000000 00:00 0 
7f417c01d000-7f417c11a000 rw-p 00000000 00:00 0 
7f417c11a000-7f417c11b000 ---p 00000000 00:00 0 
7f417c11b000-7f417c29d000 rw-p 00000000 00:00 0 
7f417c29d000-7f417c29e000 ---p 00000000 00:00 0 
7f417c29e000-7f417c39f000 rw-p 00000000 00:00 0 
7f417c39f000-7f417c3a0000 ---p 00000000 00:00 0 
7f417c3a0000-7f417cff9000 rw-p 00000000 00:00 0 
7f417cff9000-7f417ea31000 ---p 00000000 00:00 0 
7f417ea31000-7f417ed89000 rw-p 00000000 00:00 0 
7f417ed89000-7f41807c1000 ---p 00000000 00:00 0 
7f41807c1000-7f4180833000 rw-p 00000000 00:00 0 
7f4180833000-7f4180b7a000 ---p 00000000 00:00 0 
7f4180b7a000-7f4180b7b000 rw-p 00000000 00:00 0 
7f4180b7b000-7f4180deb000 rwxp 00000000 00:00 0 
7f4180deb000-7f418110c000 ---p 00000000 00:00 0 
7f418110c000-7f41819ac000 rwxp 00000000 00:00 0 
7f41819ac000-7f4188643000 ---p 00000000 00:00 0 
7f4188643000-7f41888d3000 rwxp 00000000 00:00 0 
7f41888d3000-7f418fb7b000 ---p 00000000 00:00 0 
7f418fb7b000-7f4198000000 r--s 00000000 fd:00 3151953                    /opt/jdk-12.0.1/lib/modules
7f4198000000-7f4198abc000 rw-p 00000000 00:00 0 
7f4198abc000-7f419c000000 ---p 00000000 00:00 0 
7f419c045000-7f419c0a0000 rw-p 00000000 00:00 0 
7f419c0a0000-7f419c0a1000 ---p 00000000 00:00 0 
7f419c0a1000-7f419c1a2000 rw-p 00000000 00:00 0 
7f419c1a2000-7f419c1a3000 ---p 00000000 00:00 0 
7f419c1a3000-7f419c2a4000 rw-p 00000000 00:00 0 
7f419c2a4000-7f419c2a5000 ---p 00000000 00:00 0 
7f419c2a5000-7f419c410000 rw-p 00000000 00:00 0 
7f419c410000-7f419c757000 ---p 00000000 00:00 0 
7f419c757000-7f419c7c2000 rw-p 00000000 00:00 0 
7f419c7c2000-7f419cb09000 ---p 00000000 00:00 0 
7f419cb09000-7f419d318000 rw-p 00000000 00:00 0 
7f419d318000-7f419d3fd000 ---p 00000000 00:00 0 
7f419d3fd000-7f419d40f000 rw-p 00000000 00:00 0 
7f419d40f000-7f419d4e8000 ---p 00000000 00:00 0 
7f419d4e8000-7f419d503000 r-xp 00000000 fd:00 3151933                    /opt/jdk-12.0.1/lib/libjimage.so
7f419d503000-7f419d702000 ---p 0001b000 fd:00 3151933                    /opt/jdk-12.0.1/lib/libjimage.so
7f419d702000-7f419d704000 r--p 0001a000 fd:00 3151933                    /opt/jdk-12.0.1/lib/libjimage.so
7f419d704000-7f419d705000 rw-p 0001c000 fd:00 3151933                    /opt/jdk-12.0.1/lib/libjimage.so
7f419d705000-7f419d70c000 r-xp 00000000 fd:00 3151952                    /opt/jdk-12.0.1/lib/libzip.so
7f419d70c000-7f419d90b000 ---p 00007000 fd:00 3151952                    /opt/jdk-12.0.1/lib/libzip.so
7f419d90b000-7f419d90c000 r--p 00006000 fd:00 3151952                    /opt/jdk-12.0.1/lib/libzip.so
7f419d90c000-7f419d90d000 rw-p 00007000 fd:00 3151952                    /opt/jdk-12.0.1/lib/libzip.so
7f419d90d000-7f419d919000 r-xp 00000000 fd:00 2269570                    /usr/lib64/libnss_files-2.17.so
7f419d919000-7f419db18000 ---p 0000c000 fd:00 2269570                    /usr/lib64/libnss_files-2.17.so
7f419db18000-7f419db19000 r--p 0000b000 fd:00 2269570                    /usr/lib64/libnss_files-2.17.so
7f419db19000-7f419db1a000 rw-p 0000c000 fd:00 2269570                    /usr/lib64/libnss_files-2.17.so
7f419db1a000-7f419db20000 rw-p 00000000 00:00 0 
7f419db20000-7f419db48000 r-xp 00000000 fd:00 3151929                    /opt/jdk-12.0.1/lib/libjava.so
7f419db48000-7f419dd47000 ---p 00028000 fd:00 3151929                    /opt/jdk-12.0.1/lib/libjava.so
7f419dd47000-7f419dd48000 r--p 00027000 fd:00 3151929                    /opt/jdk-12.0.1/lib/libjava.so
7f419dd48000-7f419dd4a000 rw-p 00028000 fd:00 3151929                    /opt/jdk-12.0.1/lib/libjava.so
7f419dd4a000-7f419dd57000 r-xp 00000000 fd:00 3151951                    /opt/jdk-12.0.1/lib/libverify.so
7f419dd57000-7f419df56000 ---p 0000d000 fd:00 3151951                    /opt/jdk-12.0.1/lib/libverify.so
7f419df56000-7f419df58000 r--p 0000c000 fd:00 3151951                    /opt/jdk-12.0.1/lib/libverify.so
7f419df58000-7f419df59000 rw-p 0000e000 fd:00 3151951                    /opt/jdk-12.0.1/lib/libverify.so
7f419df59000-7f419df60000 r-xp 00000000 fd:00 2271680                    /usr/lib64/librt-2.17.so
7f419df60000-7f419e15f000 ---p 00007000 fd:00 2271680                    /usr/lib64/librt-2.17.so
7f419e15f000-7f419e160000 r--p 00006000 fd:00 2271680                    /usr/lib64/librt-2.17.so
7f419e160000-7f419e161000 rw-p 00007000 fd:00 2271680                    /usr/lib64/librt-2.17.so
7f419e161000-7f419e262000 r-xp 00000000 fd:00 2267389                    /usr/lib64/libm-2.17.so
7f419e262000-7f419e461000 ---p 00101000 fd:00 2267389                    /usr/lib64/libm-2.17.so
7f419e461000-7f419e462000 r--p 00100000 fd:00 2267389                    /usr/lib64/libm-2.17.so
7f419e462000-7f419e463000 rw-p 00101000 fd:00 2267389                    /usr/lib64/libm-2.17.so
7f419e463000-7f419f5c6000 r-xp 00000000 fd:00 3151965                    /opt/jdk-12.0.1/lib/server/libjvm.so
7f419f5c6000-7f419f7c6000 ---p 01163000 fd:00 3151965                    /opt/jdk-12.0.1/lib/server/libjvm.so
7f419f7c6000-7f419f887000 r--p 01163000 fd:00 3151965                    /opt/jdk-12.0.1/lib/server/libjvm.so
7f419f887000-7f419f8c0000 rw-p 01224000 fd:00 3151965                    /opt/jdk-12.0.1/lib/server/libjvm.so
7f419f8c0000-7f419f943000 rw-p 00000000 00:00 0 
7f419f943000-7f419fb06000 r-xp 00000000 fd:00 2233720                    /usr/lib64/libc-2.17.so
7f419fb06000-7f419fd06000 ---p 001c3000 fd:00 2233720                    /usr/lib64/libc-2.17.so
7f419fd06000-7f419fd0a000 r--p 001c3000 fd:00 2233720                    /usr/lib64/libc-2.17.so
7f419fd0a000-7f419fd0c000 rw-p 001c7000 fd:00 2233720                    /usr/lib64/libc-2.17.so
7f419fd0c000-7f419fd11000 rw-p 00000000 00:00 0 
7f419fd11000-7f419fd13000 r-xp 00000000 fd:00 2267382                    /usr/lib64/libdl-2.17.so
7f419fd13000-7f419ff13000 ---p 00002000 fd:00 2267382                    /usr/lib64/libdl-2.17.so
7f419ff13000-7f419ff14000 r--p 00002000 fd:00 2267382                    /usr/lib64/libdl-2.17.so
7f419ff14000-7f419ff15000 rw-p 00003000 fd:00 2267382                    /usr/lib64/libdl-2.17.so
7f419ff15000-7f419ff2c000 r-xp 00000000 fd:00 2233746                    /usr/lib64/libpthread-2.17.so
7f419ff2c000-7f41a012b000 ---p 00017000 fd:00 2233746                    /usr/lib64/libpthread-2.17.so
7f41a012b000-7f41a012c000 r--p 00016000 fd:00 2233746                    /usr/lib64/libpthread-2.17.so
7f41a012c000-7f41a012d000 rw-p 00017000 fd:00 2233746                    /usr/lib64/libpthread-2.17.so
7f41a012d000-7f41a0131000 rw-p 00000000 00:00 0 
7f41a0131000-7f41a0141000 r-xp 00000000 fd:00 3151934                    /opt/jdk-12.0.1/lib/libjli.so
7f41a0141000-7f41a0340000 ---p 00010000 fd:00 3151934                    /opt/jdk-12.0.1/lib/libjli.so
7f41a0340000-7f41a0341000 r--p 0000f000 fd:00 3151934                    /opt/jdk-12.0.1/lib/libjli.so
7f41a0341000-7f41a0342000 rw-p 00010000 fd:00 3151934                    /opt/jdk-12.0.1/lib/libjli.so
7f41a0342000-7f41a0357000 r-xp 00000000 fd:00 2234017                    /usr/lib64/libz.so.1.2.7
7f41a0357000-7f41a0556000 ---p 00015000 fd:00 2234017                    /usr/lib64/libz.so.1.2.7
7f41a0556000-7f41a0557000 r--p 00014000 fd:00 2234017                    /usr/lib64/libz.so.1.2.7
7f41a0557000-7f41a0558000 rw-p 00015000 fd:00 2234017                    /usr/lib64/libz.so.1.2.7
7f41a0558000-7f41a057a000 r-xp 00000000 fd:00 2266021                    /usr/lib64/ld-2.17.so
7f41a0596000-7f41a0651000 rw-p 00000000 00:00 0 
7f41a0651000-7f41a0655000 ---p 00000000 00:00 0 
7f41a0655000-7f41a0757000 rw-p 00000000 00:00 0 
7f41a0760000-7f41a0766000 rw-p 00000000 00:00 0 
7f41a0766000-7f41a076d000 ---p 00000000 00:00 0 
7f41a076d000-7f41a0775000 rw-s 00000000 fd:00 1966145                    /tmp/hsperfdata_jjs/3013
7f41a0775000-7f41a0776000 ---p 00000000 00:00 0 
7f41a0776000-7f41a0777000 r--p 00000000 00:00 0 
7f41a0777000-7f41a0778000 ---p 00000000 00:00 0 
7f41a0778000-7f41a0779000 rw-p 00000000 00:00 0 
7f41a0779000-7f41a077a000 r--p 00021000 fd:00 2266021                    /usr/lib64/ld-2.17.so
7f41a077a000-7f41a077b000 rw-p 00022000 fd:00 2266021                    /usr/lib64/ld-2.17.so
7f41a077b000-7f41a077c000 rw-p 00000000 00:00 0 
7fffc62c9000-7fffc62ea000 rw-p 00000000 00:00 0                          [stack]
7fffc637f000-7fffc6381000 r-xp 00000000 00:00 0                          [vdso]
ffffffffff600000-ffffffffff601000 r-xp 00000000 00:00 0                  [vsyscall]


VM Arguments:
java_command: /common/home/jjs/java-projects/diamond-javautil-2020-07/javautil-7/vending-sales-reporting/target/surefire/surefirebooter8808306130956612361.jar /common/home/jjs/java-projects/diamond-javautil-2020-07/javautil-7/vending-sales-reporting/target/surefire/surefire1000212478116863544tmp /common/home/jjs/java-projects/diamond-javautil-2020-07/javautil-7/vending-sales-reporting/target/surefire/surefire_014832871887104024782tmp
java_class_path (initial): /common/home/jjs/java-projects/diamond-javautil-2020-07/javautil-7/vending-sales-reporting/target/surefire/surefirebooter8808306130956612361.jar
Launcher Type: SUN_STANDARD

[Global flags]
     intx CICompilerCount                          = 4                                         {product} {ergonomic}
     uint ConcGCThreads                            = 2                                         {product} {ergonomic}
     uint G1ConcRefinementThreads                  = 8                                         {product} {ergonomic}
   size_t G1HeapRegionSize                         = 1048576                                   {product} {ergonomic}
    uintx GCDrainStackTargetSize                   = 64                                        {product} {ergonomic}
   size_t InitialHeapSize                          = 125829120                                 {product} {ergonomic}
   size_t MarkStackSize                            = 4194304                                   {product} {ergonomic}
   size_t MaxHeapSize                              = 1983905792                                {product} {ergonomic}
   size_t MaxNewSize                               = 1190133760                                {product} {ergonomic}
   size_t MinHeapDeltaBytes                        = 1048576                                   {product} {ergonomic}
    uintx NonNMethodCodeHeapSize                   = 5836300                                {pd product} {ergonomic}
    uintx NonProfiledCodeHeapSize                  = 122910970                              {pd product} {ergonomic}
    uintx ProfiledCodeHeapSize                     = 122910970                              {pd product} {ergonomic}
    uintx ReservedCodeCacheSize                    = 251658240                              {pd product} {ergonomic}
     bool SegmentedCodeCache                       = true                                      {product} {ergonomic}
     bool UseCompressedClassPointers               = true                                 {lp64_product} {ergonomic}
     bool UseCompressedOops                        = true                                 {lp64_product} {ergonomic}
     bool UseG1GC                                  = true                                      {product} {ergonomic}

Logging:
Log output configuration:
 #0: stdout all=warning uptime,level,tags
 #1: stderr all=off uptime,level,tags

Environment Variables:
JAVA_HOME=/opt/jdk-12.0.1
PATH=/opt/jdk-12.0.1/bin:/common/opt/apache-maven-3.6.0/bin:/usr/local/sbin:/sbin:/usr/lib64/qt-3.3/bin:/bin:/usr/bin:/common/opt/sqldeveloper/sqldeveloper/bin:/common/opt/apache-maven-3.6.0/bin:/usr/local/bin:/common/home/jjs/bin:/common/orainst/bin:/common/home/jjs/bin/usr/local/apache-tomcat-7.0.59/bin
USERNAME=jjs
LD_LIBRARY_PATH=/common/orainst/lib
SHELL=/bin/bash
DISPLAY=:0

Signal Handlers:
SIGSEGV: [libjvm.so+0xe44e80], sa_mask[0]=11111111011111111101111111111110, sa_flags=SA_RESTART|SA_SIGINFO
SIGBUS: [libjvm.so+0xe44e80], sa_mask[0]=11111111011111111101111111111110, sa_flags=SA_RESTART|SA_SIGINFO
SIGFPE: [libjvm.so+0xe44e80], sa_mask[0]=11111111011111111101111111111110, sa_flags=SA_RESTART|SA_SIGINFO
SIGPIPE: [libjvm.so+0xbf4390], sa_mask[0]=11111111011111111101111111111110, sa_flags=SA_RESTART|SA_SIGINFO
SIGXFSZ: [libjvm.so+0xbf4390], sa_mask[0]=11111111011111111101111111111110, sa_flags=SA_RESTART|SA_SIGINFO
SIGILL: [libjvm.so+0xe44e80], sa_mask[0]=11111111011111111101111111111110, sa_flags=SA_RESTART|SA_SIGINFO
SIGUSR2: [libjvm.so+0xbf4230], sa_mask[0]=00100000000000000000000000000000, sa_flags=SA_RESTART|SA_SIGINFO
SIGHUP: [libjvm.so+0xbf4590], sa_mask[0]=11111111011111111101111111111110, sa_flags=SA_RESTART|SA_SIGINFO
SIGINT: [libjvm.so+0xbf4590], sa_mask[0]=11111111011111111101111111111110, sa_flags=SA_RESTART|SA_SIGINFO
SIGTERM: [libjvm.so+0xbf4590], sa_mask[0]=11111111011111111101111111111110, sa_flags=SA_RESTART|SA_SIGINFO
SIGQUIT: [libjvm.so+0xbf4590], sa_mask[0]=11111111011111111101111111111110, sa_flags=SA_RESTART|SA_SIGINFO


---------------  S Y S T E M  ---------------

OS:CentOS Linux release 7.7.1908 (Core)
uname:Linux 3.10.0-1062.9.1.el7.x86_64 #1 SMP Fri Dec 6 15:49:49 UTC 2019 x86_64
libc:glibc 2.17 NPTL 2.17 
rlimit: STACK 8192k, CORE 0k, NPROC 4096, NOFILE 4096, AS infinity, DATA infinity, FSIZE infinity
load average:7.78 2.74 1.34

/proc/meminfo:
MemTotal:        7744592 kB
MemFree:          118760 kB
MemAvailable:      74748 kB
Buffers:            1084 kB
Cached:          1782804 kB
SwapCached:         2320 kB
Active:          5765692 kB
Inactive:        1151984 kB
Active(anon):    5742548 kB
Inactive(anon):  1105024 kB
Active(file):      23144 kB
Inactive(file):    46960 kB
Unevictable:       17040 kB
Mlocked:              64 kB
SwapTotal:       6878204 kB
SwapFree:              0 kB
Dirty:                48 kB
Writeback:             0 kB
AnonPages:       5153984 kB
Mapped:           227084 kB
Shmem:           1709360 kB
Slab:             256240 kB
SReclaimable:     116224 kB
SUnreclaim:       140016 kB
KernelStack:       22688 kB
PageTables:       283680 kB
NFS_Unstable:          0 kB
Bounce:                0 kB
WritebackTmp:          0 kB
CommitLimit:    10750500 kB
Committed_AS:   18995504 kB
VmallocTotal:   34359738367 kB
VmallocUsed:      566356 kB
VmallocChunk:   34358421500 kB
HardwareCorrupted:     0 kB
AnonHugePages:      4096 kB
CmaTotal:              0 kB
CmaFree:               0 kB
HugePages_Total:       0
HugePages_Free:        0
HugePages_Rsvd:        0
HugePages_Surp:        0
Hugepagesize:       2048 kB
DirectMap4k:      360684 kB
DirectMap2M:     5664768 kB
DirectMap1G:     2097152 kB


/proc/sys/kernel/threads-max (system-wide limit on the number of threads):
59713


/proc/sys/vm/max_map_count (maximum number of memory map areas a process may have):
65530


/proc/sys/kernel/pid_max (system-wide limit on number of process identifiers):
32768



container (cgroup) information:
container_type: cgroupv1
cpu_cpuset_cpus: 0-7
cpu_memory_nodes: 0
active_processor_count: 8
cpu_quota: -1
cpu_period: 100000
cpu_shares: -1
memory_limit_in_bytes: -1
memory_and_swap_limit_in_bytes: -1
memory_soft_limit_in_bytes: -1
memory_usage_in_bytes: 7071817728
memory_max_usage_in_bytes: 0


CPU:total 8 (initial active 8) (4 cores per cpu, 2 threads per core) family 6 model 142 stepping 10, cmov, cx8, fxsr, mmx, sse, sse2, sse3, ssse3, sse4.1, sse4.2, popcnt, avx, avx2, aes, clmul, erms, 3dnowpref, lzcnt, ht, tsc, tscinvbit, bmi1, bmi2, adx, fma
CPU Model and flags from /proc/cpuinfo:
model name	: Intel(R) Core(TM) i7-8550U CPU @ 1.80GHz
flags		: fpu vme de pse tsc msr pae mce cx8 apic sep mtrr pge mca cmov pat pse36 clflush dts acpi mmx fxsr sse sse2 ss ht tm pbe syscall nx pdpe1gb rdtscp lm constant_tsc art arch_perfmon pebs bts rep_good nopl xtopology nonstop_tsc aperfmperf eagerfpu pni pclmulqdq dtes64 monitor ds_cpl vmx est tm2 ssse3 sdbg fma cx16 xtpr pdcm pcid sse4_1 sse4_2 x2apic movbe popcnt tsc_deadline_timer aes xsave avx f16c rdrand lahf_lm abm 3dnowprefetch epb invpcid_single intel_pt ssbd ibrs ibpb stibp tpr_shadow vnmi flexpriority ept vpid fsgsbase tsc_adjust bmi1 avx2 smep bmi2 erms invpcid mpx rdseed adx smap clflushopt xsaveopt xsavec xgetbv1 dtherm ida arat pln pts hwp hwp_notify hwp_act_window hwp_epp md_clear spec_ctrl intel_stibp flush_l1d

Memory: 4k page, physical 7744592k(118016k free), swap 6878204k(0k free)

vm_info: OpenJDK 64-Bit Server VM (12.0.1+12) for linux-amd64 JRE (12.0.1+12), built on Apr  1 2019 23:46:56 by "mach5one" with gcc 7.3.0

END.
