#
# There is insufficient memory for the Java Runtime Environment to continue.
# Native memory allocation (mmap) failed to map 299892736 bytes for committing reserved memory.
# Possible reasons:
#   The system is out of physical RAM or swap space
#   The process is running with CompressedOops enabled, and the Java Heap may be blocking the growth of the native heap
# Possible solutions:
#   Reduce memory load on the system
#   Increase physical memory or swap space
#   Check if swap backing store is full
#   Decrease Java heap size (-Xmx/-Xms)
#   Decrease number of Java threads
#   Decrease Java thread stack sizes (-Xss)
#   Set larger code cache with -XX:ReservedCodeCacheSize=
#   JVM is running with Unscaled Compressed Oops mode in which the Java heap is
#     placed in the first 4GB address space. The Java Heap base address is the
#     maximum limit for the native heap growth. Please use -XX:HeapBaseMinAddress
#     to set the Java Heap base and to place the Java Heap above 4GB virtual address.
# This output file may be truncated or incomplete.
#
#  Out of Memory Error (os_linux.cpp:2659), pid=25751, tid=25758
#
# JRE version: OpenJDK Runtime Environment (12.0.1+12) (build 12.0.1+12)
# Java VM: OpenJDK 64-Bit Server VM (12.0.1+12, mixed mode, sharing, tiered, compressed oops, g1 gc, linux-amd64)
# Core dump will be written. Default location: Core dumps may be processed with "/usr/libexec/abrt-hook-ccpp %s %c %p %u %g %t e %P %I %h" (or dumping to /common/home/jjs/java-projects/diamond-javautil-2020-07/javautil-7/vending-sales-reporting/core.25751)
#

---------------  S U M M A R Y ------------

Command Line: /common/home/jjs/java-projects/diamond-javautil-2020-07/javautil-7/vending-sales-reporting/target/surefire/surefirebooter10995162246361766770.jar /common/home/jjs/java-projects/diamond-javautil-2020-07/javautil-7/vending-sales-reporting/target/surefire/surefire16648472853349510936tmp /common/home/jjs/java-projects/diamond-javautil-2020-07/javautil-7/vending-sales-reporting/target/surefire/surefire_03305350584566795805tmp

Host: Intel(R) Core(TM) i7-8550U CPU @ 1.80GHz, 8 cores, 7G, CentOS Linux release 7.7.1908 (Core)
Time: Sun Jul 26 15:36:46 2020 CDT elapsed time: 65 seconds (0d 0h 1m 5s)

---------------  T H R E A D  ---------------

Current thread (0x00007f9378165800):  VMThread "VM Thread" [stack: 0x00007f934767f000,0x00007f934777f000] [id=25758]

Stack: [0x00007f934767f000,0x00007f934777f000],  sp=0x00007f934777cf50,  free space=1015k
Native frames: (J=compiled Java code, A=aot compiled Java code, j=interpreted, Vv=VM code, C=native code)
V  [libjvm.so+0xe434e0]  VMError::report_and_die(int, char const*, char const*, __va_list_tag*, Thread*, unsigned char*, void*, void*, char const*, int, unsigned long)+0x310
V  [libjvm.so+0xe440ab]  VMError::report_and_die(Thread*, char const*, int, unsigned long, VMErrorType, char const*, __va_list_tag*)+0x2b
V  [libjvm.so+0x65d9e5]  report_vm_out_of_memory(char const*, int, unsigned long, VMErrorType, char const*, ...)+0xd5
V  [libjvm.so+0xbf8458]  os::pd_commit_memory_or_exit(char*, unsigned long, unsigned long, bool, char const*)+0x108
V  [libjvm.so+0xbefc3d]  os::commit_memory_or_exit(char*, unsigned long, unsigned long, bool, char const*)+0x1d
V  [libjvm.so+0x787a4c]  G1PageBasedVirtualSpace::commit_preferred_pages(unsigned long, unsigned long)+0x6c
V  [libjvm.so+0x787de4]  G1PageBasedVirtualSpace::commit(unsigned long, unsigned long)+0x154
V  [libjvm.so+0x795bb0]  G1RegionsLargerThanCommitSizeMapper::commit_regions(unsigned int, unsigned long, WorkGang*)+0x40
V  [libjvm.so+0x816d00]  HeapRegionManager::commit_regions(unsigned int, unsigned long, WorkGang*)+0x80
V  [libjvm.so+0x817a6f]  HeapRegionManager::make_regions_available(unsigned int, unsigned int, WorkGang*)+0x3f
V  [libjvm.so+0x817ff9]  HeapRegionManager::expand_at(unsigned int, unsigned int, WorkGang*)+0x119
V  [libjvm.so+0x73c440]  G1CollectedHeap::expand(unsigned long, WorkGang*, double*)+0xe0
V  [libjvm.so+0x740e12]  G1CollectedHeap::do_collection_pause_at_safepoint(double)+0xa22
V  [libjvm.so+0x7a9491]  VM_G1CollectForAllocation::doit()+0x81
V  [libjvm.so+0xe45ac7]  VM_Operation::evaluate()+0xe7
V  [libjvm.so+0xe4b96f]  VMThread::evaluate_operation(VM_Operation*) [clone .constprop.63]+0xff
V  [libjvm.so+0xe4beb1]  VMThread::loop()+0x3f1
V  [libjvm.so+0xe4c2e3]  VMThread::run()+0x73
V  [libjvm.so+0xdd19ff]  Thread::call_run()+0x16f
V  [libjvm.so+0xbfe18e]  thread_native_entry(Thread*)+0xee

VM_Operation (0x00007f93824f5e40): G1CollectForAllocation, mode: safepoint, requested by thread 0x00007f9378011000


---------------  P R O C E S S  ---------------

Threads class SMR info:
_java_thread_list=0x00007f92f80008c0, length=13, elements={
0x00007f9378011000, 0x00007f9378168800, 0x00007f937816a800, 0x00007f937816f800,
0x00007f9378172000, 0x00007f9378174000, 0x00007f9378176000, 0x00007f93781e5000,
0x00007f93781e9800, 0x00007f93788d0800, 0x00007f93788eb800, 0x00007f9378905000,
0x00007f93788ef000
}

Java Threads: ( => current thread )
  0x00007f9378011000 JavaThread "main" [_thread_blocked, id=25752, stack(0x00007f93823f9000,0x00007f93824fa000)]
  0x00007f9378168800 JavaThread "Reference Handler" daemon [_thread_blocked, id=25759, stack(0x00007f934757c000,0x00007f934767d000)]
  0x00007f937816a800 JavaThread "Finalizer" daemon [_thread_blocked, id=25760, stack(0x00007f934747b000,0x00007f934757c000)]
  0x00007f937816f800 JavaThread "Signal Dispatcher" daemon [_thread_blocked, id=25761, stack(0x00007f934737a000,0x00007f934747b000)]
  0x00007f9378172000 JavaThread "C2 CompilerThread0" daemon [_thread_blocked, id=25762, stack(0x00007f9347279000,0x00007f934737a000)]
  0x00007f9378174000 JavaThread "C1 CompilerThread0" daemon [_thread_blocked, id=25763, stack(0x00007f9347178000,0x00007f9347279000)]
  0x00007f9378176000 JavaThread "Sweeper thread" daemon [_thread_blocked, id=25764, stack(0x00007f9347077000,0x00007f9347178000)]
  0x00007f93781e5000 JavaThread "Service Thread" daemon [_thread_blocked, id=25765, stack(0x00007f9346f76000,0x00007f9347077000)]
  0x00007f93781e9800 JavaThread "Common-Cleaner" daemon [_thread_blocked, id=25767, stack(0x00007f9346d73000,0x00007f9346e74000)]
  0x00007f93788d0800 JavaThread "MVStore background writer nio:/common/home/jjs/java-projects/diamond-javautil-2020-07/javautil-7/vending-sales-reporting/target/logdb.mv.db" daemon [_thread_blocked, id=25849, stack(0x00007f9346543000,0x00007f9346644000)]
  0x00007f93788eb800 JavaThread "HikariPool-10 housekeeper" daemon [_thread_blocked, id=25851, stack(0x00007f934603f000,0x00007f9346140000)]
  0x00007f9378905000 JavaThread "MVStore background writer nio:/common/home/jjs/java-projects/diamond-javautil-2020-07/javautil-7/vending-sales-reporting/target/appdb.mv.db" daemon [_thread_blocked, id=25853, stack(0x00007f9345b3e000,0x00007f9345c3f000)]
  0x00007f93788ef000 JavaThread "HikariPool-11 housekeeper" daemon [_thread_blocked, id=25854, stack(0x00007f9346242000,0x00007f9346343000)]

Other Threads:
=>0x00007f9378165800 VMThread "VM Thread" [stack: 0x00007f934767f000,0x00007f934777f000] [id=25758]
  0x00007f93781e7000 WatcherThread [stack: 0x00007f9346e76000,0x00007f9346f76000] [id=25766]
  0x00007f937805f800 GCTaskThread "GC Thread#0" [stack: 0x00007f935eceb000,0x00007f935edeb000] [id=25753]
  0x00007f9340001000 GCTaskThread "GC Thread#1" [stack: 0x00007f9346849000,0x00007f9346949000] [id=25769]
  0x00007f934001a800 GCTaskThread "GC Thread#2" [stack: 0x00007f9346142000,0x00007f9346242000] [id=25795]
  0x00007f934006d000 GCTaskThread "GC Thread#3" [stack: 0x00007f934563c000,0x00007f934573c000] [id=25857]
  0x00007f934008d000 GCTaskThread "GC Thread#4" [stack: 0x00007f934553a000,0x00007f934563a000] [id=25860]
  0x00007f937806d000 ConcurrentGCThread "G1 Main Marker" [stack: 0x00007f935ebe9000,0x00007f935ece9000] [id=25754]
  0x00007f937806f000 ConcurrentGCThread "G1 Conc#0" [stack: 0x00007f935eae7000,0x00007f935ebe7000] [id=25755]
  0x00007f93780f4000 ConcurrentGCThread "G1 Refine#0" [stack: 0x00007f935c1dd000,0x00007f935c2dd000] [id=25756]
  0x00007f93780f6000 ConcurrentGCThread "G1 Young RemSet Sampling" [stack: 0x00007f935c0db000,0x00007f935c1db000] [id=25757]

Threads with active compile tasks:

VM state:at safepoint (normal execution)

VM Mutex/Monitor currently owned by a thread:  ([mutex/lock_event])
[0x00007f937800deb0] Threads_lock - owner thread: 0x00007f9378165800
[0x00007f937800e690] Heap_lock - owner thread: 0x00007f9378011000

Heap address: 0x0000000089c00000, size: 1892 MB, Compressed Oops mode: 32-bit
Narrow klass base: 0x0000000800000000, Narrow klass shift: 3
Compressed class space size: 1073741824 Address: 0x0000000801125000

Heap:
 garbage-first heap   total 510976K, used 33904K [0x0000000089c00000, 0x0000000100000000)
  region size 1024K, 1 young (1024K), 1 survivors (1024K)
 Metaspace       used 16549K, capacity 16899K, committed 17280K, reserved 1064960K
  class space    used 1524K, capacity 1625K, committed 1664K, reserved 1048576K
Heap Regions: E=young(eden), S=young(survivor), O=old, HS=humongous(starts), HC=humongous(continues), CS=collection set, F=free, A=archive, TAMS=top-at-mark-start (previous, next)
|   0|0x0000000089c00000, 0x0000000089d00000, 0x0000000089d00000|100%| O|  |TAMS 0x0000000089c00000, 0x0000000089c00000| Untracked 
|   1|0x0000000089d00000, 0x0000000089e00000, 0x0000000089e00000|100%|HS|  |TAMS 0x0000000089d00000, 0x0000000089d00000| Complete 
|   2|0x0000000089e00000, 0x0000000089f00000, 0x0000000089f00000|100%|HC|  |TAMS 0x0000000089e00000, 0x0000000089e00000| Complete 
|   3|0x0000000089f00000, 0x000000008a000000, 0x000000008a000000|100%|HS|  |TAMS 0x0000000089f00000, 0x0000000089f00000| Complete 
|   4|0x000000008a000000, 0x000000008a100000, 0x000000008a100000|100%|HC|  |TAMS 0x000000008a000000, 0x000000008a000000| Complete 
|   5|0x000000008a100000, 0x000000008a200000, 0x000000008a200000|100%| O|  |TAMS 0x000000008a100000, 0x000000008a100000| Untracked 
|   6|0x000000008a200000, 0x000000008a300000, 0x000000008a300000|100%| O|  |TAMS 0x000000008a200000, 0x000000008a200000| Untracked 
|   7|0x000000008a300000, 0x000000008a400000, 0x000000008a400000|100%| O|  |TAMS 0x000000008a300000, 0x000000008a300000| Untracked 
|   8|0x000000008a400000, 0x000000008a500000, 0x000000008a500000|100%| O|  |TAMS 0x000000008a400000, 0x000000008a400000| Untracked 
|   9|0x000000008a500000, 0x000000008a600000, 0x000000008a600000|100%| O|  |TAMS 0x000000008a500000, 0x000000008a500000| Untracked 
|  10|0x000000008a600000, 0x000000008a700000, 0x000000008a700000|100%| O|  |TAMS 0x000000008a600000, 0x000000008a600000| Untracked 
|  11|0x000000008a700000, 0x000000008a800000, 0x000000008a800000|100%| O|  |TAMS 0x000000008a700000, 0x000000008a700000| Untracked 
|  12|0x000000008a800000, 0x000000008a900000, 0x000000008a900000|100%|HS|  |TAMS 0x000000008a800000, 0x000000008a800000| Complete 
|  13|0x000000008a900000, 0x000000008aa00000, 0x000000008aa00000|100%|HC|  |TAMS 0x000000008a900000, 0x000000008a900000| Complete 
|  14|0x000000008aa00000, 0x000000008ab00000, 0x000000008ab00000|100%|HC|  |TAMS 0x000000008aa00000, 0x000000008aa00000| Complete 
|  15|0x000000008ab00000, 0x000000008ac00000, 0x000000008ac00000|100%| O|  |TAMS 0x000000008ab00000, 0x000000008ab00000| Untracked 
|  16|0x000000008ac00000, 0x000000008ad00000, 0x000000008ad00000|100%| O|  |TAMS 0x000000008ac00000, 0x000000008ac00000| Untracked 
|  17|0x000000008ad00000, 0x000000008ae00000, 0x000000008ae00000|100%| O|  |TAMS 0x000000008ad00000, 0x000000008ad00000| Untracked 
|  18|0x000000008ae00000, 0x000000008af00000, 0x000000008af00000|100%| O|  |TAMS 0x000000008ae00000, 0x000000008ae00000| Untracked 
|  19|0x000000008af00000, 0x000000008b000000, 0x000000008b000000|100%| O|  |TAMS 0x000000008af00000, 0x000000008af00000| Untracked 
|  20|0x000000008b000000, 0x000000008b100000, 0x000000008b100000|100%| O|  |TAMS 0x000000008b000000, 0x000000008b000000| Untracked 
|  21|0x000000008b100000, 0x000000008b200000, 0x000000008b200000|100%| O|  |TAMS 0x000000008b100000, 0x000000008b100000| Untracked 
|  22|0x000000008b200000, 0x000000008b300000, 0x000000008b300000|100%| O|  |TAMS 0x000000008b200000, 0x000000008b200000| Untracked 
|  23|0x000000008b300000, 0x000000008b400000, 0x000000008b400000|100%| O|  |TAMS 0x000000008b300000, 0x000000008b300000| Untracked 
|  24|0x000000008b400000, 0x000000008b500000, 0x000000008b500000|100%| O|  |TAMS 0x000000008b400000, 0x000000008b400000| Untracked 
|  25|0x000000008b500000, 0x000000008b600000, 0x000000008b600000|100%| O|  |TAMS 0x000000008b500000, 0x000000008b500000| Untracked 
|  26|0x000000008b600000, 0x000000008b700000, 0x000000008b700000|100%| O|  |TAMS 0x000000008b600000, 0x000000008b600000| Untracked 
|  27|0x000000008b700000, 0x000000008b800000, 0x000000008b800000|100%| O|  |TAMS 0x000000008b700000, 0x000000008b700000| Untracked 
|  28|0x000000008b800000, 0x000000008b900000, 0x000000008b900000|100%| O|  |TAMS 0x000000008b800000, 0x000000008b800000| Untracked 
|  29|0x000000008b900000, 0x000000008ba00000, 0x000000008ba00000|100%| O|  |TAMS 0x000000008b900000, 0x000000008b900000| Untracked 
|  30|0x000000008ba00000, 0x000000008bb00000, 0x000000008bb00000|100%| O|  |TAMS 0x000000008ba00000, 0x000000008ba00000| Untracked 
|  31|0x000000008bb00000, 0x000000008bb82200, 0x000000008bc00000| 50%| O|  |TAMS 0x000000008bb00000, 0x000000008bb00000| Untracked 
|  32|0x000000008bc00000, 0x000000008bc00000, 0x000000008bd00000|  0%| F|  |TAMS 0x000000008bc00000, 0x000000008bc00000| Untracked 
|  33|0x000000008bd00000, 0x000000008bd00000, 0x000000008be00000|  0%| F|  |TAMS 0x000000008bd00000, 0x000000008bd00000| Untracked 
|  34|0x000000008be00000, 0x000000008be00000, 0x000000008bf00000|  0%| F|  |TAMS 0x000000008be00000, 0x000000008be00000| Untracked 
|  35|0x000000008bf00000, 0x000000008bf00000, 0x000000008c000000|  0%| F|  |TAMS 0x000000008bf00000, 0x000000008bf00000| Untracked 
|  36|0x000000008c000000, 0x000000008c000000, 0x000000008c100000|  0%| F|  |TAMS 0x000000008c000000, 0x000000008c000000| Untracked 
|  37|0x000000008c100000, 0x000000008c100000, 0x000000008c200000|  0%| F|  |TAMS 0x000000008c100000, 0x000000008c100000| Untracked 
|  38|0x000000008c200000, 0x000000008c200000, 0x000000008c300000|  0%| F|  |TAMS 0x000000008c200000, 0x000000008c200000| Untracked 
|  39|0x000000008c300000, 0x000000008c300000, 0x000000008c400000|  0%| F|  |TAMS 0x000000008c300000, 0x000000008c300000| Untracked 
|  40|0x000000008c400000, 0x000000008c400000, 0x000000008c500000|  0%| F|  |TAMS 0x000000008c400000, 0x000000008c400000| Untracked 
|  41|0x000000008c500000, 0x000000008c500000, 0x000000008c600000|  0%| F|  |TAMS 0x000000008c500000, 0x000000008c500000| Untracked 
|  42|0x000000008c600000, 0x000000008c600000, 0x000000008c700000|  0%| F|  |TAMS 0x000000008c600000, 0x000000008c600000| Untracked 
|  43|0x000000008c700000, 0x000000008c700000, 0x000000008c800000|  0%| F|  |TAMS 0x000000008c700000, 0x000000008c700000| Untracked 
|  44|0x000000008c800000, 0x000000008c800000, 0x000000008c900000|  0%| F|  |TAMS 0x000000008c800000, 0x000000008c800000| Untracked 
|  45|0x000000008c900000, 0x000000008c900000, 0x000000008ca00000|  0%| F|  |TAMS 0x000000008c900000, 0x000000008c900000| Untracked 
|  46|0x000000008ca00000, 0x000000008ca00000, 0x000000008cb00000|  0%| F|  |TAMS 0x000000008ca00000, 0x000000008ca00000| Untracked 
|  47|0x000000008cb00000, 0x000000008cb00000, 0x000000008cc00000|  0%| F|  |TAMS 0x000000008cb00000, 0x000000008cb00000| Untracked 
|  48|0x000000008cc00000, 0x000000008cc00000, 0x000000008cd00000|  0%| F|  |TAMS 0x000000008cc00000, 0x000000008cc00000| Untracked 
|  49|0x000000008cd00000, 0x000000008cd00000, 0x000000008ce00000|  0%| F|  |TAMS 0x000000008cd00000, 0x000000008cd00000| Untracked 
|  50|0x000000008ce00000, 0x000000008ce00000, 0x000000008cf00000|  0%| F|  |TAMS 0x000000008ce00000, 0x000000008ce00000| Untracked 
|  51|0x000000008cf00000, 0x000000008cf00000, 0x000000008d000000|  0%| F|  |TAMS 0x000000008cf00000, 0x000000008cf00000| Untracked 
|  52|0x000000008d000000, 0x000000008d000000, 0x000000008d100000|  0%| F|  |TAMS 0x000000008d000000, 0x000000008d000000| Untracked 
|  53|0x000000008d100000, 0x000000008d100000, 0x000000008d200000|  0%| F|  |TAMS 0x000000008d100000, 0x000000008d100000| Untracked 
|  54|0x000000008d200000, 0x000000008d200000, 0x000000008d300000|  0%| F|  |TAMS 0x000000008d200000, 0x000000008d200000| Untracked 
|  55|0x000000008d300000, 0x000000008d300000, 0x000000008d400000|  0%| F|  |TAMS 0x000000008d300000, 0x000000008d300000| Untracked 
|  56|0x000000008d400000, 0x000000008d400000, 0x000000008d500000|  0%| F|  |TAMS 0x000000008d400000, 0x000000008d400000| Untracked 
|  57|0x000000008d500000, 0x000000008d500000, 0x000000008d600000|  0%| F|  |TAMS 0x000000008d500000, 0x000000008d500000| Untracked 
|  58|0x000000008d600000, 0x000000008d600000, 0x000000008d700000|  0%| F|  |TAMS 0x000000008d600000, 0x000000008d600000| Untracked 
|  59|0x000000008d700000, 0x000000008d700000, 0x000000008d800000|  0%| F|  |TAMS 0x000000008d700000, 0x000000008d700000| Untracked 
|  60|0x000000008d800000, 0x000000008d800000, 0x000000008d900000|  0%| F|  |TAMS 0x000000008d800000, 0x000000008d800000| Untracked 
|  61|0x000000008d900000, 0x000000008d900000, 0x000000008da00000|  0%| F|  |TAMS 0x000000008d900000, 0x000000008d900000| Untracked 
|  62|0x000000008da00000, 0x000000008da00000, 0x000000008db00000|  0%| F|  |TAMS 0x000000008da00000, 0x000000008da00000| Untracked 
|  63|0x000000008db00000, 0x000000008db00000, 0x000000008dc00000|  0%| F|  |TAMS 0x000000008db00000, 0x000000008db00000| Untracked 
|  64|0x000000008dc00000, 0x000000008dc00000, 0x000000008dd00000|  0%| F|  |TAMS 0x000000008dc00000, 0x000000008dc00000| Untracked 
|  65|0x000000008dd00000, 0x000000008dd00000, 0x000000008de00000|  0%| F|  |TAMS 0x000000008dd00000, 0x000000008dd00000| Untracked 
|  66|0x000000008de00000, 0x000000008de00000, 0x000000008df00000|  0%| F|  |TAMS 0x000000008de00000, 0x000000008de00000| Untracked 
|  67|0x000000008df00000, 0x000000008df00000, 0x000000008e000000|  0%| F|  |TAMS 0x000000008df00000, 0x000000008df00000| Untracked 
|  68|0x000000008e000000, 0x000000008e000000, 0x000000008e100000|  0%| F|  |TAMS 0x000000008e000000, 0x000000008e000000| Untracked 
|  69|0x000000008e100000, 0x000000008e100000, 0x000000008e200000|  0%| F|  |TAMS 0x000000008e100000, 0x000000008e100000| Untracked 
|  70|0x000000008e200000, 0x000000008e200000, 0x000000008e300000|  0%| F|  |TAMS 0x000000008e200000, 0x000000008e200000| Untracked 
|  71|0x000000008e300000, 0x000000008e300000, 0x000000008e400000|  0%| F|  |TAMS 0x000000008e300000, 0x000000008e300000| Untracked 
|  72|0x000000008e400000, 0x000000008e400000, 0x000000008e500000|  0%| F|  |TAMS 0x000000008e400000, 0x000000008e400000| Untracked 
|  73|0x000000008e500000, 0x000000008e500000, 0x000000008e600000|  0%| F|  |TAMS 0x000000008e500000, 0x000000008e500000| Untracked 
|  74|0x000000008e600000, 0x000000008e600000, 0x000000008e700000|  0%| F|  |TAMS 0x000000008e600000, 0x000000008e600000| Untracked 
|  75|0x000000008e700000, 0x000000008e700000, 0x000000008e800000|  0%| F|  |TAMS 0x000000008e700000, 0x000000008e700000| Untracked 
|  76|0x000000008e800000, 0x000000008e800000, 0x000000008e900000|  0%| F|  |TAMS 0x000000008e800000, 0x000000008e800000| Untracked 
|  77|0x000000008e900000, 0x000000008e900000, 0x000000008ea00000|  0%| F|  |TAMS 0x000000008e900000, 0x000000008e900000| Untracked 
|  78|0x000000008ea00000, 0x000000008ea00000, 0x000000008eb00000|  0%| F|  |TAMS 0x000000008ea00000, 0x000000008ea00000| Untracked 
|  79|0x000000008eb00000, 0x000000008eb00000, 0x000000008ec00000|  0%| F|  |TAMS 0x000000008eb00000, 0x000000008eb00000| Untracked 
|  80|0x000000008ec00000, 0x000000008ec00000, 0x000000008ed00000|  0%| F|  |TAMS 0x000000008ec00000, 0x000000008ec00000| Untracked 
|  81|0x000000008ed00000, 0x000000008ed00000, 0x000000008ee00000|  0%| F|  |TAMS 0x000000008ed00000, 0x000000008ed00000| Untracked 
|  82|0x000000008ee00000, 0x000000008ee00000, 0x000000008ef00000|  0%| F|  |TAMS 0x000000008ee00000, 0x000000008ee00000| Untracked 
|  83|0x000000008ef00000, 0x000000008ef00000, 0x000000008f000000|  0%| F|  |TAMS 0x000000008ef00000, 0x000000008ef00000| Untracked 
|  84|0x000000008f000000, 0x000000008f000000, 0x000000008f100000|  0%| F|  |TAMS 0x000000008f000000, 0x000000008f000000| Untracked 
|  85|0x000000008f100000, 0x000000008f100000, 0x000000008f200000|  0%| F|  |TAMS 0x000000008f100000, 0x000000008f100000| Untracked 
|  86|0x000000008f200000, 0x000000008f200000, 0x000000008f300000|  0%| F|  |TAMS 0x000000008f200000, 0x000000008f200000| Untracked 
|  87|0x000000008f300000, 0x000000008f300000, 0x000000008f400000|  0%| F|  |TAMS 0x000000008f300000, 0x000000008f300000| Untracked 
|  88|0x000000008f400000, 0x000000008f400000, 0x000000008f500000|  0%| F|  |TAMS 0x000000008f400000, 0x000000008f400000| Untracked 
|  89|0x000000008f500000, 0x000000008f500000, 0x000000008f600000|  0%| F|  |TAMS 0x000000008f500000, 0x000000008f500000| Untracked 
|  90|0x000000008f600000, 0x000000008f600000, 0x000000008f700000|  0%| F|  |TAMS 0x000000008f600000, 0x000000008f600000| Untracked 
|  91|0x000000008f700000, 0x000000008f700000, 0x000000008f800000|  0%| F|  |TAMS 0x000000008f700000, 0x000000008f700000| Untracked 
|  92|0x000000008f800000, 0x000000008f800000, 0x000000008f900000|  0%| F|  |TAMS 0x000000008f800000, 0x000000008f800000| Untracked 
|  93|0x000000008f900000, 0x000000008f900000, 0x000000008fa00000|  0%| F|  |TAMS 0x000000008f900000, 0x000000008f900000| Untracked 
|  94|0x000000008fa00000, 0x000000008fa00000, 0x000000008fb00000|  0%| F|  |TAMS 0x000000008fa00000, 0x000000008fa00000| Untracked 
|  95|0x000000008fb00000, 0x000000008fb00000, 0x000000008fc00000|  0%| F|  |TAMS 0x000000008fb00000, 0x000000008fb00000| Untracked 
|  96|0x000000008fc00000, 0x000000008fc00000, 0x000000008fd00000|  0%| F|  |TAMS 0x000000008fc00000, 0x000000008fc00000| Untracked 
|  97|0x000000008fd00000, 0x000000008fd00000, 0x000000008fe00000|  0%| F|  |TAMS 0x000000008fd00000, 0x000000008fd00000| Untracked 
|  98|0x000000008fe00000, 0x000000008fe00000, 0x000000008ff00000|  0%| F|  |TAMS 0x000000008fe00000, 0x000000008fe00000| Untracked 
|  99|0x000000008ff00000, 0x000000008ff00000, 0x0000000090000000|  0%| F|  |TAMS 0x000000008ff00000, 0x000000008ff00000| Untracked 
| 100|0x0000000090000000, 0x0000000090000000, 0x0000000090100000|  0%| F|  |TAMS 0x0000000090000000, 0x0000000090000000| Untracked 
| 101|0x0000000090100000, 0x0000000090100000, 0x0000000090200000|  0%| F|  |TAMS 0x0000000090100000, 0x0000000090100000| Untracked 
| 102|0x0000000090200000, 0x0000000090200000, 0x0000000090300000|  0%| F|  |TAMS 0x0000000090200000, 0x0000000090200000| Untracked 
| 103|0x0000000090300000, 0x0000000090300000, 0x0000000090400000|  0%| F|  |TAMS 0x0000000090300000, 0x0000000090300000| Untracked 
| 104|0x0000000090400000, 0x0000000090400000, 0x0000000090500000|  0%| F|  |TAMS 0x0000000090400000, 0x0000000090400000| Untracked 
| 105|0x0000000090500000, 0x0000000090500000, 0x0000000090600000|  0%| F|  |TAMS 0x0000000090500000, 0x0000000090500000| Untracked 
| 106|0x0000000090600000, 0x0000000090600000, 0x0000000090700000|  0%| F|  |TAMS 0x0000000090600000, 0x0000000090600000| Untracked 
| 107|0x0000000090700000, 0x0000000090700000, 0x0000000090800000|  0%| F|  |TAMS 0x0000000090700000, 0x0000000090700000| Untracked 
| 108|0x0000000090800000, 0x0000000090800000, 0x0000000090900000|  0%| F|  |TAMS 0x0000000090800000, 0x0000000090800000| Untracked 
| 109|0x0000000090900000, 0x0000000090900000, 0x0000000090a00000|  0%| F|  |TAMS 0x0000000090900000, 0x0000000090900000| Untracked 
| 110|0x0000000090a00000, 0x0000000090a00000, 0x0000000090b00000|  0%| F|  |TAMS 0x0000000090a00000, 0x0000000090a00000| Untracked 
| 111|0x0000000090b00000, 0x0000000090b00000, 0x0000000090c00000|  0%| F|  |TAMS 0x0000000090b00000, 0x0000000090b00000| Untracked 
| 112|0x0000000090c00000, 0x0000000090c00000, 0x0000000090d00000|  0%| F|  |TAMS 0x0000000090c00000, 0x0000000090c00000| Untracked 
| 113|0x0000000090d00000, 0x0000000090d00000, 0x0000000090e00000|  0%| F|  |TAMS 0x0000000090d00000, 0x0000000090d00000| Untracked 
| 114|0x0000000090e00000, 0x0000000090e00000, 0x0000000090f00000|  0%| F|  |TAMS 0x0000000090e00000, 0x0000000090e00000| Untracked 
| 115|0x0000000090f00000, 0x0000000090f00000, 0x0000000091000000|  0%| F|  |TAMS 0x0000000090f00000, 0x0000000090f00000| Untracked 
| 116|0x0000000091000000, 0x0000000091000000, 0x0000000091100000|  0%| F|  |TAMS 0x0000000091000000, 0x0000000091000000| Untracked 
| 117|0x0000000091100000, 0x0000000091100000, 0x0000000091200000|  0%| F|  |TAMS 0x0000000091100000, 0x0000000091100000| Untracked 
| 118|0x0000000091200000, 0x0000000091200000, 0x0000000091300000|  0%| F|  |TAMS 0x0000000091200000, 0x0000000091200000| Untracked 
| 119|0x0000000091300000, 0x0000000091300000, 0x0000000091400000|  0%| F|  |TAMS 0x0000000091300000, 0x0000000091300000| Untracked 
| 120|0x0000000091400000, 0x0000000091400000, 0x0000000091500000|  0%| F|  |TAMS 0x0000000091400000, 0x0000000091400000| Untracked 
| 121|0x0000000091500000, 0x0000000091500000, 0x0000000091600000|  0%| F|  |TAMS 0x0000000091500000, 0x0000000091500000| Untracked 
| 122|0x0000000091600000, 0x0000000091600000, 0x0000000091700000|  0%| F|  |TAMS 0x0000000091600000, 0x0000000091600000| Untracked 
| 123|0x0000000091700000, 0x0000000091700000, 0x0000000091800000|  0%| F|  |TAMS 0x0000000091700000, 0x0000000091700000| Untracked 
| 124|0x0000000091800000, 0x0000000091800000, 0x0000000091900000|  0%| F|  |TAMS 0x0000000091800000, 0x0000000091800000| Untracked 
| 125|0x0000000091900000, 0x0000000091900000, 0x0000000091a00000|  0%| F|  |TAMS 0x0000000091900000, 0x0000000091900000| Untracked 
| 126|0x0000000091a00000, 0x0000000091a00000, 0x0000000091b00000|  0%| F|  |TAMS 0x0000000091a00000, 0x0000000091a00000| Untracked 
| 127|0x0000000091b00000, 0x0000000091b00000, 0x0000000091c00000|  0%| F|  |TAMS 0x0000000091b00000, 0x0000000091b00000| Untracked 
| 128|0x0000000091c00000, 0x0000000091c00000, 0x0000000091d00000|  0%| F|  |TAMS 0x0000000091c00000, 0x0000000091c00000| Untracked 
| 129|0x0000000091d00000, 0x0000000091d00000, 0x0000000091e00000|  0%| F|  |TAMS 0x0000000091d00000, 0x0000000091d00000| Untracked 
| 130|0x0000000091e00000, 0x0000000091e00000, 0x0000000091f00000|  0%| F|  |TAMS 0x0000000091e00000, 0x0000000091e00000| Untracked 
| 131|0x0000000091f00000, 0x0000000091f00000, 0x0000000092000000|  0%| F|  |TAMS 0x0000000091f00000, 0x0000000091f00000| Untracked 
| 132|0x0000000092000000, 0x0000000092000000, 0x0000000092100000|  0%| F|  |TAMS 0x0000000092000000, 0x0000000092000000| Untracked 
| 133|0x0000000092100000, 0x0000000092100000, 0x0000000092200000|  0%| F|  |TAMS 0x0000000092100000, 0x0000000092100000| Untracked 
| 134|0x0000000092200000, 0x0000000092200000, 0x0000000092300000|  0%| F|  |TAMS 0x0000000092200000, 0x0000000092200000| Untracked 
| 135|0x0000000092300000, 0x0000000092300000, 0x0000000092400000|  0%| F|  |TAMS 0x0000000092300000, 0x0000000092300000| Untracked 
| 136|0x0000000092400000, 0x0000000092400000, 0x0000000092500000|  0%| F|  |TAMS 0x0000000092400000, 0x0000000092400000| Untracked 
| 137|0x0000000092500000, 0x0000000092500000, 0x0000000092600000|  0%| F|  |TAMS 0x0000000092500000, 0x0000000092500000| Untracked 
| 138|0x0000000092600000, 0x0000000092600000, 0x0000000092700000|  0%| F|  |TAMS 0x0000000092600000, 0x0000000092600000| Untracked 
| 139|0x0000000092700000, 0x0000000092700000, 0x0000000092800000|  0%| F|  |TAMS 0x0000000092700000, 0x0000000092700000| Untracked 
| 140|0x0000000092800000, 0x0000000092800000, 0x0000000092900000|  0%| F|  |TAMS 0x0000000092800000, 0x0000000092800000| Untracked 
| 141|0x0000000092900000, 0x0000000092900000, 0x0000000092a00000|  0%| F|  |TAMS 0x0000000092900000, 0x0000000092900000| Untracked 
| 142|0x0000000092a00000, 0x0000000092a00000, 0x0000000092b00000|  0%| F|  |TAMS 0x0000000092a00000, 0x0000000092a00000| Untracked 
| 143|0x0000000092b00000, 0x0000000092b00000, 0x0000000092c00000|  0%| F|  |TAMS 0x0000000092b00000, 0x0000000092b00000| Untracked 
| 144|0x0000000092c00000, 0x0000000092c00000, 0x0000000092d00000|  0%| F|  |TAMS 0x0000000092c00000, 0x0000000092c00000| Untracked 
| 145|0x0000000092d00000, 0x0000000092d00000, 0x0000000092e00000|  0%| F|  |TAMS 0x0000000092d00000, 0x0000000092d00000| Untracked 
| 146|0x0000000092e00000, 0x0000000092e00000, 0x0000000092f00000|  0%| F|  |TAMS 0x0000000092e00000, 0x0000000092e00000| Untracked 
| 147|0x0000000092f00000, 0x0000000092f00000, 0x0000000093000000|  0%| F|  |TAMS 0x0000000092f00000, 0x0000000092f00000| Untracked 
| 148|0x0000000093000000, 0x0000000093000000, 0x0000000093100000|  0%| F|  |TAMS 0x0000000093000000, 0x0000000093000000| Untracked 
| 149|0x0000000093100000, 0x0000000093100000, 0x0000000093200000|  0%| F|  |TAMS 0x0000000093100000, 0x0000000093100000| Untracked 
| 150|0x0000000093200000, 0x0000000093200000, 0x0000000093300000|  0%| F|  |TAMS 0x0000000093200000, 0x0000000093200000| Untracked 
| 151|0x0000000093300000, 0x0000000093300000, 0x0000000093400000|  0%| F|  |TAMS 0x0000000093300000, 0x0000000093300000| Untracked 
| 152|0x0000000093400000, 0x0000000093400000, 0x0000000093500000|  0%| F|  |TAMS 0x0000000093400000, 0x0000000093400000| Untracked 
| 153|0x0000000093500000, 0x0000000093500000, 0x0000000093600000|  0%| F|  |TAMS 0x0000000093500000, 0x0000000093500000| Untracked 
| 154|0x0000000093600000, 0x0000000093600000, 0x0000000093700000|  0%| F|  |TAMS 0x0000000093600000, 0x0000000093600000| Untracked 
| 155|0x0000000093700000, 0x0000000093700000, 0x0000000093800000|  0%| F|  |TAMS 0x0000000093700000, 0x0000000093700000| Untracked 
| 156|0x0000000093800000, 0x0000000093800000, 0x0000000093900000|  0%| F|  |TAMS 0x0000000093800000, 0x0000000093800000| Untracked 
| 157|0x0000000093900000, 0x0000000093900000, 0x0000000093a00000|  0%| F|  |TAMS 0x0000000093900000, 0x0000000093900000| Untracked 
| 158|0x0000000093a00000, 0x0000000093a00000, 0x0000000093b00000|  0%| F|  |TAMS 0x0000000093a00000, 0x0000000093a00000| Untracked 
| 159|0x0000000093b00000, 0x0000000093b00000, 0x0000000093c00000|  0%| F|  |TAMS 0x0000000093b00000, 0x0000000093b00000| Untracked 
| 160|0x0000000093c00000, 0x0000000093c00000, 0x0000000093d00000|  0%| F|  |TAMS 0x0000000093c00000, 0x0000000093c00000| Untracked 
| 161|0x0000000093d00000, 0x0000000093d00000, 0x0000000093e00000|  0%| F|  |TAMS 0x0000000093d00000, 0x0000000093d00000| Untracked 
| 162|0x0000000093e00000, 0x0000000093e00000, 0x0000000093f00000|  0%| F|  |TAMS 0x0000000093e00000, 0x0000000093e00000| Untracked 
| 163|0x0000000093f00000, 0x0000000093f00000, 0x0000000094000000|  0%| F|  |TAMS 0x0000000093f00000, 0x0000000093f00000| Untracked 
| 164|0x0000000094000000, 0x0000000094000000, 0x0000000094100000|  0%| F|  |TAMS 0x0000000094000000, 0x0000000094000000| Untracked 
| 165|0x0000000094100000, 0x0000000094100000, 0x0000000094200000|  0%| F|  |TAMS 0x0000000094100000, 0x0000000094100000| Untracked 
| 166|0x0000000094200000, 0x0000000094200000, 0x0000000094300000|  0%| F|  |TAMS 0x0000000094200000, 0x0000000094200000| Untracked 
| 167|0x0000000094300000, 0x0000000094300000, 0x0000000094400000|  0%| F|  |TAMS 0x0000000094300000, 0x0000000094300000| Untracked 
| 168|0x0000000094400000, 0x0000000094400000, 0x0000000094500000|  0%| F|  |TAMS 0x0000000094400000, 0x0000000094400000| Untracked 
| 169|0x0000000094500000, 0x0000000094500000, 0x0000000094600000|  0%| F|  |TAMS 0x0000000094500000, 0x0000000094500000| Untracked 
| 170|0x0000000094600000, 0x0000000094600000, 0x0000000094700000|  0%| F|  |TAMS 0x0000000094600000, 0x0000000094600000| Untracked 
| 171|0x0000000094700000, 0x0000000094700000, 0x0000000094800000|  0%| F|  |TAMS 0x0000000094700000, 0x0000000094700000| Untracked 
| 172|0x0000000094800000, 0x0000000094800000, 0x0000000094900000|  0%| F|  |TAMS 0x0000000094800000, 0x0000000094800000| Untracked 
| 173|0x0000000094900000, 0x0000000094900000, 0x0000000094a00000|  0%| F|  |TAMS 0x0000000094900000, 0x0000000094900000| Untracked 
| 174|0x0000000094a00000, 0x0000000094a00000, 0x0000000094b00000|  0%| F|  |TAMS 0x0000000094a00000, 0x0000000094a00000| Untracked 
| 175|0x0000000094b00000, 0x0000000094b00000, 0x0000000094c00000|  0%| F|  |TAMS 0x0000000094b00000, 0x0000000094b00000| Untracked 
| 176|0x0000000094c00000, 0x0000000094c00000, 0x0000000094d00000|  0%| F|  |TAMS 0x0000000094c00000, 0x0000000094c00000| Untracked 
| 177|0x0000000094d00000, 0x0000000094d00000, 0x0000000094e00000|  0%| F|  |TAMS 0x0000000094d00000, 0x0000000094d00000| Untracked 
| 178|0x0000000094e00000, 0x0000000094e00000, 0x0000000094f00000|  0%| F|  |TAMS 0x0000000094e00000, 0x0000000094e00000| Untracked 
| 179|0x0000000094f00000, 0x0000000094f00000, 0x0000000095000000|  0%| F|  |TAMS 0x0000000094f00000, 0x0000000094f00000| Untracked 
| 180|0x0000000095000000, 0x0000000095000000, 0x0000000095100000|  0%| F|  |TAMS 0x0000000095000000, 0x0000000095000000| Untracked 
| 181|0x0000000095100000, 0x0000000095100000, 0x0000000095200000|  0%| F|  |TAMS 0x0000000095100000, 0x0000000095100000| Untracked 
| 182|0x0000000095200000, 0x0000000095200000, 0x0000000095300000|  0%| F|  |TAMS 0x0000000095200000, 0x0000000095200000| Untracked 
| 183|0x0000000095300000, 0x0000000095300000, 0x0000000095400000|  0%| F|  |TAMS 0x0000000095300000, 0x0000000095300000| Untracked 
| 184|0x0000000095400000, 0x0000000095400000, 0x0000000095500000|  0%| F|  |TAMS 0x0000000095400000, 0x0000000095400000| Untracked 
| 185|0x0000000095500000, 0x0000000095500000, 0x0000000095600000|  0%| F|  |TAMS 0x0000000095500000, 0x0000000095500000| Untracked 
| 186|0x0000000095600000, 0x0000000095600000, 0x0000000095700000|  0%| F|  |TAMS 0x0000000095600000, 0x0000000095600000| Untracked 
| 187|0x0000000095700000, 0x0000000095700000, 0x0000000095800000|  0%| F|  |TAMS 0x0000000095700000, 0x0000000095700000| Untracked 
| 188|0x0000000095800000, 0x0000000095800000, 0x0000000095900000|  0%| F|  |TAMS 0x0000000095800000, 0x0000000095800000| Untracked 
| 189|0x0000000095900000, 0x0000000095900000, 0x0000000095a00000|  0%| F|  |TAMS 0x0000000095900000, 0x0000000095900000| Untracked 
| 190|0x0000000095a00000, 0x0000000095a00000, 0x0000000095b00000|  0%| F|  |TAMS 0x0000000095a00000, 0x0000000095a00000| Untracked 
| 191|0x0000000095b00000, 0x0000000095b00000, 0x0000000095c00000|  0%| F|  |TAMS 0x0000000095b00000, 0x0000000095b00000| Untracked 
| 192|0x0000000095c00000, 0x0000000095c00000, 0x0000000095d00000|  0%| F|  |TAMS 0x0000000095c00000, 0x0000000095c00000| Untracked 
| 193|0x0000000095d00000, 0x0000000095d00000, 0x0000000095e00000|  0%| F|  |TAMS 0x0000000095d00000, 0x0000000095d00000| Untracked 
| 194|0x0000000095e00000, 0x0000000095e00000, 0x0000000095f00000|  0%| F|  |TAMS 0x0000000095e00000, 0x0000000095e00000| Untracked 
| 195|0x0000000095f00000, 0x0000000095f00000, 0x0000000096000000|  0%| F|  |TAMS 0x0000000095f00000, 0x0000000095f00000| Untracked 
| 196|0x0000000096000000, 0x0000000096000000, 0x0000000096100000|  0%| F|  |TAMS 0x0000000096000000, 0x0000000096000000| Untracked 
| 197|0x0000000096100000, 0x0000000096100000, 0x0000000096200000|  0%| F|  |TAMS 0x0000000096100000, 0x0000000096100000| Untracked 
| 198|0x0000000096200000, 0x0000000096200000, 0x0000000096300000|  0%| F|  |TAMS 0x0000000096200000, 0x0000000096200000| Untracked 
| 199|0x0000000096300000, 0x0000000096300000, 0x0000000096400000|  0%| F|  |TAMS 0x0000000096300000, 0x0000000096300000| Untracked 
| 200|0x0000000096400000, 0x00000000964e0e60, 0x0000000096500000| 87%| S|CS|TAMS 0x0000000096400000, 0x0000000096400000| Complete 
| 201|0x0000000096500000, 0x0000000096500000, 0x0000000096600000|  0%| F|  |TAMS 0x0000000096500000, 0x0000000096500000| Untracked 
| 202|0x0000000096600000, 0x0000000096600000, 0x0000000096700000|  0%| F|  |TAMS 0x0000000096600000, 0x0000000096600000| Untracked 
| 203|0x0000000096700000, 0x0000000096700000, 0x0000000096800000|  0%| F|  |TAMS 0x0000000096700000, 0x0000000096700000| Untracked 
| 204|0x0000000096800000, 0x0000000096800000, 0x0000000096900000|  0%| F|  |TAMS 0x0000000096800000, 0x0000000096800000| Untracked 
| 205|0x0000000096900000, 0x0000000096900000, 0x0000000096a00000|  0%| F|  |TAMS 0x0000000096900000, 0x0000000096900000| Untracked 
| 206|0x0000000096a00000, 0x0000000096a00000, 0x0000000096b00000|  0%| F|  |TAMS 0x0000000096a00000, 0x0000000096a00000| Untracked 
| 207|0x0000000096b00000, 0x0000000096b00000, 0x0000000096c00000|  0%| F|  |TAMS 0x0000000096b00000, 0x0000000096b00000| Untracked 
| 208|0x0000000096c00000, 0x0000000096c00000, 0x0000000096d00000|  0%| F|  |TAMS 0x0000000096c00000, 0x0000000096c00000| Untracked 
| 209|0x0000000096d00000, 0x0000000096d00000, 0x0000000096e00000|  0%| F|  |TAMS 0x0000000096d00000, 0x0000000096d00000| Untracked 
| 210|0x0000000096e00000, 0x0000000096e00000, 0x0000000096f00000|  0%| F|  |TAMS 0x0000000096e00000, 0x0000000096e00000| Untracked 
|1890|0x00000000ffe00000, 0x00000000ffe47000, 0x00000000fff00000| 27%|OA|  |TAMS 0x00000000ffe00000, 0x00000000ffe00000| Untracked 
|1891|0x00000000fff00000, 0x00000000fff72000, 0x0000000100000000| 44%|CA|  |TAMS 0x00000000fff00000, 0x00000000fff00000| Untracked 

Card table byte_map: [0x00007f937e14e000,0x00007f937e500000] _byte_map_base: 0x00007f937dd00000

Marking Bits (Prev, Next): (CMBitMap*) 0x00007f9378060f58, (CMBitMap*) 0x00007f9378060f98
 Prev Bits: [0x00007f937c00c000, 0x00007f937dd9c000)
 Next Bits: [0x00007f935edeb000, 0x00007f9360b7b000)

Polling page: 0x00007f938251d000

Metaspace:

Usage:
  Non-class:     14.92 MB capacity,    14.67 MB ( 98%) used,   223.23 KB (  1%) free+waste,    25.94 KB ( <1%) overhead. 
      Class:      1.59 MB capacity,     1.49 MB ( 94%) used,    89.19 KB (  5%) free+waste,    10.88 KB ( <1%) overhead. 
       Both:     16.50 MB capacity,    16.16 MB ( 98%) used,   312.42 KB (  2%) free+waste,    36.81 KB ( <1%) overhead. 

Virtual space:
  Non-class space:       16.00 MB reserved,      15.25 MB ( 95%) committed 
      Class space:        1.00 GB reserved,       1.62 MB ( <1%) committed 
             Both:        1.02 GB reserved,      16.88 MB (  2%) committed 

Chunk freelists:
   Non-Class:  19.75 KB
       Class:  2.38 KB
        Both:  22.12 KB

CodeHeap 'non-profiled nmethods': size=120032Kb used=2777Kb max_used=2864Kb free=117254Kb
 bounds [0x00007f9368643000, 0x00007f9368913000, 0x00007f936fb7b000]
CodeHeap 'profiled nmethods': size=120028Kb used=8365Kb max_used=9683Kb free=111662Kb
 bounds [0x00007f936110c000, 0x00007f9361a8c000, 0x00007f9368643000]
CodeHeap 'non-nmethods': size=5700Kb used=1167Kb max_used=1218Kb free=4532Kb
 bounds [0x00007f9360b7b000, 0x00007f9360deb000, 0x00007f936110c000]
 total_blobs=6446 nmethods=3771 adapters=420
 compilation: enabled
              stopped_count=0, restarted_count=0
 full_count=0

Compilation events (10 events):
Event: 50.450 Thread 0x00007f9378172000 4715  s    4       org.h2.mvstore.cache.CacheLongKeyLIRS$Segment::put (201 bytes)
Event: 50.514 Thread 0x00007f9378172000 nmethod 4715 0x00007f93687fd290 code [0x00007f93687fd4a0, 0x00007f93687ff6e8]
Event: 50.551 Thread 0x00007f9378174000 4716       3       java.math.BigDecimal::equals (124 bytes)
Event: 50.555 Thread 0x00007f9378174000 nmethod 4716 0x00007f9361159d10 code [0x00007f9361159f40, 0x00007f936115a808]
Event: 50.915 Thread 0x00007f9378172000 4717       4       org.h2.mvstore.db.MVPrimaryIndex::find (168 bytes)
Event: 51.168 Thread 0x00007f9378172000 nmethod 4717 0x00007f93687e4710 code [0x00007f93687e4920, 0x00007f93687e54f0]
Event: 52.028 Thread 0x00007f9378174000 4718       3       org.h2.value.ValueDate::equals (35 bytes)
Event: 56.613 Thread 0x00007f9378174000 nmethod 4718 0x00007f936114f010 code [0x00007f936114f1e0, 0x00007f936114f650]
Event: 56.775 Thread 0x00007f9378174000 4719       3       org.h2.mvstore.db.TransactionStore$VersionedValueType::getMemory (22 bytes)
Event: 60.567 Thread 0x00007f9378174000 nmethod 4719 0x00007f9361145090 code [0x00007f9361145260, 0x00007f93611455c8]

GC Heap History (10 events):
Event: 49.648 GC heap after
{Heap after GC invocations=67 (full 0):
 garbage-first heap   total 218112K, used 33752K [0x0000000089c00000, 0x0000000100000000)
  region size 1024K, 3 young (3072K), 3 survivors (3072K)
 Metaspace       used 16549K, capacity 16899K, committed 17280K, reserved 1064960K
  class space    used 1524K, capacity 1625K, committed 1664K, reserved 1048576K
}
Event: 50.667 GC heap before
{Heap before GC invocations=67 (full 0):
 garbage-first heap   total 218112K, used 160728K [0x0000000089c00000, 0x0000000100000000)
  region size 1024K, 127 young (130048K), 3 survivors (3072K)
 Metaspace       used 16549K, capacity 16899K, committed 17280K, reserved 1064960K
  class space    used 1524K, capacity 1625K, committed 1664K, reserved 1048576K
}
Event: 50.702 GC heap after
{Heap after GC invocations=68 (full 0):
 garbage-first heap   total 218112K, used 33608K [0x0000000089c00000, 0x0000000100000000)
  region size 1024K, 3 young (3072K), 3 survivors (3072K)
 Metaspace       used 16549K, capacity 16899K, committed 17280K, reserved 1064960K
  class space    used 1524K, capacity 1625K, committed 1664K, reserved 1048576K
}
Event: 51.630 GC heap before
{Heap before GC invocations=68 (full 0):
 garbage-first heap   total 218112K, used 160584K [0x0000000089c00000, 0x0000000100000000)
  region size 1024K, 127 young (130048K), 3 survivors (3072K)
 Metaspace       used 16549K, capacity 16899K, committed 17280K, reserved 1064960K
  class space    used 1524K, capacity 1625K, committed 1664K, reserved 1048576K
}
Event: 51.694 GC heap after
{Heap after GC invocations=69 (full 0):
 garbage-first heap   total 218112K, used 33759K [0x0000000089c00000, 0x0000000100000000)
  region size 1024K, 3 young (3072K), 3 survivors (3072K)
 Metaspace       used 16549K, capacity 16899K, committed 17280K, reserved 1064960K
  class space    used 1524K, capacity 1625K, committed 1664K, reserved 1048576K
}
Event: 58.016 GC heap before
{Heap before GC invocations=69 (full 0):
 garbage-first heap   total 218112K, used 160735K [0x0000000089c00000, 0x0000000100000000)
  region size 1024K, 127 young (130048K), 3 survivors (3072K)
 Metaspace       used 16549K, capacity 16899K, committed 17280K, reserved 1064960K
  class space    used 1524K, capacity 1625K, committed 1664K, reserved 1048576K
}
Event: 59.508 GC heap after
{Heap after GC invocations=70 (full 0):
 garbage-first heap   total 218112K, used 33857K [0x0000000089c00000, 0x0000000100000000)
  region size 1024K, 3 young (3072K), 3 survivors (3072K)
 Metaspace       used 16549K, capacity 16899K, committed 17280K, reserved 1064960K
  class space    used 1524K, capacity 1625K, committed 1664K, reserved 1048576K
}
Event: 64.148 GC heap before
{Heap before GC invocations=70 (full 0):
 garbage-first heap   total 218112K, used 41025K [0x0000000089c00000, 0x0000000100000000)
  region size 1024K, 10 young (10240K), 3 survivors (3072K)
 Metaspace       used 16549K, capacity 16899K, committed 17280K, reserved 1064960K
  class space    used 1524K, capacity 1625K, committed 1664K, reserved 1048576K
}
Event: 64.637 GC heap after
{Heap after GC invocations=71 (full 0):
 garbage-first heap   total 218112K, used 33857K [0x0000000089c00000, 0x0000000100000000)
  region size 1024K, 1 young (1024K), 1 survivors (1024K)
 Metaspace       used 16549K, capacity 16899K, committed 17280K, reserved 1064960K
  class space    used 1524K, capacity 1625K, committed 1664K, reserved 1048576K
}
Event: 65.123 GC heap before
{Heap before GC invocations=71 (full 0):
 garbage-first heap   total 218112K, used 43073K [0x0000000089c00000, 0x0000000100000000)
  region size 1024K, 10 young (10240K), 1 survivors (1024K)
 Metaspace       used 16549K, capacity 16899K, committed 17280K, reserved 1064960K
  class space    used 1524K, capacity 1625K, committed 1664K, reserved 1048576K
}

Deoptimization events (10 events):
Event: 46.767 Thread 0x00007f9378011000 Uncommon trap: reason=unstable_if action=reinterpret pc=0x00007f9368879238 method=org.h2.result.LocalResult.done()V @ 193 c2
Event: 46.775 Thread 0x00007f9378011000 Uncommon trap: reason=class_check action=maybe_recompile pc=0x00007f93688a3280 method=org.h2.expression.Expression.getBooleanValue(Lorg/h2/engine/Session;)Z @ 5 c2
Event: 46.776 Thread 0x00007f9378011000 Uncommon trap: reason=class_check action=maybe_recompile pc=0x00007f93688c9880 method=org.h2.index.IndexCursor.prepare(Lorg/h2/engine/Session;Ljava/util/ArrayList;)V @ 90 c2
Event: 46.776 Thread 0x00007f9378011000 Uncommon trap: reason=class_check action=maybe_recompile pc=0x00007f93688c9880 method=org.h2.index.IndexCursor.prepare(Lorg/h2/engine/Session;Ljava/util/ArrayList;)V @ 90 c2
Event: 46.777 Thread 0x00007f9378011000 Uncommon trap: reason=class_check action=maybe_recompile pc=0x00007f93688a3280 method=org.h2.expression.Expression.getBooleanValue(Lorg/h2/engine/Session;)Z @ 5 c2
Event: 46.778 Thread 0x00007f9378011000 Uncommon trap: reason=class_check action=maybe_recompile pc=0x00007f93688c9880 method=org.h2.index.IndexCursor.prepare(Lorg/h2/engine/Session;Ljava/util/ArrayList;)V @ 90 c2
Event: 46.778 Thread 0x00007f9378011000 Uncommon trap: reason=class_check action=maybe_recompile pc=0x00007f93688c9880 method=org.h2.index.IndexCursor.prepare(Lorg/h2/engine/Session;Ljava/util/ArrayList;)V @ 90 c2
Event: 46.780 Thread 0x00007f9378011000 Uncommon trap: reason=class_check action=maybe_recompile pc=0x00007f93688a3280 method=org.h2.expression.Expression.getBooleanValue(Lorg/h2/engine/Session;)Z @ 5 c2
Event: 46.782 Thread 0x00007f9378011000 Uncommon trap: reason=class_check action=maybe_recompile pc=0x00007f93688a3280 method=org.h2.expression.Expression.getBooleanValue(Lorg/h2/engine/Session;)Z @ 5 c2
Event: 46.784 Thread 0x00007f9378011000 Uncommon trap: reason=class_check action=maybe_recompile pc=0x00007f93688c4670 method=org.h2.expression.Expression.getBooleanValue(Lorg/h2/engine/Session;)Z @ 5 c2

Classes redefined (0 events):
No events

Internal exceptions (10 events):
Event: 4.391 Thread 0x00007f9378011000 Exception <a 'java/lang/NoSuchMethodError'{0x0000000091a2fb38}: java.lang.invoke.DirectMethodHandle$Holder.invokeStatic(Ljava/lang/Object;Ljava/lang/Object;Ljava/lang/Object;Ljava/lang/Object;Ljava/lang/Object;Ljava/lang/Object;Ljava/lang/Object;Ljava/lan
Event: 27.789 Thread 0x00007f9378011000 Implicit null exception at 0x00007f9368856d60 to 0x00007f9368857862
Event: 27.790 Thread 0x00007f9378011000 Implicit null exception at 0x00007f9368880b25 to 0x00007f9368880bf6
Event: 27.790 Thread 0x00007f9378011000 Implicit null exception at 0x00007f93688743fc to 0x00007f936887447f
Event: 27.790 Thread 0x00007f9378011000 Implicit null exception at 0x00007f936883777e to 0x00007f936883832a
Event: 27.795 Thread 0x00007f9378011000 Implicit null exception at 0x00007f936885361d to 0x00007f93688536ea
Event: 27.797 Thread 0x00007f9378011000 Implicit null exception at 0x00007f9368879c7d to 0x00007f936887ae46
Event: 46.574 Thread 0x00007f9378011000 Implicit null exception at 0x00007f93688ad9d3 to 0x00007f93688b15f6
Event: 46.575 Thread 0x00007f9378011000 Implicit null exception at 0x00007f93688df3b4 to 0x00007f93688df47e
Event: 46.575 Thread 0x00007f9378011000 Implicit null exception at 0x00007f93688dd991 to 0x00007f93688dda0b

Events (10 events):
Event: 49.648 Executing VM operation: G1CollectForAllocation done
Event: 50.662 Executing VM operation: G1CollectForAllocation
Event: 50.704 Executing VM operation: G1CollectForAllocation done
Event: 51.622 Executing VM operation: G1CollectForAllocation
Event: 51.701 Executing VM operation: G1CollectForAllocation done
Event: 57.940 Executing VM operation: G1CollectForAllocation
Event: 60.066 Executing VM operation: G1CollectForAllocation done
Event: 64.028 Executing VM operation: G1CollectForAllocation
Event: 64.774 Executing VM operation: G1CollectForAllocation done
Event: 64.981 Executing VM operation: G1CollectForAllocation


Dynamic libraries:
00400000-00401000 r-xp 00000000 fd:00 3021074                            /opt/jdk-12.0.1/bin/java
00600000-00601000 r--p 00000000 fd:00 3021074                            /opt/jdk-12.0.1/bin/java
00601000-00602000 rw-p 00001000 fd:00 3021074                            /opt/jdk-12.0.1/bin/java
02469000-0248a000 rw-p 00000000 00:00 0                                  [heap]
89c00000-96f00000 rw-p 00000000 00:00 0 
a8d00000-ffe00000 ---p 00000000 00:00 0 
ffe00000-ffe47000 rw-p 01198000 fd:00 3151963                            /opt/jdk-12.0.1/lib/server/classes.jsa
ffe47000-fff00000 rw-p 00000000 00:00 0 
fff00000-fff72000 rw-p 01126000 fd:00 3151963                            /opt/jdk-12.0.1/lib/server/classes.jsa
fff72000-100000000 rw-p 00000000 00:00 0 
800000000-800003000 rwxp 00001000 fd:00 3151963                          /opt/jdk-12.0.1/lib/server/classes.jsa
800003000-8003d8000 rw-p 00004000 fd:00 3151963                          /opt/jdk-12.0.1/lib/server/classes.jsa
8003d8000-800ae0000 r--p 003d9000 fd:00 3151963                          /opt/jdk-12.0.1/lib/server/classes.jsa
800ae0000-800ae1000 rw-p 00ae1000 fd:00 3151963                          /opt/jdk-12.0.1/lib/server/classes.jsa
800ae1000-801125000 r--p 00ae2000 fd:00 3151963                          /opt/jdk-12.0.1/lib/server/classes.jsa
801125000-8012c5000 rw-p 00000000 00:00 0 
8012c5000-841125000 ---p 00000000 00:00 0 
7f92ec000000-7f92ec021000 rw-p 00000000 00:00 0 
7f92ec021000-7f92f0000000 ---p 00000000 00:00 0 
7f92f0000000-7f92f0021000 rw-p 00000000 00:00 0 
7f92f0021000-7f92f4000000 ---p 00000000 00:00 0 
7f92f4000000-7f92f4021000 rw-p 00000000 00:00 0 
7f92f4021000-7f92f8000000 ---p 00000000 00:00 0 
7f92f8000000-7f92f8021000 rw-p 00000000 00:00 0 
7f92f8021000-7f92fc000000 ---p 00000000 00:00 0 
7f92fc000000-7f92fc021000 rw-p 00000000 00:00 0 
7f92fc021000-7f9300000000 ---p 00000000 00:00 0 
7f9300000000-7f9300126000 rw-p 00000000 00:00 0 
7f9300126000-7f9304000000 ---p 00000000 00:00 0 
7f9304000000-7f9304021000 rw-p 00000000 00:00 0 
7f9304021000-7f9308000000 ---p 00000000 00:00 0 
7f9308000000-7f9308021000 rw-p 00000000 00:00 0 
7f9308021000-7f930c000000 ---p 00000000 00:00 0 
7f930c000000-7f930c021000 rw-p 00000000 00:00 0 
7f930c021000-7f9310000000 ---p 00000000 00:00 0 
7f9310000000-7f9310021000 rw-p 00000000 00:00 0 
7f9310021000-7f9314000000 ---p 00000000 00:00 0 
7f9314000000-7f9314021000 rw-p 00000000 00:00 0 
7f9314021000-7f9318000000 ---p 00000000 00:00 0 
7f9318000000-7f9318021000 rw-p 00000000 00:00 0 
7f9318021000-7f931c000000 ---p 00000000 00:00 0 
7f931c000000-7f931c021000 rw-p 00000000 00:00 0 
7f931c021000-7f9320000000 ---p 00000000 00:00 0 
7f9320000000-7f9320021000 rw-p 00000000 00:00 0 
7f9320021000-7f9324000000 ---p 00000000 00:00 0 
7f9324000000-7f9325ca5000 rw-p 00000000 00:00 0 
7f9325ca5000-7f9328000000 ---p 00000000 00:00 0 
7f9328000000-7f9328bd3000 rw-p 00000000 00:00 0 
7f9328bd3000-7f932c000000 ---p 00000000 00:00 0 
7f932c000000-7f932c021000 rw-p 00000000 00:00 0 
7f932c021000-7f9330000000 ---p 00000000 00:00 0 
7f9331ad6000-7f9338000000 r--p 00000000 fd:00 2257685                    /usr/lib/locale/locale-archive
7f9338000000-7f9338021000 rw-p 00000000 00:00 0 
7f9338021000-7f933c000000 ---p 00000000 00:00 0 
7f933c000000-7f933c021000 rw-p 00000000 00:00 0 
7f933c021000-7f9340000000 ---p 00000000 00:00 0 
7f9340000000-7f93401cf000 rw-p 00000000 00:00 0 
7f93401cf000-7f9344000000 ---p 00000000 00:00 0 
7f93452ec000-7f9345538000 rw-p 00000000 00:00 0 
7f9345538000-7f9345539000 ---p 00000000 00:00 0 
7f9345539000-7f934563a000 rw-p 00000000 00:00 0 
7f934563a000-7f934563b000 ---p 00000000 00:00 0 
7f934563b000-7f934573c000 rw-p 00000000 00:00 0 
7f934573c000-7f9345740000 ---p 00000000 00:00 0 
7f9345740000-7f934583d000 rw-p 00000000 00:00 0 
7f934583d000-7f9345841000 ---p 00000000 00:00 0 
7f9345841000-7f9345a7e000 rw-p 00000000 00:00 0 
7f9345a7e000-7f9345b3e000 ---p 00000000 00:00 0 
7f9345b3e000-7f9345b42000 ---p 00000000 00:00 0 
7f9345b42000-7f9345e3f000 rw-p 00000000 00:00 0 
7f9345e3f000-7f934603f000 rw-p 00000000 00:00 0 
7f934603f000-7f9346043000 ---p 00000000 00:00 0 
7f9346043000-7f9346140000 rw-p 00000000 00:00 0 
7f9346140000-7f9346141000 ---p 00000000 00:00 0 
7f9346141000-7f9346242000 rw-p 00000000 00:00 0 
7f9346242000-7f9346246000 ---p 00000000 00:00 0 
7f9346246000-7f9346543000 rw-p 00000000 00:00 0 
7f9346543000-7f9346547000 ---p 00000000 00:00 0 
7f9346547000-7f9346644000 rw-p 00000000 00:00 0 
7f9346644000-7f9346646000 r-xp 00000000 fd:00 3151922                    /opt/jdk-12.0.1/lib/libextnet.so
7f9346646000-7f9346845000 ---p 00002000 fd:00 3151922                    /opt/jdk-12.0.1/lib/libextnet.so
7f9346845000-7f9346846000 r--p 00001000 fd:00 3151922                    /opt/jdk-12.0.1/lib/libextnet.so
7f9346846000-7f9346847000 rw-p 00002000 fd:00 3151922                    /opt/jdk-12.0.1/lib/libextnet.so
7f9346847000-7f9346848000 ---p 00000000 00:00 0 
7f9346848000-7f9346949000 rw-p 00000000 00:00 0 
7f9346949000-7f934695f000 r-xp 00000000 fd:00 3151942                    /opt/jdk-12.0.1/lib/libnet.so
7f934695f000-7f9346b5f000 ---p 00016000 fd:00 3151942                    /opt/jdk-12.0.1/lib/libnet.so
7f9346b5f000-7f9346b60000 r--p 00016000 fd:00 3151942                    /opt/jdk-12.0.1/lib/libnet.so
7f9346b60000-7f9346b61000 rw-p 00017000 fd:00 3151942                    /opt/jdk-12.0.1/lib/libnet.so
7f9346b61000-7f9346b72000 r-xp 00000000 fd:00 3151943                    /opt/jdk-12.0.1/lib/libnio.so
7f9346b72000-7f9346d71000 ---p 00011000 fd:00 3151943                    /opt/jdk-12.0.1/lib/libnio.so
7f9346d71000-7f9346d72000 r--p 00010000 fd:00 3151943                    /opt/jdk-12.0.1/lib/libnio.so
7f9346d72000-7f9346d73000 rw-p 00011000 fd:00 3151943                    /opt/jdk-12.0.1/lib/libnio.so
7f9346d73000-7f9346d77000 ---p 00000000 00:00 0 
7f9346d77000-7f9346e74000 rw-p 00000000 00:00 0 
7f9346e74000-7f9346e75000 ---p 00000000 00:00 0 
7f9346e75000-7f9346f76000 rw-p 00000000 00:00 0 
7f9346f76000-7f9346f7a000 ---p 00000000 00:00 0 
7f9346f7a000-7f9347077000 rw-p 00000000 00:00 0 
7f9347077000-7f934707b000 ---p 00000000 00:00 0 
7f934707b000-7f9347178000 rw-p 00000000 00:00 0 
7f9347178000-7f934717c000 ---p 00000000 00:00 0 
7f934717c000-7f9347279000 rw-p 00000000 00:00 0 
7f9347279000-7f934727d000 ---p 00000000 00:00 0 
7f934727d000-7f934737a000 rw-p 00000000 00:00 0 
7f934737a000-7f934737e000 ---p 00000000 00:00 0 
7f934737e000-7f934747b000 rw-p 00000000 00:00 0 
7f934747b000-7f934747f000 ---p 00000000 00:00 0 
7f934747f000-7f934757c000 rw-p 00000000 00:00 0 
7f934757c000-7f9347580000 ---p 00000000 00:00 0 
7f9347580000-7f934767d000 rw-p 00000000 00:00 0 
7f934767d000-7f934767e000 ---p 00000000 00:00 0 
7f934767e000-7f9348000000 rw-p 00000000 00:00 0 
7f9348000000-7f9348021000 rw-p 00000000 00:00 0 
7f9348021000-7f934c000000 ---p 00000000 00:00 0 
7f934c000000-7f934c021000 rw-p 00000000 00:00 0 
7f934c021000-7f9350000000 ---p 00000000 00:00 0 
7f9350000000-7f9350021000 rw-p 00000000 00:00 0 
7f9350021000-7f9354000000 ---p 00000000 00:00 0 
7f9354000000-7f9354021000 rw-p 00000000 00:00 0 
7f9354021000-7f9358000000 ---p 00000000 00:00 0 
7f9358000000-7f9358021000 rw-p 00000000 00:00 0 
7f9358021000-7f935c000000 ---p 00000000 00:00 0 
7f935c07e000-7f935c0d9000 rw-p 00000000 00:00 0 
7f935c0d9000-7f935c0da000 ---p 00000000 00:00 0 
7f935c0da000-7f935c1db000 rw-p 00000000 00:00 0 
7f935c1db000-7f935c1dc000 ---p 00000000 00:00 0 
7f935c1dc000-7f935eae5000 rw-p 00000000 00:00 0 
7f935eae5000-7f935eae6000 ---p 00000000 00:00 0 
7f935eae6000-7f935ebe7000 rw-p 00000000 00:00 0 
7f935ebe7000-7f935ebe8000 ---p 00000000 00:00 0 
7f935ebe8000-7f935ece9000 rw-p 00000000 00:00 0 
7f935ece9000-7f935ecea000 ---p 00000000 00:00 0 
7f935ecea000-7f935f137000 rw-p 00000000 00:00 0 
7f935f137000-7f9360b73000 ---p 00000000 00:00 0 
7f9360b73000-7f9360b7b000 rw-p 00000000 00:00 0 
7f9360b7b000-7f9360deb000 rwxp 00000000 00:00 0 
7f9360deb000-7f936110c000 ---p 00000000 00:00 0 
7f936110c000-7f9361a8c000 rwxp 00000000 00:00 0 
7f9361a8c000-7f9368643000 ---p 00000000 00:00 0 
7f9368643000-7f9368913000 rwxp 00000000 00:00 0 
7f9368913000-7f936fb7b000 ---p 00000000 00:00 0 
7f936fb7b000-7f9378000000 r--s 00000000 fd:00 3151953                    /opt/jdk-12.0.1/lib/modules
7f9378000000-7f9378b0e000 rw-p 00000000 00:00 0 
7f9378b0e000-7f937c000000 ---p 00000000 00:00 0 
7f937c00c000-7f937c358000 rw-p 00000000 00:00 0 
7f937c358000-7f937dd94000 ---p 00000000 00:00 0 
7f937dd94000-7f937de06000 rw-p 00000000 00:00 0 
7f937de06000-7f937e14d000 ---p 00000000 00:00 0 
7f937e14d000-7f937e1b8000 rw-p 00000000 00:00 0 
7f937e1b8000-7f937e4ff000 ---p 00000000 00:00 0 
7f937e4ff000-7f937e56a000 rw-p 00000000 00:00 0 
7f937e56a000-7f937e8b1000 ---p 00000000 00:00 0 
7f937e8b1000-7f937f0c0000 rw-p 00000000 00:00 0 
7f937f0c0000-7f937f1a5000 ---p 00000000 00:00 0 
7f937f1a5000-7f937f1b8000 rw-p 00000000 00:00 0 
7f937f1b8000-7f937f290000 ---p 00000000 00:00 0 
7f937f290000-7f937f2ab000 r-xp 00000000 fd:00 3151933                    /opt/jdk-12.0.1/lib/libjimage.so
7f937f2ab000-7f937f4aa000 ---p 0001b000 fd:00 3151933                    /opt/jdk-12.0.1/lib/libjimage.so
7f937f4aa000-7f937f4ac000 r--p 0001a000 fd:00 3151933                    /opt/jdk-12.0.1/lib/libjimage.so
7f937f4ac000-7f937f4ad000 rw-p 0001c000 fd:00 3151933                    /opt/jdk-12.0.1/lib/libjimage.so
7f937f4ad000-7f937f4b4000 r-xp 00000000 fd:00 3151952                    /opt/jdk-12.0.1/lib/libzip.so
7f937f4b4000-7f937f6b3000 ---p 00007000 fd:00 3151952                    /opt/jdk-12.0.1/lib/libzip.so
7f937f6b3000-7f937f6b4000 r--p 00006000 fd:00 3151952                    /opt/jdk-12.0.1/lib/libzip.so
7f937f6b4000-7f937f6b5000 rw-p 00007000 fd:00 3151952                    /opt/jdk-12.0.1/lib/libzip.so
7f937f6b5000-7f937f6c1000 r-xp 00000000 fd:00 2269570                    /usr/lib64/libnss_files-2.17.so
7f937f6c1000-7f937f8c0000 ---p 0000c000 fd:00 2269570                    /usr/lib64/libnss_files-2.17.so
7f937f8c0000-7f937f8c1000 r--p 0000b000 fd:00 2269570                    /usr/lib64/libnss_files-2.17.so
7f937f8c1000-7f937f8c2000 rw-p 0000c000 fd:00 2269570                    /usr/lib64/libnss_files-2.17.so
7f937f8c2000-7f937f8c8000 rw-p 00000000 00:00 0 
7f937f8c8000-7f937f8f0000 r-xp 00000000 fd:00 3151929                    /opt/jdk-12.0.1/lib/libjava.so
7f937f8f0000-7f937faef000 ---p 00028000 fd:00 3151929                    /opt/jdk-12.0.1/lib/libjava.so
7f937faef000-7f937faf0000 r--p 00027000 fd:00 3151929                    /opt/jdk-12.0.1/lib/libjava.so
7f937faf0000-7f937faf2000 rw-p 00028000 fd:00 3151929                    /opt/jdk-12.0.1/lib/libjava.so
7f937faf2000-7f937faff000 r-xp 00000000 fd:00 3151951                    /opt/jdk-12.0.1/lib/libverify.so
7f937faff000-7f937fcfe000 ---p 0000d000 fd:00 3151951                    /opt/jdk-12.0.1/lib/libverify.so
7f937fcfe000-7f937fd00000 r--p 0000c000 fd:00 3151951                    /opt/jdk-12.0.1/lib/libverify.so
7f937fd00000-7f937fd01000 rw-p 0000e000 fd:00 3151951                    /opt/jdk-12.0.1/lib/libverify.so
7f937fd01000-7f937fd08000 r-xp 00000000 fd:00 2271680                    /usr/lib64/librt-2.17.so
7f937fd08000-7f937ff07000 ---p 00007000 fd:00 2271680                    /usr/lib64/librt-2.17.so
7f937ff07000-7f937ff08000 r--p 00006000 fd:00 2271680                    /usr/lib64/librt-2.17.so
7f937ff08000-7f937ff09000 rw-p 00007000 fd:00 2271680                    /usr/lib64/librt-2.17.so
7f937ff09000-7f938000a000 r-xp 00000000 fd:00 2267389                    /usr/lib64/libm-2.17.so
7f938000a000-7f9380209000 ---p 00101000 fd:00 2267389                    /usr/lib64/libm-2.17.so
7f9380209000-7f938020a000 r--p 00100000 fd:00 2267389                    /usr/lib64/libm-2.17.so
7f938020a000-7f938020b000 rw-p 00101000 fd:00 2267389                    /usr/lib64/libm-2.17.so
7f938020b000-7f938136e000 r-xp 00000000 fd:00 3151965                    /opt/jdk-12.0.1/lib/server/libjvm.so
7f938136e000-7f938156e000 ---p 01163000 fd:00 3151965                    /opt/jdk-12.0.1/lib/server/libjvm.so
7f938156e000-7f938162f000 r--p 01163000 fd:00 3151965                    /opt/jdk-12.0.1/lib/server/libjvm.so
7f938162f000-7f9381668000 rw-p 01224000 fd:00 3151965                    /opt/jdk-12.0.1/lib/server/libjvm.so
7f9381668000-7f93816eb000 rw-p 00000000 00:00 0 
7f93816eb000-7f93818ae000 r-xp 00000000 fd:00 2233720                    /usr/lib64/libc-2.17.so
7f93818ae000-7f9381aae000 ---p 001c3000 fd:00 2233720                    /usr/lib64/libc-2.17.so
7f9381aae000-7f9381ab2000 r--p 001c3000 fd:00 2233720                    /usr/lib64/libc-2.17.so
7f9381ab2000-7f9381ab4000 rw-p 001c7000 fd:00 2233720                    /usr/lib64/libc-2.17.so
7f9381ab4000-7f9381ab9000 rw-p 00000000 00:00 0 
7f9381ab9000-7f9381abb000 r-xp 00000000 fd:00 2267382                    /usr/lib64/libdl-2.17.so
7f9381abb000-7f9381cbb000 ---p 00002000 fd:00 2267382                    /usr/lib64/libdl-2.17.so
7f9381cbb000-7f9381cbc000 r--p 00002000 fd:00 2267382                    /usr/lib64/libdl-2.17.so
7f9381cbc000-7f9381cbd000 rw-p 00003000 fd:00 2267382                    /usr/lib64/libdl-2.17.so
7f9381cbd000-7f9381cd4000 r-xp 00000000 fd:00 2233746                    /usr/lib64/libpthread-2.17.so
7f9381cd4000-7f9381ed3000 ---p 00017000 fd:00 2233746                    /usr/lib64/libpthread-2.17.so
7f9381ed3000-7f9381ed4000 r--p 00016000 fd:00 2233746                    /usr/lib64/libpthread-2.17.so
7f9381ed4000-7f9381ed5000 rw-p 00017000 fd:00 2233746                    /usr/lib64/libpthread-2.17.so
7f9381ed5000-7f9381ed9000 rw-p 00000000 00:00 0 
7f9381ed9000-7f9381ee9000 r-xp 00000000 fd:00 3151934                    /opt/jdk-12.0.1/lib/libjli.so
7f9381ee9000-7f93820e8000 ---p 00010000 fd:00 3151934                    /opt/jdk-12.0.1/lib/libjli.so
7f93820e8000-7f93820e9000 r--p 0000f000 fd:00 3151934                    /opt/jdk-12.0.1/lib/libjli.so
7f93820e9000-7f93820ea000 rw-p 00010000 fd:00 3151934                    /opt/jdk-12.0.1/lib/libjli.so
7f93820ea000-7f93820ff000 r-xp 00000000 fd:00 2234017                    /usr/lib64/libz.so.1.2.7
7f93820ff000-7f93822fe000 ---p 00015000 fd:00 2234017                    /usr/lib64/libz.so.1.2.7
7f93822fe000-7f93822ff000 r--p 00014000 fd:00 2234017                    /usr/lib64/libz.so.1.2.7
7f93822ff000-7f9382300000 rw-p 00015000 fd:00 2234017                    /usr/lib64/libz.so.1.2.7
7f9382300000-7f9382322000 r-xp 00000000 fd:00 2266021                    /usr/lib64/ld-2.17.so
7f938233e000-7f93823f9000 rw-p 00000000 00:00 0 
7f93823f9000-7f93823fd000 ---p 00000000 00:00 0 
7f93823fd000-7f93824ff000 rw-p 00000000 00:00 0 
7f9382508000-7f938250e000 rw-p 00000000 00:00 0 
7f938250e000-7f9382515000 ---p 00000000 00:00 0 
7f9382515000-7f938251d000 rw-s 00000000 fd:00 1966298                    /tmp/hsperfdata_jjs/25751
7f938251d000-7f938251e000 ---p 00000000 00:00 0 
7f938251e000-7f938251f000 r--p 00000000 00:00 0 
7f938251f000-7f9382520000 ---p 00000000 00:00 0 
7f9382520000-7f9382521000 rw-p 00000000 00:00 0 
7f9382521000-7f9382522000 r--p 00021000 fd:00 2266021                    /usr/lib64/ld-2.17.so
7f9382522000-7f9382523000 rw-p 00022000 fd:00 2266021                    /usr/lib64/ld-2.17.so
7f9382523000-7f9382524000 rw-p 00000000 00:00 0 
7ffda1233000-7ffda1254000 rw-p 00000000 00:00 0                          [stack]
7ffda1257000-7ffda1259000 r-xp 00000000 00:00 0                          [vdso]
ffffffffff600000-ffffffffff601000 r-xp 00000000 00:00 0                  [vsyscall]


VM Arguments:
java_command: /common/home/jjs/java-projects/diamond-javautil-2020-07/javautil-7/vending-sales-reporting/target/surefire/surefirebooter10995162246361766770.jar /common/home/jjs/java-projects/diamond-javautil-2020-07/javautil-7/vending-sales-reporting/target/surefire/surefire16648472853349510936tmp /common/home/jjs/java-projects/diamond-javautil-2020-07/javautil-7/vending-sales-reporting/target/surefire/surefire_03305350584566795805tmp
java_class_path (initial): /common/home/jjs/java-projects/diamond-javautil-2020-07/javautil-7/vending-sales-reporting/target/surefire/surefirebooter10995162246361766770.jar
Launcher Type: SUN_STANDARD

[Global flags]
     intx CICompilerCount                          = 4                                         {product} {ergonomic}
     uint ConcGCThreads                            = 2                                         {product} {ergonomic}
     uint G1ConcRefinementThreads                  = 8                                         {product} {ergonomic}
   size_t G1HeapRegionSize                         = 1048576                                   {product} {ergonomic}
    uintx GCDrainStackTargetSize                   = 64                                        {product} {ergonomic}
   size_t InitialHeapSize                          = 125829120                                 {product} {ergonomic}
   size_t MarkStackSize                            = 4194304                                   {product} {ergonomic}
   size_t MaxHeapSize                              = 1983905792                                {product} {ergonomic}
   size_t MaxNewSize                               = 1190133760                                {product} {ergonomic}
   size_t MinHeapDeltaBytes                        = 1048576                                   {product} {ergonomic}
    uintx NonNMethodCodeHeapSize                   = 5836300                                {pd product} {ergonomic}
    uintx NonProfiledCodeHeapSize                  = 122910970                              {pd product} {ergonomic}
    uintx ProfiledCodeHeapSize                     = 122910970                              {pd product} {ergonomic}
    uintx ReservedCodeCacheSize                    = 251658240                              {pd product} {ergonomic}
     bool SegmentedCodeCache                       = true                                      {product} {ergonomic}
     bool UseCompressedClassPointers               = true                                 {lp64_product} {ergonomic}
     bool UseCompressedOops                        = true                                 {lp64_product} {ergonomic}
     bool UseG1GC                                  = true                                      {product} {ergonomic}

Logging:
Log output configuration:
 #0: stdout all=warning uptime,level,tags
 #1: stderr all=off uptime,level,tags

Environment Variables:
JAVA_HOME=/opt/jdk-12.0.1
PATH=/opt/jdk-12.0.1/bin:/common/opt/apache-maven-3.6.0/bin:/usr/local/sbin:/sbin:/usr/lib64/qt-3.3/bin:/bin:/usr/bin:/common/opt/sqldeveloper/sqldeveloper/bin:/common/opt/apache-maven-3.6.0/bin:/usr/local/bin:/common/home/jjs/bin:/common/orainst/bin:/common/home/jjs/bin/usr/local/apache-tomcat-7.0.59/bin
USERNAME=jjs
LD_LIBRARY_PATH=/common/orainst/lib
SHELL=/bin/bash
DISPLAY=:0

Signal Handlers:
SIGSEGV: [libjvm.so+0xe44e80], sa_mask[0]=11111111011111111101111111111110, sa_flags=SA_RESTART|SA_SIGINFO
SIGBUS: [libjvm.so+0xe44e80], sa_mask[0]=11111111011111111101111111111110, sa_flags=SA_RESTART|SA_SIGINFO
SIGFPE: [libjvm.so+0xe44e80], sa_mask[0]=11111111011111111101111111111110, sa_flags=SA_RESTART|SA_SIGINFO
SIGPIPE: [libjvm.so+0xbf4390], sa_mask[0]=11111111011111111101111111111110, sa_flags=SA_RESTART|SA_SIGINFO
SIGXFSZ: [libjvm.so+0xbf4390], sa_mask[0]=11111111011111111101111111111110, sa_flags=SA_RESTART|SA_SIGINFO
SIGILL: [libjvm.so+0xe44e80], sa_mask[0]=11111111011111111101111111111110, sa_flags=SA_RESTART|SA_SIGINFO
SIGUSR2: [libjvm.so+0xbf4230], sa_mask[0]=00100000000000000000000000000000, sa_flags=SA_RESTART|SA_SIGINFO
SIGHUP: [libjvm.so+0xbf4590], sa_mask[0]=11111111011111111101111111111110, sa_flags=SA_RESTART|SA_SIGINFO
SIGINT: [libjvm.so+0xbf4590], sa_mask[0]=11111111011111111101111111111110, sa_flags=SA_RESTART|SA_SIGINFO
SIGTERM: [libjvm.so+0xbf4590], sa_mask[0]=11111111011111111101111111111110, sa_flags=SA_RESTART|SA_SIGINFO
SIGQUIT: [libjvm.so+0xbf4590], sa_mask[0]=11111111011111111101111111111110, sa_flags=SA_RESTART|SA_SIGINFO


---------------  S Y S T E M  ---------------

OS:CentOS Linux release 7.7.1908 (Core)
uname:Linux 3.10.0-1062.9.1.el7.x86_64 #1 SMP Fri Dec 6 15:49:49 UTC 2019 x86_64
libc:glibc 2.17 NPTL 2.17 
rlimit: STACK 8192k, CORE 0k, NPROC 4096, NOFILE 4096, AS infinity, DATA infinity, FSIZE infinity
load average:10.88 4.93 2.94

/proc/meminfo:
MemTotal:        7744592 kB
MemFree:          123132 kB
MemAvailable:      53476 kB
Buffers:             456 kB
Cached:           799752 kB
SwapCached:         7672 kB
Active:          5867520 kB
Inactive:        1175228 kB
Active(anon):    5864676 kB
Inactive(anon):  1135132 kB
Active(file):       2844 kB
Inactive(file):    40096 kB
Unevictable:       16964 kB
Mlocked:              64 kB
SwapTotal:       6878204 kB
SwapFree:              0 kB
Dirty:                24 kB
Writeback:             0 kB
AnonPages:       6256492 kB
Mapped:           323044 kB
Shmem:            753948 kB
Slab:             209484 kB
SReclaimable:      92096 kB
SUnreclaim:       117388 kB
KernelStack:       21856 kB
PageTables:       205664 kB
NFS_Unstable:          0 kB
Bounce:                0 kB
WritebackTmp:          0 kB
CommitLimit:    10750500 kB
Committed_AS:   19541260 kB
VmallocTotal:   34359738367 kB
VmallocUsed:      564012 kB
VmallocChunk:   34358421500 kB
HardwareCorrupted:     0 kB
AnonHugePages:    163840 kB
CmaTotal:              0 kB
CmaFree:               0 kB
HugePages_Total:       0
HugePages_Free:        0
HugePages_Rsvd:        0
HugePages_Surp:        0
Hugepagesize:       2048 kB
DirectMap4k:      360684 kB
DirectMap2M:     5664768 kB
DirectMap1G:     2097152 kB


/proc/sys/kernel/threads-max (system-wide limit on the number of threads):
59713


/proc/sys/vm/max_map_count (maximum number of memory map areas a process may have):
65530


/proc/sys/kernel/pid_max (system-wide limit on number of process identifiers):
32768



container (cgroup) information:
container_type: cgroupv1
cpu_cpuset_cpus: 0-7
cpu_memory_nodes: 0
active_processor_count: 8
cpu_quota: -1
cpu_period: 100000
cpu_shares: -1
memory_limit_in_bytes: -1
memory_and_swap_limit_in_bytes: -1
memory_soft_limit_in_bytes: -1
memory_usage_in_bytes: 7220633600
memory_max_usage_in_bytes: 0


CPU:total 8 (initial active 8) (4 cores per cpu, 2 threads per core) family 6 model 142 stepping 10, cmov, cx8, fxsr, mmx, sse, sse2, sse3, ssse3, sse4.1, sse4.2, popcnt, avx, avx2, aes, clmul, erms, 3dnowpref, lzcnt, ht, tsc, tscinvbit, bmi1, bmi2, adx, fma
CPU Model and flags from /proc/cpuinfo:
model name	: Intel(R) Core(TM) i7-8550U CPU @ 1.80GHz
flags		: fpu vme de pse tsc msr pae mce cx8 apic sep mtrr pge mca cmov pat pse36 clflush dts acpi mmx fxsr sse sse2 ss ht tm pbe syscall nx pdpe1gb rdtscp lm constant_tsc art arch_perfmon pebs bts rep_good nopl xtopology nonstop_tsc aperfmperf eagerfpu pni pclmulqdq dtes64 monitor ds_cpl vmx est tm2 ssse3 sdbg fma cx16 xtpr pdcm pcid sse4_1 sse4_2 x2apic movbe popcnt tsc_deadline_timer aes xsave avx f16c rdrand lahf_lm abm 3dnowprefetch epb invpcid_single intel_pt ssbd ibrs ibpb stibp tpr_shadow vnmi flexpriority ept vpid fsgsbase tsc_adjust bmi1 avx2 smep bmi2 erms invpcid mpx rdseed adx smap clflushopt xsaveopt xsavec xgetbv1 dtherm ida arat pln pts hwp hwp_notify hwp_act_window hwp_epp md_clear spec_ctrl intel_stibp flush_l1d

Memory: 4k page, physical 7744592k(119796k free), swap 6878204k(0k free)

vm_info: OpenJDK 64-Bit Server VM (12.0.1+12) for linux-amd64 JRE (12.0.1+12), built on Apr  1 2019 23:46:56 by "mach5one" with gcc 7.3.0

END.
