#
# There is insufficient memory for the Java Runtime Environment to continue.
# Native memory allocation (mmap) failed to map 222298112 bytes for committing reserved memory.
# Possible reasons:
#   The system is out of physical RAM or swap space
#   The process is running with CompressedOops enabled, and the Java Heap may be blocking the growth of the native heap
# Possible solutions:
#   Reduce memory load on the system
#   Increase physical memory or swap space
#   Check if swap backing store is full
#   Decrease Java heap size (-Xmx/-Xms)
#   Decrease number of Java threads
#   Decrease Java thread stack sizes (-Xss)
#   Set larger code cache with -XX:ReservedCodeCacheSize=
#   JVM is running with Unscaled Compressed Oops mode in which the Java heap is
#     placed in the first 4GB address space. The Java Heap base address is the
#     maximum limit for the native heap growth. Please use -XX:HeapBaseMinAddress
#     to set the Java Heap base and to place the Java Heap above 4GB virtual address.
# This output file may be truncated or incomplete.
#
#  Out of Memory Error (os_linux.cpp:2659), pid=24352, tid=24359
#
# JRE version: OpenJDK Runtime Environment (12.0.1+12) (build 12.0.1+12)
# Java VM: OpenJDK 64-Bit Server VM (12.0.1+12, mixed mode, sharing, tiered, compressed oops, g1 gc, linux-amd64)
# Core dump will be written. Default location: Core dumps may be processed with "/usr/libexec/abrt-hook-ccpp %s %c %p %u %g %t e %P %I %h" (or dumping to /common/home/jjs/java-projects/diamond-javautil-2020-07/javautil-7/vending-sales-reporting/core.24352)
#

---------------  S U M M A R Y ------------

Command Line: /common/home/jjs/java-projects/diamond-javautil-2020-07/javautil-7/vending-sales-reporting/target/surefire/surefirebooter3652045783243556203.jar /common/home/jjs/java-projects/diamond-javautil-2020-07/javautil-7/vending-sales-reporting/target/surefire/surefire8866435342892104677tmp /common/home/jjs/java-projects/diamond-javautil-2020-07/javautil-7/vending-sales-reporting/target/surefire/surefire_014498639388419301250tmp

Host: Intel(R) Core(TM) i7-8550U CPU @ 1.80GHz, 8 cores, 7G, CentOS Linux release 7.7.1908 (Core)
Time: Sun Jul 26 15:30:00 2020 CDT elapsed time: 54 seconds (0d 0h 0m 54s)

---------------  T H R E A D  ---------------

Current thread (0x00007fb220165800):  VMThread "VM Thread" [stack: 0x00007fb2045d8000,0x00007fb2046d8000] [id=24359]

Stack: [0x00007fb2045d8000,0x00007fb2046d8000],  sp=0x00007fb2046d5f50,  free space=1015k
Native frames: (J=compiled Java code, A=aot compiled Java code, j=interpreted, Vv=VM code, C=native code)
V  [libjvm.so+0xe434e0]  VMError::report_and_die(int, char const*, char const*, __va_list_tag*, Thread*, unsigned char*, void*, void*, char const*, int, unsigned long)+0x310
V  [libjvm.so+0xe440ab]  VMError::report_and_die(Thread*, char const*, int, unsigned long, VMErrorType, char const*, __va_list_tag*)+0x2b
V  [libjvm.so+0x65d9e5]  report_vm_out_of_memory(char const*, int, unsigned long, VMErrorType, char const*, ...)+0xd5
V  [libjvm.so+0xbf8458]  os::pd_commit_memory_or_exit(char*, unsigned long, unsigned long, bool, char const*)+0x108
V  [libjvm.so+0xbefc3d]  os::commit_memory_or_exit(char*, unsigned long, unsigned long, bool, char const*)+0x1d
V  [libjvm.so+0x787a4c]  G1PageBasedVirtualSpace::commit_preferred_pages(unsigned long, unsigned long)+0x6c
V  [libjvm.so+0x787de4]  G1PageBasedVirtualSpace::commit(unsigned long, unsigned long)+0x154
V  [libjvm.so+0x795bb0]  G1RegionsLargerThanCommitSizeMapper::commit_regions(unsigned int, unsigned long, WorkGang*)+0x40
V  [libjvm.so+0x816d00]  HeapRegionManager::commit_regions(unsigned int, unsigned long, WorkGang*)+0x80
V  [libjvm.so+0x817a6f]  HeapRegionManager::make_regions_available(unsigned int, unsigned int, WorkGang*)+0x3f
V  [libjvm.so+0x817ff9]  HeapRegionManager::expand_at(unsigned int, unsigned int, WorkGang*)+0x119
V  [libjvm.so+0x73c440]  G1CollectedHeap::expand(unsigned long, WorkGang*, double*)+0xe0
V  [libjvm.so+0x740e12]  G1CollectedHeap::do_collection_pause_at_safepoint(double)+0xa22
V  [libjvm.so+0x7a9491]  VM_G1CollectForAllocation::doit()+0x81
V  [libjvm.so+0xe45ac7]  VM_Operation::evaluate()+0xe7
V  [libjvm.so+0xe4b96f]  VMThread::evaluate_operation(VM_Operation*) [clone .constprop.63]+0xff
V  [libjvm.so+0xe4beb1]  VMThread::loop()+0x3f1
V  [libjvm.so+0xe4c2e3]  VMThread::run()+0x73
V  [libjvm.so+0xdd19ff]  Thread::call_run()+0x16f
V  [libjvm.so+0xbfe18e]  thread_native_entry(Thread*)+0xee

VM_Operation (0x00007fb1f4fc5da0): G1CollectForAllocation, mode: safepoint, requested by thread 0x00007fb220966000


---------------  P R O C E S S  ---------------

Threads class SMR info:
_java_thread_list=0x00007fb1a0000c40, length=13, elements={
0x00007fb220011000, 0x00007fb220168800, 0x00007fb22016a800, 0x00007fb22016f800,
0x00007fb220172000, 0x00007fb220174000, 0x00007fb220176000, 0x00007fb2201c4800,
0x00007fb2201c9800, 0x00007fb220966000, 0x00007fb220963000, 0x00007fb220a0c000,
0x00007fb220968800
}

Java Threads: ( => current thread )
  0x00007fb220011000 JavaThread "main" [_thread_blocked, id=24353, stack(0x00007fb2292d0000,0x00007fb2293d1000)]
  0x00007fb220168800 JavaThread "Reference Handler" daemon [_thread_blocked, id=24360, stack(0x00007fb2044d5000,0x00007fb2045d6000)]
  0x00007fb22016a800 JavaThread "Finalizer" daemon [_thread_blocked, id=24361, stack(0x00007fb2043d4000,0x00007fb2044d5000)]
  0x00007fb22016f800 JavaThread "Signal Dispatcher" daemon [_thread_blocked, id=24362, stack(0x00007fb2042d3000,0x00007fb2043d4000)]
  0x00007fb220172000 JavaThread "C2 CompilerThread0" daemon [_thread_blocked, id=24363, stack(0x00007fb2041d2000,0x00007fb2042d3000)]
  0x00007fb220174000 JavaThread "C1 CompilerThread0" daemon [_thread_blocked, id=24364, stack(0x00007fb2040d1000,0x00007fb2041d2000)]
  0x00007fb220176000 JavaThread "Sweeper thread" daemon [_thread_blocked, id=24365, stack(0x00007fb1f5eff000,0x00007fb1f6000000)]
  0x00007fb2201c4800 JavaThread "Service Thread" daemon [_thread_blocked, id=24366, stack(0x00007fb1f5dfe000,0x00007fb1f5eff000)]
  0x00007fb2201c9800 JavaThread "Common-Cleaner" daemon [_thread_blocked, id=24369, stack(0x00007fb1f5bfb000,0x00007fb1f5cfc000)]
  0x00007fb220966000 JavaThread "MVStore background writer nio:/common/home/jjs/java-projects/diamond-javautil-2020-07/javautil-7/vending-sales-reporting/target/logdb.mv.db" daemon [_thread_blocked, id=24441, stack(0x00007fb1f4ec7000,0x00007fb1f4fc8000)]
  0x00007fb220963000 JavaThread "HikariPool-10 housekeeper" daemon [_thread_blocked, id=24443, stack(0x00007fb1f53cb000,0x00007fb1f54cc000)]
  0x00007fb220a0c000 JavaThread "MVStore background writer nio:/common/home/jjs/java-projects/diamond-javautil-2020-07/javautil-7/vending-sales-reporting/target/appdb.mv.db" daemon [_thread_blocked, id=24445, stack(0x00007fb1f49c6000,0x00007fb1f4ac7000)]
  0x00007fb220968800 JavaThread "HikariPool-11 housekeeper" daemon [_thread_blocked, id=24446, stack(0x00007fb1f50ca000,0x00007fb1f51cb000)]

Other Threads:
=>0x00007fb220165800 VMThread "VM Thread" [stack: 0x00007fb2045d8000,0x00007fb2046d8000] [id=24359]
  0x00007fb2201c7800 WatcherThread [stack: 0x00007fb1f5cfe000,0x00007fb1f5dfe000] [id=24367]
  0x00007fb22005f800 GCTaskThread "GC Thread#0" [stack: 0x00007fb224b73000,0x00007fb224c73000] [id=24354]
  0x00007fb1ec001000 GCTaskThread "GC Thread#1" [stack: 0x00007fb1f56d1000,0x00007fb1f57d1000] [id=24371]
  0x00007fb1ec01a800 GCTaskThread "GC Thread#2" [stack: 0x00007fb1f4fca000,0x00007fb1f50ca000] [id=24386]
  0x00007fb1ec095000 GCTaskThread "GC Thread#3" [stack: 0x00007fb1f44c4000,0x00007fb1f45c4000] [id=24449]
  0x00007fb1ec0b5800 GCTaskThread "GC Thread#4" [stack: 0x00007fb1f43c2000,0x00007fb1f44c2000] [id=24466]
  0x00007fb1ec040000 GCTaskThread "GC Thread#5" [stack: 0x00007fb1f42c0000,0x00007fb1f43c0000] [id=24521]
  0x00007fb22006d000 ConcurrentGCThread "G1 Main Marker" [stack: 0x00007fb224a71000,0x00007fb224b71000] [id=24355]
  0x00007fb22006f000 ConcurrentGCThread "G1 Conc#0" [stack: 0x00007fb22496f000,0x00007fb224a6f000] [id=24356]
  0x00007fb2200f4000 ConcurrentGCThread "G1 Refine#0" [stack: 0x00007fb224065000,0x00007fb224165000] [id=24357]
  0x00007fb2200f6000 ConcurrentGCThread "G1 Young RemSet Sampling" [stack: 0x00007fb204f5b000,0x00007fb20505b000] [id=24358]

Threads with active compile tasks:
C2 CompilerThread0  4414       4       org.h2.command.dml.Select::isEverything (324 bytes)
C1 CompilerThread0  4419       3       java.nio.Buffer::nextGetIndex (38 bytes)

VM state:at safepoint (normal execution)

VM Mutex/Monitor currently owned by a thread:  ([mutex/lock_event])
[0x00007fb22000de90] Threads_lock - owner thread: 0x00007fb220165800
[0x00007fb22000e670] Heap_lock - owner thread: 0x00007fb220966000

Heap address: 0x0000000089c00000, size: 1892 MB, Compressed Oops mode: 32-bit
Narrow klass base: 0x0000000800000000, Narrow klass shift: 3
Compressed class space size: 1073741824 Address: 0x0000000801125000

Heap:
 garbage-first heap   total 479232K, used 26855K [0x0000000089c00000, 0x0000000100000000)
  region size 1024K, 7 young (7168K), 7 survivors (7168K)
 Metaspace       used 16548K, capacity 16947K, committed 17280K, reserved 1064960K
  class space    used 1523K, capacity 1625K, committed 1664K, reserved 1048576K
Heap Regions: E=young(eden), S=young(survivor), O=old, HS=humongous(starts), HC=humongous(continues), CS=collection set, F=free, A=archive, TAMS=top-at-mark-start (previous, next)
|   0|0x0000000089c00000, 0x0000000089d00000, 0x0000000089d00000|100%| O|  |TAMS 0x0000000089c00000, 0x0000000089c00000| Untracked 
|   1|0x0000000089d00000, 0x0000000089e00000, 0x0000000089e00000|100%|HS|  |TAMS 0x0000000089d00000, 0x0000000089d00000| Complete 
|   2|0x0000000089e00000, 0x0000000089f00000, 0x0000000089f00000|100%|HC|  |TAMS 0x0000000089e00000, 0x0000000089e00000| Complete 
|   3|0x0000000089f00000, 0x000000008a000000, 0x000000008a000000|100%|HS|  |TAMS 0x0000000089f00000, 0x0000000089f00000| Complete 
|   4|0x000000008a000000, 0x000000008a100000, 0x000000008a100000|100%|HC|  |TAMS 0x000000008a000000, 0x000000008a000000| Complete 
|   5|0x000000008a100000, 0x000000008a200000, 0x000000008a200000|100%| O|  |TAMS 0x000000008a100000, 0x000000008a100000| Untracked 
|   6|0x000000008a200000, 0x000000008a300000, 0x000000008a300000|100%| O|  |TAMS 0x000000008a200000, 0x000000008a200000| Untracked 
|   7|0x000000008a300000, 0x000000008a400000, 0x000000008a400000|100%| O|  |TAMS 0x000000008a300000, 0x000000008a300000| Untracked 
|   8|0x000000008a400000, 0x000000008a500000, 0x000000008a500000|100%| O|  |TAMS 0x000000008a400000, 0x000000008a400000| Untracked 
|   9|0x000000008a500000, 0x000000008a600000, 0x000000008a600000|100%| O|  |TAMS 0x000000008a500000, 0x000000008a500000| Untracked 
|  10|0x000000008a600000, 0x000000008a700000, 0x000000008a700000|100%| O|  |TAMS 0x000000008a600000, 0x000000008a600000| Untracked 
|  11|0x000000008a700000, 0x000000008a800000, 0x000000008a800000|100%| O|  |TAMS 0x000000008a700000, 0x000000008a700000| Untracked 
|  12|0x000000008a800000, 0x000000008a900000, 0x000000008a900000|100%| O|  |TAMS 0x000000008a800000, 0x000000008a800000| Untracked 
|  13|0x000000008a900000, 0x000000008aa00000, 0x000000008aa00000|100%| O|  |TAMS 0x000000008a900000, 0x000000008a900000| Untracked 
|  14|0x000000008aa00000, 0x000000008ab00000, 0x000000008ab00000|100%|HS|  |TAMS 0x000000008aa00000, 0x000000008aa00000| Complete 
|  15|0x000000008ab00000, 0x000000008ac00000, 0x000000008ac00000|100%|HC|  |TAMS 0x000000008ab00000, 0x000000008ab00000| Complete 
|  16|0x000000008ac00000, 0x000000008ad00000, 0x000000008ad00000|100%|HC|  |TAMS 0x000000008ac00000, 0x000000008ac00000| Complete 
|  17|0x000000008ad00000, 0x000000008ae00000, 0x000000008ae00000|100%| O|  |TAMS 0x000000008ad00000, 0x000000008ad00000| Untracked 
|  18|0x000000008ae00000, 0x000000008aeefe00, 0x000000008af00000| 93%| O|  |TAMS 0x000000008ae00000, 0x000000008ae00000| Untracked 
|  19|0x000000008af00000, 0x000000008af00000, 0x000000008b000000|  0%| F|  |TAMS 0x000000008af00000, 0x000000008af00000| Untracked 
|  20|0x000000008b000000, 0x000000008b000000, 0x000000008b100000|  0%| F|  |TAMS 0x000000008b000000, 0x000000008b000000| Untracked 
|  21|0x000000008b100000, 0x000000008b100000, 0x000000008b200000|  0%| F|  |TAMS 0x000000008b100000, 0x000000008b100000| Untracked 
|  22|0x000000008b200000, 0x000000008b200000, 0x000000008b300000|  0%| F|  |TAMS 0x000000008b200000, 0x000000008b200000| Untracked 
|  23|0x000000008b300000, 0x000000008b300000, 0x000000008b400000|  0%| F|  |TAMS 0x000000008b300000, 0x000000008b300000| Untracked 
|  24|0x000000008b400000, 0x000000008b400000, 0x000000008b500000|  0%| F|  |TAMS 0x000000008b400000, 0x000000008b400000| Untracked 
|  25|0x000000008b500000, 0x000000008b500000, 0x000000008b600000|  0%| F|  |TAMS 0x000000008b500000, 0x000000008b500000| Untracked 
|  26|0x000000008b600000, 0x000000008b600000, 0x000000008b700000|  0%| F|  |TAMS 0x000000008b600000, 0x000000008b600000| Untracked 
|  27|0x000000008b700000, 0x000000008b700000, 0x000000008b800000|  0%| F|  |TAMS 0x000000008b700000, 0x000000008b700000| Untracked 
|  28|0x000000008b800000, 0x000000008b800000, 0x000000008b900000|  0%| F|  |TAMS 0x000000008b800000, 0x000000008b800000| Untracked 
|  29|0x000000008b900000, 0x000000008b900000, 0x000000008ba00000|  0%| F|  |TAMS 0x000000008b900000, 0x000000008b900000| Untracked 
|  30|0x000000008ba00000, 0x000000008ba00000, 0x000000008bb00000|  0%| F|  |TAMS 0x000000008ba00000, 0x000000008ba00000| Untracked 
|  31|0x000000008bb00000, 0x000000008bb00000, 0x000000008bc00000|  0%| F|  |TAMS 0x000000008bb00000, 0x000000008bb00000| Untracked 
|  32|0x000000008bc00000, 0x000000008bc00000, 0x000000008bd00000|  0%| F|  |TAMS 0x000000008bc00000, 0x000000008bc00000| Untracked 
|  33|0x000000008bd00000, 0x000000008bd00000, 0x000000008be00000|  0%| F|  |TAMS 0x000000008bd00000, 0x000000008bd00000| Untracked 
|  34|0x000000008be00000, 0x000000008be00000, 0x000000008bf00000|  0%| F|  |TAMS 0x000000008be00000, 0x000000008be00000| Untracked 
|  35|0x000000008bf00000, 0x000000008bf00000, 0x000000008c000000|  0%| F|  |TAMS 0x000000008bf00000, 0x000000008bf00000| Untracked 
|  36|0x000000008c000000, 0x000000008c000000, 0x000000008c100000|  0%| F|  |TAMS 0x000000008c000000, 0x000000008c000000| Untracked 
|  37|0x000000008c100000, 0x000000008c100000, 0x000000008c200000|  0%| F|  |TAMS 0x000000008c100000, 0x000000008c100000| Untracked 
|  38|0x000000008c200000, 0x000000008c200000, 0x000000008c300000|  0%| F|  |TAMS 0x000000008c200000, 0x000000008c200000| Untracked 
|  39|0x000000008c300000, 0x000000008c300000, 0x000000008c400000|  0%| F|  |TAMS 0x000000008c300000, 0x000000008c300000| Untracked 
|  40|0x000000008c400000, 0x000000008c400000, 0x000000008c500000|  0%| F|  |TAMS 0x000000008c400000, 0x000000008c400000| Untracked 
|  41|0x000000008c500000, 0x000000008c500000, 0x000000008c600000|  0%| F|  |TAMS 0x000000008c500000, 0x000000008c500000| Untracked 
|  42|0x000000008c600000, 0x000000008c600000, 0x000000008c700000|  0%| F|  |TAMS 0x000000008c600000, 0x000000008c600000| Untracked 
|  43|0x000000008c700000, 0x000000008c700000, 0x000000008c800000|  0%| F|  |TAMS 0x000000008c700000, 0x000000008c700000| Untracked 
|  44|0x000000008c800000, 0x000000008c800000, 0x000000008c900000|  0%| F|  |TAMS 0x000000008c800000, 0x000000008c800000| Untracked 
|  45|0x000000008c900000, 0x000000008c900000, 0x000000008ca00000|  0%| F|  |TAMS 0x000000008c900000, 0x000000008c900000| Untracked 
|  46|0x000000008ca00000, 0x000000008ca00000, 0x000000008cb00000|  0%| F|  |TAMS 0x000000008ca00000, 0x000000008ca00000| Untracked 
|  47|0x000000008cb00000, 0x000000008cb00000, 0x000000008cc00000|  0%| F|  |TAMS 0x000000008cb00000, 0x000000008cb00000| Untracked 
|  48|0x000000008cc00000, 0x000000008cc00000, 0x000000008cd00000|  0%| F|  |TAMS 0x000000008cc00000, 0x000000008cc00000| Untracked 
|  49|0x000000008cd00000, 0x000000008cd00000, 0x000000008ce00000|  0%| F|  |TAMS 0x000000008cd00000, 0x000000008cd00000| Untracked 
|  50|0x000000008ce00000, 0x000000008ce00000, 0x000000008cf00000|  0%| F|  |TAMS 0x000000008ce00000, 0x000000008ce00000| Untracked 
|  51|0x000000008cf00000, 0x000000008cf00000, 0x000000008d000000|  0%| F|  |TAMS 0x000000008cf00000, 0x000000008cf00000| Untracked 
|  52|0x000000008d000000, 0x000000008d000000, 0x000000008d100000|  0%| F|  |TAMS 0x000000008d000000, 0x000000008d000000| Untracked 
|  53|0x000000008d100000, 0x000000008d100000, 0x000000008d200000|  0%| F|  |TAMS 0x000000008d100000, 0x000000008d100000| Untracked 
|  54|0x000000008d200000, 0x000000008d200000, 0x000000008d300000|  0%| F|  |TAMS 0x000000008d200000, 0x000000008d200000| Untracked 
|  55|0x000000008d300000, 0x000000008d300000, 0x000000008d400000|  0%| F|  |TAMS 0x000000008d300000, 0x000000008d300000| Untracked 
|  56|0x000000008d400000, 0x000000008d400000, 0x000000008d500000|  0%| F|  |TAMS 0x000000008d400000, 0x000000008d400000| Untracked 
|  57|0x000000008d500000, 0x000000008d500000, 0x000000008d600000|  0%| F|  |TAMS 0x000000008d500000, 0x000000008d500000| Untracked 
|  58|0x000000008d600000, 0x000000008d600000, 0x000000008d700000|  0%| F|  |TAMS 0x000000008d600000, 0x000000008d600000| Untracked 
|  59|0x000000008d700000, 0x000000008d700000, 0x000000008d800000|  0%| F|  |TAMS 0x000000008d700000, 0x000000008d700000| Untracked 
|  60|0x000000008d800000, 0x000000008d800000, 0x000000008d900000|  0%| F|  |TAMS 0x000000008d800000, 0x000000008d800000| Untracked 
|  61|0x000000008d900000, 0x000000008d900000, 0x000000008da00000|  0%| F|  |TAMS 0x000000008d900000, 0x000000008d900000| Untracked 
|  62|0x000000008da00000, 0x000000008da00000, 0x000000008db00000|  0%| F|  |TAMS 0x000000008da00000, 0x000000008da00000| Untracked 
|  63|0x000000008db00000, 0x000000008db00000, 0x000000008dc00000|  0%| F|  |TAMS 0x000000008db00000, 0x000000008db00000| Untracked 
|  64|0x000000008dc00000, 0x000000008dc00000, 0x000000008dd00000|  0%| F|  |TAMS 0x000000008dc00000, 0x000000008dc00000| Untracked 
|  65|0x000000008dd00000, 0x000000008dd00000, 0x000000008de00000|  0%| F|  |TAMS 0x000000008dd00000, 0x000000008dd00000| Untracked 
|  66|0x000000008de00000, 0x000000008de00000, 0x000000008df00000|  0%| F|  |TAMS 0x000000008de00000, 0x000000008de00000| Untracked 
|  67|0x000000008df00000, 0x000000008df00000, 0x000000008e000000|  0%| F|  |TAMS 0x000000008df00000, 0x000000008df00000| Untracked 
|  68|0x000000008e000000, 0x000000008e000000, 0x000000008e100000|  0%| F|  |TAMS 0x000000008e000000, 0x000000008e000000| Untracked 
|  69|0x000000008e100000, 0x000000008e100000, 0x000000008e200000|  0%| F|  |TAMS 0x000000008e100000, 0x000000008e100000| Untracked 
|  70|0x000000008e200000, 0x000000008e200000, 0x000000008e300000|  0%| F|  |TAMS 0x000000008e200000, 0x000000008e200000| Untracked 
|  71|0x000000008e300000, 0x000000008e300000, 0x000000008e400000|  0%| F|  |TAMS 0x000000008e300000, 0x000000008e300000| Untracked 
|  72|0x000000008e400000, 0x000000008e400000, 0x000000008e500000|  0%| F|  |TAMS 0x000000008e400000, 0x000000008e400000| Untracked 
|  73|0x000000008e500000, 0x000000008e500000, 0x000000008e600000|  0%| F|  |TAMS 0x000000008e500000, 0x000000008e500000| Untracked 
|  74|0x000000008e600000, 0x000000008e600000, 0x000000008e700000|  0%| F|  |TAMS 0x000000008e600000, 0x000000008e600000| Untracked 
|  75|0x000000008e700000, 0x000000008e700000, 0x000000008e800000|  0%| F|  |TAMS 0x000000008e700000, 0x000000008e700000| Untracked 
|  76|0x000000008e800000, 0x000000008e800000, 0x000000008e900000|  0%| F|  |TAMS 0x000000008e800000, 0x000000008e800000| Untracked 
|  77|0x000000008e900000, 0x000000008e900000, 0x000000008ea00000|  0%| F|  |TAMS 0x000000008e900000, 0x000000008e900000| Untracked 
|  78|0x000000008ea00000, 0x000000008ea00000, 0x000000008eb00000|  0%| F|  |TAMS 0x000000008ea00000, 0x000000008ea00000| Untracked 
|  79|0x000000008eb00000, 0x000000008eb00000, 0x000000008ec00000|  0%| F|  |TAMS 0x000000008eb00000, 0x000000008eb00000| Untracked 
|  80|0x000000008ec00000, 0x000000008ec00000, 0x000000008ed00000|  0%| F|  |TAMS 0x000000008ec00000, 0x000000008ec00000| Untracked 
|  81|0x000000008ed00000, 0x000000008ed00000, 0x000000008ee00000|  0%| F|  |TAMS 0x000000008ed00000, 0x000000008ed00000| Untracked 
|  82|0x000000008ee00000, 0x000000008ee00000, 0x000000008ef00000|  0%| F|  |TAMS 0x000000008ee00000, 0x000000008ee00000| Untracked 
|  83|0x000000008ef00000, 0x000000008ef00000, 0x000000008f000000|  0%| F|  |TAMS 0x000000008ef00000, 0x000000008ef00000| Untracked 
|  84|0x000000008f000000, 0x000000008f000000, 0x000000008f100000|  0%| F|  |TAMS 0x000000008f000000, 0x000000008f000000| Untracked 
|  85|0x000000008f100000, 0x000000008f100000, 0x000000008f200000|  0%| F|  |TAMS 0x000000008f100000, 0x000000008f100000| Untracked 
|  86|0x000000008f200000, 0x000000008f200000, 0x000000008f300000|  0%| F|  |TAMS 0x000000008f200000, 0x000000008f200000| Untracked 
|  87|0x000000008f300000, 0x000000008f300000, 0x000000008f400000|  0%| F|  |TAMS 0x000000008f300000, 0x000000008f300000| Untracked 
|  88|0x000000008f400000, 0x000000008f400000, 0x000000008f500000|  0%| F|  |TAMS 0x000000008f400000, 0x000000008f400000| Untracked 
|  89|0x000000008f500000, 0x000000008f500000, 0x000000008f600000|  0%| F|  |TAMS 0x000000008f500000, 0x000000008f500000| Untracked 
|  90|0x000000008f600000, 0x000000008f600000, 0x000000008f700000|  0%| F|  |TAMS 0x000000008f600000, 0x000000008f600000| Untracked 
|  91|0x000000008f700000, 0x000000008f700000, 0x000000008f800000|  0%| F|  |TAMS 0x000000008f700000, 0x000000008f700000| Untracked 
|  92|0x000000008f800000, 0x000000008f800000, 0x000000008f900000|  0%| F|  |TAMS 0x000000008f800000, 0x000000008f800000| Untracked 
|  93|0x000000008f900000, 0x000000008f900000, 0x000000008fa00000|  0%| F|  |TAMS 0x000000008f900000, 0x000000008f900000| Untracked 
|  94|0x000000008fa00000, 0x000000008fa91050, 0x000000008fb00000| 56%| S|CS|TAMS 0x000000008fa00000, 0x000000008fa00000| Complete 
|  95|0x000000008fb00000, 0x000000008fc00000, 0x000000008fc00000|100%| S|CS|TAMS 0x000000008fb00000, 0x000000008fb00000| Complete 
|  96|0x000000008fc00000, 0x000000008fd00000, 0x000000008fd00000|100%| S|CS|TAMS 0x000000008fc00000, 0x000000008fc00000| Complete 
|  97|0x000000008fd00000, 0x000000008fe00000, 0x000000008fe00000|100%| S|CS|TAMS 0x000000008fd00000, 0x000000008fd00000| Complete 
|  98|0x000000008fe00000, 0x000000008ff00000, 0x000000008ff00000|100%| S|CS|TAMS 0x000000008fe00000, 0x000000008fe00000| Complete 
|  99|0x000000008ff00000, 0x0000000090000000, 0x0000000090000000|100%| S|CS|TAMS 0x000000008ff00000, 0x000000008ff00000| Complete 
| 100|0x0000000090000000, 0x0000000090100000, 0x0000000090100000|100%| S|CS|TAMS 0x0000000090000000, 0x0000000090000000| Complete 
| 101|0x0000000090100000, 0x0000000090100000, 0x0000000090200000|  0%| F|  |TAMS 0x0000000090100000, 0x0000000090100000| Untracked 
| 102|0x0000000090200000, 0x0000000090200000, 0x0000000090300000|  0%| F|  |TAMS 0x0000000090200000, 0x0000000090200000| Untracked 
| 103|0x0000000090300000, 0x0000000090300000, 0x0000000090400000|  0%| F|  |TAMS 0x0000000090300000, 0x0000000090300000| Untracked 
| 104|0x0000000090400000, 0x0000000090400000, 0x0000000090500000|  0%| F|  |TAMS 0x0000000090400000, 0x0000000090400000| Untracked 
| 105|0x0000000090500000, 0x0000000090500000, 0x0000000090600000|  0%| F|  |TAMS 0x0000000090500000, 0x0000000090500000| Untracked 
| 106|0x0000000090600000, 0x0000000090600000, 0x0000000090700000|  0%| F|  |TAMS 0x0000000090600000, 0x0000000090600000| Untracked 
| 107|0x0000000090700000, 0x0000000090700000, 0x0000000090800000|  0%| F|  |TAMS 0x0000000090700000, 0x0000000090700000| Untracked 
| 108|0x0000000090800000, 0x0000000090800000, 0x0000000090900000|  0%| F|  |TAMS 0x0000000090800000, 0x0000000090800000| Untracked 
| 109|0x0000000090900000, 0x0000000090900000, 0x0000000090a00000|  0%| F|  |TAMS 0x0000000090900000, 0x0000000090900000| Untracked 
| 110|0x0000000090a00000, 0x0000000090a00000, 0x0000000090b00000|  0%| F|  |TAMS 0x0000000090a00000, 0x0000000090a00000| Untracked 
| 111|0x0000000090b00000, 0x0000000090b00000, 0x0000000090c00000|  0%| F|  |TAMS 0x0000000090b00000, 0x0000000090b00000| Untracked 
| 112|0x0000000090c00000, 0x0000000090c00000, 0x0000000090d00000|  0%| F|  |TAMS 0x0000000090c00000, 0x0000000090c00000| Untracked 
| 113|0x0000000090d00000, 0x0000000090d00000, 0x0000000090e00000|  0%| F|  |TAMS 0x0000000090d00000, 0x0000000090d00000| Untracked 
| 114|0x0000000090e00000, 0x0000000090e00000, 0x0000000090f00000|  0%| F|  |TAMS 0x0000000090e00000, 0x0000000090e00000| Untracked 
| 115|0x0000000090f00000, 0x0000000090f00000, 0x0000000091000000|  0%| F|  |TAMS 0x0000000090f00000, 0x0000000090f00000| Untracked 
| 116|0x0000000091000000, 0x0000000091000000, 0x0000000091100000|  0%| F|  |TAMS 0x0000000091000000, 0x0000000091000000| Untracked 
| 117|0x0000000091100000, 0x0000000091100000, 0x0000000091200000|  0%| F|  |TAMS 0x0000000091100000, 0x0000000091100000| Untracked 
| 118|0x0000000091200000, 0x0000000091200000, 0x0000000091300000|  0%| F|  |TAMS 0x0000000091200000, 0x0000000091200000| Untracked 
| 119|0x0000000091300000, 0x0000000091300000, 0x0000000091400000|  0%| F|  |TAMS 0x0000000091300000, 0x0000000091300000| Untracked 
| 120|0x0000000091400000, 0x0000000091400000, 0x0000000091500000|  0%| F|  |TAMS 0x0000000091400000, 0x0000000091400000| Untracked 
| 121|0x0000000091500000, 0x0000000091500000, 0x0000000091600000|  0%| F|  |TAMS 0x0000000091500000, 0x0000000091500000| Untracked 
| 122|0x0000000091600000, 0x0000000091600000, 0x0000000091700000|  0%| F|  |TAMS 0x0000000091600000, 0x0000000091600000| Untracked 
| 123|0x0000000091700000, 0x0000000091700000, 0x0000000091800000|  0%| F|  |TAMS 0x0000000091700000, 0x0000000091700000| Untracked 
| 124|0x0000000091800000, 0x0000000091800000, 0x0000000091900000|  0%| F|  |TAMS 0x0000000091800000, 0x0000000091800000| Untracked 
| 125|0x0000000091900000, 0x0000000091900000, 0x0000000091a00000|  0%| F|  |TAMS 0x0000000091900000, 0x0000000091900000| Untracked 
| 126|0x0000000091a00000, 0x0000000091a00000, 0x0000000091b00000|  0%| F|  |TAMS 0x0000000091a00000, 0x0000000091a00000| Untracked 
| 127|0x0000000091b00000, 0x0000000091b00000, 0x0000000091c00000|  0%| F|  |TAMS 0x0000000091b00000, 0x0000000091b00000| Untracked 
| 128|0x0000000091c00000, 0x0000000091c00000, 0x0000000091d00000|  0%| F|  |TAMS 0x0000000091c00000, 0x0000000091c00000| Untracked 
| 129|0x0000000091d00000, 0x0000000091d00000, 0x0000000091e00000|  0%| F|  |TAMS 0x0000000091d00000, 0x0000000091d00000| Untracked 
| 130|0x0000000091e00000, 0x0000000091e00000, 0x0000000091f00000|  0%| F|  |TAMS 0x0000000091e00000, 0x0000000091e00000| Untracked 
| 131|0x0000000091f00000, 0x0000000091f00000, 0x0000000092000000|  0%| F|  |TAMS 0x0000000091f00000, 0x0000000091f00000| Untracked 
| 132|0x0000000092000000, 0x0000000092000000, 0x0000000092100000|  0%| F|  |TAMS 0x0000000092000000, 0x0000000092000000| Untracked 
| 133|0x0000000092100000, 0x0000000092100000, 0x0000000092200000|  0%| F|  |TAMS 0x0000000092100000, 0x0000000092100000| Untracked 
| 134|0x0000000092200000, 0x0000000092200000, 0x0000000092300000|  0%| F|  |TAMS 0x0000000092200000, 0x0000000092200000| Untracked 
| 135|0x0000000092300000, 0x0000000092300000, 0x0000000092400000|  0%| F|  |TAMS 0x0000000092300000, 0x0000000092300000| Untracked 
| 136|0x0000000092400000, 0x0000000092400000, 0x0000000092500000|  0%| F|  |TAMS 0x0000000092400000, 0x0000000092400000| Untracked 
| 137|0x0000000092500000, 0x0000000092500000, 0x0000000092600000|  0%| F|  |TAMS 0x0000000092500000, 0x0000000092500000| Untracked 
| 138|0x0000000092600000, 0x0000000092600000, 0x0000000092700000|  0%| F|  |TAMS 0x0000000092600000, 0x0000000092600000| Untracked 
| 139|0x0000000092700000, 0x0000000092700000, 0x0000000092800000|  0%| F|  |TAMS 0x0000000092700000, 0x0000000092700000| Untracked 
| 140|0x0000000092800000, 0x0000000092800000, 0x0000000092900000|  0%| F|  |TAMS 0x0000000092800000, 0x0000000092800000| Untracked 
| 141|0x0000000092900000, 0x0000000092900000, 0x0000000092a00000|  0%| F|  |TAMS 0x0000000092900000, 0x0000000092900000| Untracked 
| 142|0x0000000092a00000, 0x0000000092a00000, 0x0000000092b00000|  0%| F|  |TAMS 0x0000000092a00000, 0x0000000092a00000| Untracked 
| 143|0x0000000092b00000, 0x0000000092b00000, 0x0000000092c00000|  0%| F|  |TAMS 0x0000000092b00000, 0x0000000092b00000| Untracked 
| 144|0x0000000092c00000, 0x0000000092c00000, 0x0000000092d00000|  0%| F|  |TAMS 0x0000000092c00000, 0x0000000092c00000| Untracked 
| 145|0x0000000092d00000, 0x0000000092d00000, 0x0000000092e00000|  0%| F|  |TAMS 0x0000000092d00000, 0x0000000092d00000| Untracked 
| 146|0x0000000092e00000, 0x0000000092e00000, 0x0000000092f00000|  0%| F|  |TAMS 0x0000000092e00000, 0x0000000092e00000| Untracked 
| 147|0x0000000092f00000, 0x0000000092f00000, 0x0000000093000000|  0%| F|  |TAMS 0x0000000092f00000, 0x0000000092f00000| Untracked 
| 148|0x0000000093000000, 0x0000000093000000, 0x0000000093100000|  0%| F|  |TAMS 0x0000000093000000, 0x0000000093000000| Untracked 
| 149|0x0000000093100000, 0x0000000093100000, 0x0000000093200000|  0%| F|  |TAMS 0x0000000093100000, 0x0000000093100000| Untracked 
| 150|0x0000000093200000, 0x0000000093200000, 0x0000000093300000|  0%| F|  |TAMS 0x0000000093200000, 0x0000000093200000| Untracked 
| 151|0x0000000093300000, 0x0000000093300000, 0x0000000093400000|  0%| F|  |TAMS 0x0000000093300000, 0x0000000093300000| Untracked 
| 152|0x0000000093400000, 0x0000000093400000, 0x0000000093500000|  0%| F|  |TAMS 0x0000000093400000, 0x0000000093400000| Untracked 
| 153|0x0000000093500000, 0x0000000093500000, 0x0000000093600000|  0%| F|  |TAMS 0x0000000093500000, 0x0000000093500000| Untracked 
| 154|0x0000000093600000, 0x0000000093600000, 0x0000000093700000|  0%| F|  |TAMS 0x0000000093600000, 0x0000000093600000| Untracked 
| 155|0x0000000093700000, 0x0000000093700000, 0x0000000093800000|  0%| F|  |TAMS 0x0000000093700000, 0x0000000093700000| Untracked 
| 156|0x0000000093800000, 0x0000000093800000, 0x0000000093900000|  0%| F|  |TAMS 0x0000000093800000, 0x0000000093800000| Untracked 
| 157|0x0000000093900000, 0x0000000093900000, 0x0000000093a00000|  0%| F|  |TAMS 0x0000000093900000, 0x0000000093900000| Untracked 
| 158|0x0000000093a00000, 0x0000000093a00000, 0x0000000093b00000|  0%| F|  |TAMS 0x0000000093a00000, 0x0000000093a00000| Untracked 
| 159|0x0000000093b00000, 0x0000000093b00000, 0x0000000093c00000|  0%| F|  |TAMS 0x0000000093b00000, 0x0000000093b00000| Untracked 
| 160|0x0000000093c00000, 0x0000000093c00000, 0x0000000093d00000|  0%| F|  |TAMS 0x0000000093c00000, 0x0000000093c00000| Untracked 
| 161|0x0000000093d00000, 0x0000000093d00000, 0x0000000093e00000|  0%| F|  |TAMS 0x0000000093d00000, 0x0000000093d00000| Untracked 
| 162|0x0000000093e00000, 0x0000000093e00000, 0x0000000093f00000|  0%| F|  |TAMS 0x0000000093e00000, 0x0000000093e00000| Untracked 
| 163|0x0000000093f00000, 0x0000000093f00000, 0x0000000094000000|  0%| F|  |TAMS 0x0000000093f00000, 0x0000000093f00000| Untracked 
| 164|0x0000000094000000, 0x0000000094000000, 0x0000000094100000|  0%| F|  |TAMS 0x0000000094000000, 0x0000000094000000| Untracked 
| 165|0x0000000094100000, 0x0000000094100000, 0x0000000094200000|  0%| F|  |TAMS 0x0000000094100000, 0x0000000094100000| Untracked 
| 166|0x0000000094200000, 0x0000000094200000, 0x0000000094300000|  0%| F|  |TAMS 0x0000000094200000, 0x0000000094200000| Untracked 
| 167|0x0000000094300000, 0x0000000094300000, 0x0000000094400000|  0%| F|  |TAMS 0x0000000094300000, 0x0000000094300000| Untracked 
| 168|0x0000000094400000, 0x0000000094400000, 0x0000000094500000|  0%| F|  |TAMS 0x0000000094400000, 0x0000000094400000| Untracked 
| 169|0x0000000094500000, 0x0000000094500000, 0x0000000094600000|  0%| F|  |TAMS 0x0000000094500000, 0x0000000094500000| Untracked 
| 170|0x0000000094600000, 0x0000000094600000, 0x0000000094700000|  0%| F|  |TAMS 0x0000000094600000, 0x0000000094600000| Untracked 
| 171|0x0000000094700000, 0x0000000094700000, 0x0000000094800000|  0%| F|  |TAMS 0x0000000094700000, 0x0000000094700000| Untracked 
| 172|0x0000000094800000, 0x0000000094800000, 0x0000000094900000|  0%| F|  |TAMS 0x0000000094800000, 0x0000000094800000| Untracked 
| 173|0x0000000094900000, 0x0000000094900000, 0x0000000094a00000|  0%| F|  |TAMS 0x0000000094900000, 0x0000000094900000| Untracked 
| 174|0x0000000094a00000, 0x0000000094a00000, 0x0000000094b00000|  0%| F|  |TAMS 0x0000000094a00000, 0x0000000094a00000| Untracked 
| 175|0x0000000094b00000, 0x0000000094b00000, 0x0000000094c00000|  0%| F|  |TAMS 0x0000000094b00000, 0x0000000094b00000| Untracked 
| 176|0x0000000094c00000, 0x0000000094c00000, 0x0000000094d00000|  0%| F|  |TAMS 0x0000000094c00000, 0x0000000094c00000| Untracked 
| 177|0x0000000094d00000, 0x0000000094d00000, 0x0000000094e00000|  0%| F|  |TAMS 0x0000000094d00000, 0x0000000094d00000| Untracked 
| 178|0x0000000094e00000, 0x0000000094e00000, 0x0000000094f00000|  0%| F|  |TAMS 0x0000000094e00000, 0x0000000094e00000| Untracked 
| 179|0x0000000094f00000, 0x0000000094f00000, 0x0000000095000000|  0%| F|  |TAMS 0x0000000094f00000, 0x0000000094f00000| Untracked 
| 180|0x0000000095000000, 0x0000000095000000, 0x0000000095100000|  0%| F|  |TAMS 0x0000000095000000, 0x0000000095000000| Untracked 
| 181|0x0000000095100000, 0x0000000095100000, 0x0000000095200000|  0%| F|  |TAMS 0x0000000095100000, 0x0000000095100000| Untracked 
| 182|0x0000000095200000, 0x0000000095200000, 0x0000000095300000|  0%| F|  |TAMS 0x0000000095200000, 0x0000000095200000| Untracked 
| 183|0x0000000095300000, 0x0000000095300000, 0x0000000095400000|  0%| F|  |TAMS 0x0000000095300000, 0x0000000095300000| Untracked 
| 184|0x0000000095400000, 0x0000000095400000, 0x0000000095500000|  0%| F|  |TAMS 0x0000000095400000, 0x0000000095400000| Untracked 
| 185|0x0000000095500000, 0x0000000095500000, 0x0000000095600000|  0%| F|  |TAMS 0x0000000095500000, 0x0000000095500000| Untracked 
| 186|0x0000000095600000, 0x0000000095600000, 0x0000000095700000|  0%| F|  |TAMS 0x0000000095600000, 0x0000000095600000| Untracked 
| 187|0x0000000095700000, 0x0000000095700000, 0x0000000095800000|  0%| F|  |TAMS 0x0000000095700000, 0x0000000095700000| Untracked 
| 188|0x0000000095800000, 0x0000000095800000, 0x0000000095900000|  0%| F|  |TAMS 0x0000000095800000, 0x0000000095800000| Untracked 
| 189|0x0000000095900000, 0x0000000095900000, 0x0000000095a00000|  0%| F|  |TAMS 0x0000000095900000, 0x0000000095900000| Untracked 
| 190|0x0000000095a00000, 0x0000000095a00000, 0x0000000095b00000|  0%| F|  |TAMS 0x0000000095a00000, 0x0000000095a00000| Untracked 
| 191|0x0000000095b00000, 0x0000000095b00000, 0x0000000095c00000|  0%| F|  |TAMS 0x0000000095b00000, 0x0000000095b00000| Untracked 
| 192|0x0000000095c00000, 0x0000000095c00000, 0x0000000095d00000|  0%| F|  |TAMS 0x0000000095c00000, 0x0000000095c00000| Untracked 
| 193|0x0000000095d00000, 0x0000000095d00000, 0x0000000095e00000|  0%| F|  |TAMS 0x0000000095d00000, 0x0000000095d00000| Untracked 
| 194|0x0000000095e00000, 0x0000000095e00000, 0x0000000095f00000|  0%| F|  |TAMS 0x0000000095e00000, 0x0000000095e00000| Untracked 
| 195|0x0000000095f00000, 0x0000000095f00000, 0x0000000096000000|  0%| F|  |TAMS 0x0000000095f00000, 0x0000000095f00000| Untracked 
| 196|0x0000000096000000, 0x0000000096000000, 0x0000000096100000|  0%| F|  |TAMS 0x0000000096000000, 0x0000000096000000| Untracked 
| 197|0x0000000096100000, 0x0000000096100000, 0x0000000096200000|  0%| F|  |TAMS 0x0000000096100000, 0x0000000096100000| Untracked 
| 198|0x0000000096200000, 0x0000000096200000, 0x0000000096300000|  0%| F|  |TAMS 0x0000000096200000, 0x0000000096200000| Untracked 
| 199|0x0000000096300000, 0x0000000096300000, 0x0000000096400000|  0%| F|  |TAMS 0x0000000096300000, 0x0000000096300000| Untracked 
| 200|0x0000000096400000, 0x0000000096400000, 0x0000000096500000|  0%| F|  |TAMS 0x0000000096400000, 0x0000000096400000| Untracked 
| 201|0x0000000096500000, 0x0000000096500000, 0x0000000096600000|  0%| F|  |TAMS 0x0000000096500000, 0x0000000096500000| Untracked 
| 202|0x0000000096600000, 0x0000000096600000, 0x0000000096700000|  0%| F|  |TAMS 0x0000000096600000, 0x0000000096600000| Untracked 
| 203|0x0000000096700000, 0x0000000096700000, 0x0000000096800000|  0%| F|  |TAMS 0x0000000096700000, 0x0000000096700000| Untracked 
| 204|0x0000000096800000, 0x0000000096800000, 0x0000000096900000|  0%| F|  |TAMS 0x0000000096800000, 0x0000000096800000| Untracked 
| 205|0x0000000096900000, 0x0000000096900000, 0x0000000096a00000|  0%| F|  |TAMS 0x0000000096900000, 0x0000000096900000| Untracked 
| 206|0x0000000096a00000, 0x0000000096a00000, 0x0000000096b00000|  0%| F|  |TAMS 0x0000000096a00000, 0x0000000096a00000| Untracked 
| 207|0x0000000096b00000, 0x0000000096b00000, 0x0000000096c00000|  0%| F|  |TAMS 0x0000000096b00000, 0x0000000096b00000| Untracked 
| 208|0x0000000096c00000, 0x0000000096c00000, 0x0000000096d00000|  0%| F|  |TAMS 0x0000000096c00000, 0x0000000096c00000| Untracked 
| 209|0x0000000096d00000, 0x0000000096d00000, 0x0000000096e00000|  0%| F|  |TAMS 0x0000000096d00000, 0x0000000096d00000| Untracked 
| 210|0x0000000096e00000, 0x0000000096e00000, 0x0000000096f00000|  0%| F|  |TAMS 0x0000000096e00000, 0x0000000096e00000| Untracked 
| 211|0x0000000096f00000, 0x0000000096f00000, 0x0000000097000000|  0%| F|  |TAMS 0x0000000096f00000, 0x0000000096f00000| Untracked 
| 212|0x0000000097000000, 0x0000000097000000, 0x0000000097100000|  0%| F|  |TAMS 0x0000000097000000, 0x0000000097000000| Untracked 
| 213|0x0000000097100000, 0x0000000097100000, 0x0000000097200000|  0%| F|  |TAMS 0x0000000097100000, 0x0000000097100000| Untracked 
| 214|0x0000000097200000, 0x0000000097200000, 0x0000000097300000|  0%| F|  |TAMS 0x0000000097200000, 0x0000000097200000| Untracked 
| 215|0x0000000097300000, 0x0000000097300000, 0x0000000097400000|  0%| F|  |TAMS 0x0000000097300000, 0x0000000097300000| Untracked 
| 216|0x0000000097400000, 0x0000000097400000, 0x0000000097500000|  0%| F|  |TAMS 0x0000000097400000, 0x0000000097400000| Untracked 
| 217|0x0000000097500000, 0x0000000097500000, 0x0000000097600000|  0%| F|  |TAMS 0x0000000097500000, 0x0000000097500000| Untracked 
| 218|0x0000000097600000, 0x0000000097600000, 0x0000000097700000|  0%| F|  |TAMS 0x0000000097600000, 0x0000000097600000| Untracked 
| 219|0x0000000097700000, 0x0000000097700000, 0x0000000097800000|  0%| F|  |TAMS 0x0000000097700000, 0x0000000097700000| Untracked 
| 220|0x0000000097800000, 0x0000000097800000, 0x0000000097900000|  0%| F|  |TAMS 0x0000000097800000, 0x0000000097800000| Untracked 
| 221|0x0000000097900000, 0x0000000097900000, 0x0000000097a00000|  0%| F|  |TAMS 0x0000000097900000, 0x0000000097900000| Untracked 
| 222|0x0000000097a00000, 0x0000000097a00000, 0x0000000097b00000|  0%| F|  |TAMS 0x0000000097a00000, 0x0000000097a00000| Untracked 
| 223|0x0000000097b00000, 0x0000000097b00000, 0x0000000097c00000|  0%| F|  |TAMS 0x0000000097b00000, 0x0000000097b00000| Untracked 
| 224|0x0000000097c00000, 0x0000000097c00000, 0x0000000097d00000|  0%| F|  |TAMS 0x0000000097c00000, 0x0000000097c00000| Untracked 
| 225|0x0000000097d00000, 0x0000000097d00000, 0x0000000097e00000|  0%| F|  |TAMS 0x0000000097d00000, 0x0000000097d00000| Untracked 
| 226|0x0000000097e00000, 0x0000000097e00000, 0x0000000097f00000|  0%| F|  |TAMS 0x0000000097e00000, 0x0000000097e00000| Untracked 
| 227|0x0000000097f00000, 0x0000000097f00000, 0x0000000098000000|  0%| F|  |TAMS 0x0000000097f00000, 0x0000000097f00000| Untracked 
| 228|0x0000000098000000, 0x0000000098000000, 0x0000000098100000|  0%| F|  |TAMS 0x0000000098000000, 0x0000000098000000| Untracked 
| 229|0x0000000098100000, 0x0000000098100000, 0x0000000098200000|  0%| F|  |TAMS 0x0000000098100000, 0x0000000098100000| Untracked 
| 230|0x0000000098200000, 0x0000000098200000, 0x0000000098300000|  0%| F|  |TAMS 0x0000000098200000, 0x0000000098200000| Untracked 
| 231|0x0000000098300000, 0x0000000098300000, 0x0000000098400000|  0%| F|  |TAMS 0x0000000098300000, 0x0000000098300000| Untracked 
| 232|0x0000000098400000, 0x0000000098400000, 0x0000000098500000|  0%| F|  |TAMS 0x0000000098400000, 0x0000000098400000| Untracked 
| 233|0x0000000098500000, 0x0000000098500000, 0x0000000098600000|  0%| F|  |TAMS 0x0000000098500000, 0x0000000098500000| Untracked 
| 234|0x0000000098600000, 0x0000000098600000, 0x0000000098700000|  0%| F|  |TAMS 0x0000000098600000, 0x0000000098600000| Untracked 
| 235|0x0000000098700000, 0x0000000098700000, 0x0000000098800000|  0%| F|  |TAMS 0x0000000098700000, 0x0000000098700000| Untracked 
| 236|0x0000000098800000, 0x0000000098800000, 0x0000000098900000|  0%| F|  |TAMS 0x0000000098800000, 0x0000000098800000| Untracked 
| 237|0x0000000098900000, 0x0000000098900000, 0x0000000098a00000|  0%| F|  |TAMS 0x0000000098900000, 0x0000000098900000| Untracked 
| 238|0x0000000098a00000, 0x0000000098a00000, 0x0000000098b00000|  0%| F|  |TAMS 0x0000000098a00000, 0x0000000098a00000| Untracked 
| 239|0x0000000098b00000, 0x0000000098b00000, 0x0000000098c00000|  0%| F|  |TAMS 0x0000000098b00000, 0x0000000098b00000| Untracked 
| 240|0x0000000098c00000, 0x0000000098c00000, 0x0000000098d00000|  0%| F|  |TAMS 0x0000000098c00000, 0x0000000098c00000| Untracked 
| 241|0x0000000098d00000, 0x0000000098d00000, 0x0000000098e00000|  0%| F|  |TAMS 0x0000000098d00000, 0x0000000098d00000| Untracked 
| 242|0x0000000098e00000, 0x0000000098e00000, 0x0000000098f00000|  0%| F|  |TAMS 0x0000000098e00000, 0x0000000098e00000| Untracked 
| 243|0x0000000098f00000, 0x0000000098f00000, 0x0000000099000000|  0%| F|  |TAMS 0x0000000098f00000, 0x0000000098f00000| Untracked 
| 244|0x0000000099000000, 0x0000000099000000, 0x0000000099100000|  0%| F|  |TAMS 0x0000000099000000, 0x0000000099000000| Untracked 
| 245|0x0000000099100000, 0x0000000099100000, 0x0000000099200000|  0%| F|  |TAMS 0x0000000099100000, 0x0000000099100000| Untracked 
| 246|0x0000000099200000, 0x0000000099200000, 0x0000000099300000|  0%| F|  |TAMS 0x0000000099200000, 0x0000000099200000| Untracked 
| 247|0x0000000099300000, 0x0000000099300000, 0x0000000099400000|  0%| F|  |TAMS 0x0000000099300000, 0x0000000099300000| Untracked 
| 248|0x0000000099400000, 0x0000000099400000, 0x0000000099500000|  0%| F|  |TAMS 0x0000000099400000, 0x0000000099400000| Untracked 
| 249|0x0000000099500000, 0x0000000099500000, 0x0000000099600000|  0%| F|  |TAMS 0x0000000099500000, 0x0000000099500000| Untracked 
| 250|0x0000000099600000, 0x0000000099600000, 0x0000000099700000|  0%| F|  |TAMS 0x0000000099600000, 0x0000000099600000| Untracked 
| 251|0x0000000099700000, 0x0000000099700000, 0x0000000099800000|  0%| F|  |TAMS 0x0000000099700000, 0x0000000099700000| Untracked 
| 252|0x0000000099800000, 0x0000000099800000, 0x0000000099900000|  0%| F|  |TAMS 0x0000000099800000, 0x0000000099800000| Untracked 
| 253|0x0000000099900000, 0x0000000099900000, 0x0000000099a00000|  0%| F|  |TAMS 0x0000000099900000, 0x0000000099900000| Untracked 
|1890|0x00000000ffe00000, 0x00000000ffe47000, 0x00000000fff00000| 27%|OA|  |TAMS 0x00000000ffe00000, 0x00000000ffe00000| Untracked 
|1891|0x00000000fff00000, 0x00000000fff72000, 0x0000000100000000| 44%|CA|  |TAMS 0x00000000fff00000, 0x00000000fff00000| Untracked 

Card table byte_map: [0x00007fb225025000,0x00007fb2253d7000] _byte_map_base: 0x00007fb224bd7000

Marking Bits (Prev, Next): (CMBitMap*) 0x00007fb220060f38, (CMBitMap*) 0x00007fb220060f78
 Prev Bits: [0x00007fb206deb000, 0x00007fb208b7b000)
 Next Bits: [0x00007fb20505b000, 0x00007fb206deb000)

Polling page: 0x00007fb2293f4000

Metaspace:

Usage:
  Non-class:     14.96 MB capacity,    14.67 MB ( 98%) used,   271.50 KB (  2%) free+waste,    25.75 KB ( <1%) overhead. 
      Class:      1.59 MB capacity,     1.49 MB ( 94%) used,    90.76 KB (  6%) free+waste,    10.88 KB ( <1%) overhead. 
       Both:     16.55 MB capacity,    16.16 MB ( 98%) used,   362.26 KB (  2%) free+waste,    36.62 KB ( <1%) overhead. 

Virtual space:
  Non-class space:       16.00 MB reserved,      15.25 MB ( 95%) committed 
      Class space:        1.00 GB reserved,       1.62 MB ( <1%) committed 
             Both:        1.02 GB reserved,      16.88 MB (  2%) committed 

Chunk freelists:
   Non-Class:  33.75 KB
       Class:  2.38 KB
        Both:  36.12 KB

CodeHeap 'non-profiled nmethods': size=120032Kb used=2395Kb max_used=2476Kb free=117636Kb
 bounds [0x00007fb210643000, 0x00007fb2108b3000, 0x00007fb217b7b000]
CodeHeap 'profiled nmethods': size=120028Kb used=8864Kb max_used=9219Kb free=111163Kb
 bounds [0x00007fb20910c000, 0x00007fb209a1c000, 0x00007fb210643000]
CodeHeap 'non-nmethods': size=5700Kb used=1168Kb max_used=1214Kb free=4532Kb
 bounds [0x00007fb208b7b000, 0x00007fb208deb000, 0x00007fb20910c000]
 total_blobs=6033 nmethods=3772 adapters=419
 compilation: enabled
              stopped_count=0, restarted_count=0
 full_count=0

Compilation events (10 events):
Event: 49.904 Thread 0x00007fb220174000 4413       3       org.h2.mvstore.db.ValueDataType::read (25 bytes)
Event: 50.224 Thread 0x00007fb220172000 4414       4       org.h2.command.dml.Select::isEverything (324 bytes)
Event: 50.715 Thread 0x00007fb220174000 nmethod 4413 0x00007fb209197b90 code [0x00007fb209197d80, 0x00007fb209198248]
Event: 50.839 Thread 0x00007fb220174000 4416       3       org.h2.mvstore.db.TransactionStore$VersionedValueType::read (72 bytes)
Event: 50.946 Thread 0x00007fb220174000 nmethod 4416 0x00007fb20922cd10 code [0x00007fb20922cf60, 0x00007fb20922da08]
Event: 50.961 Thread 0x00007fb220174000 4417       3       org.h2.mvstore.cache.CacheLongKeyLIRS$Segment::removeFromQueue (63 bytes)
Event: 50.962 Thread 0x00007fb220174000 nmethod 4417 0x00007fb20912be90 code [0x00007fb20912c060, 0x00007fb20912c390]
Event: 52.496 Thread 0x00007fb220174000 4418       3       org.h2.mvstore.db.ValueDataType::read (6 bytes)
Event: 52.727 Thread 0x00007fb220174000 nmethod 4418 0x00007fb209114610 code [0x00007fb2091147c0, 0x00007fb209114968]
Event: 53.426 Thread 0x00007fb220174000 4419       3       java.nio.Buffer::nextGetIndex (38 bytes)

GC Heap History (10 events):
Event: 35.851 GC heap after
{Heap after GC invocations=23 (full 0):
 garbage-first heap   total 262144K, used 27257K [0x0000000089c00000, 0x0000000100000000)
  region size 1024K, 7 young (7168K), 7 survivors (7168K)
 Metaspace       used 16548K, capacity 16947K, committed 17280K, reserved 1064960K
  class space    used 1523K, capacity 1625K, committed 1664K, reserved 1048576K
}
Event: 38.160 GC heap before
{Heap before GC invocations=23 (full 0):
 garbage-first heap   total 262144K, used 176761K [0x0000000089c00000, 0x0000000100000000)
  region size 1024K, 153 young (156672K), 7 survivors (7168K)
 Metaspace       used 16548K, capacity 16947K, committed 17280K, reserved 1064960K
  class space    used 1523K, capacity 1625K, committed 1664K, reserved 1048576K
}
Event: 38.223 GC heap after
{Heap after GC invocations=24 (full 0):
 garbage-first heap   total 262144K, used 26846K [0x0000000089c00000, 0x0000000100000000)
  region size 1024K, 7 young (7168K), 7 survivors (7168K)
 Metaspace       used 16548K, capacity 16947K, committed 17280K, reserved 1064960K
  class space    used 1523K, capacity 1625K, committed 1664K, reserved 1048576K
}
Event: 39.821 GC heap before
{Heap before GC invocations=24 (full 0):
 garbage-first heap   total 262144K, used 176350K [0x0000000089c00000, 0x0000000100000000)
  region size 1024K, 153 young (156672K), 7 survivors (7168K)
 Metaspace       used 16548K, capacity 16947K, committed 17280K, reserved 1064960K
  class space    used 1523K, capacity 1625K, committed 1664K, reserved 1048576K
}
Event: 40.068 GC heap after
{Heap after GC invocations=25 (full 0):
 garbage-first heap   total 262144K, used 27241K [0x0000000089c00000, 0x0000000100000000)
  region size 1024K, 7 young (7168K), 7 survivors (7168K)
 Metaspace       used 16548K, capacity 16947K, committed 17280K, reserved 1064960K
  class space    used 1523K, capacity 1625K, committed 1664K, reserved 1048576K
}
Event: 49.305 GC heap before
{Heap before GC invocations=25 (full 0):
 garbage-first heap   total 262144K, used 176745K [0x0000000089c00000, 0x0000000100000000)
  region size 1024K, 153 young (156672K), 7 survivors (7168K)
 Metaspace       used 16548K, capacity 16947K, committed 17280K, reserved 1064960K
  class space    used 1523K, capacity 1625K, committed 1664K, reserved 1048576K
}
Event: 49.402 GC heap after
{Heap after GC invocations=26 (full 0):
 garbage-first heap   total 262144K, used 26835K [0x0000000089c00000, 0x0000000100000000)
  region size 1024K, 7 young (7168K), 7 survivors (7168K)
 Metaspace       used 16548K, capacity 16947K, committed 17280K, reserved 1064960K
  class space    used 1523K, capacity 1625K, committed 1664K, reserved 1048576K
}
Event: 51.559 GC heap before
{Heap before GC invocations=26 (full 0):
 garbage-first heap   total 262144K, used 176339K [0x0000000089c00000, 0x0000000100000000)
  region size 1024K, 153 young (156672K), 7 survivors (7168K)
 Metaspace       used 16548K, capacity 16947K, committed 17280K, reserved 1064960K
  class space    used 1523K, capacity 1625K, committed 1664K, reserved 1048576K
}
Event: 51.807 GC heap after
{Heap after GC invocations=27 (full 0):
 garbage-first heap   total 262144K, used 26849K [0x0000000089c00000, 0x0000000100000000)
  region size 1024K, 7 young (7168K), 7 survivors (7168K)
 Metaspace       used 16548K, capacity 16947K, committed 17280K, reserved 1064960K
  class space    used 1523K, capacity 1625K, committed 1664K, reserved 1048576K
}
Event: 53.817 GC heap before
{Heap before GC invocations=27 (full 0):
 garbage-first heap   total 262144K, used 176353K [0x0000000089c00000, 0x0000000100000000)
  region size 1024K, 153 young (156672K), 7 survivors (7168K)
 Metaspace       used 16548K, capacity 16947K, committed 17280K, reserved 1064960K
  class space    used 1523K, capacity 1625K, committed 1664K, reserved 1048576K
}

Deoptimization events (10 events):
Event: 10.007 Thread 0x00007fb220011000 Uncommon trap: reason=class_check action=maybe_recompile pc=0x00007fb2107e6a0c method=org.h2.mvstore.type.ObjectDataType$LongType.compare(Ljava/lang/Object;Ljava/lang/Object;)I @ 1 c2
Event: 10.007 Thread 0x00007fb220011000 Uncommon trap: reason=class_check action=maybe_recompile pc=0x00007fb2107e69f4 method=org.h2.mvstore.type.ObjectDataType.compare(Ljava/lang/Object;Ljava/lang/Object;)I @ 6 c2
Event: 10.007 Thread 0x00007fb220011000 Uncommon trap: reason=class_check action=maybe_recompile pc=0x00007fb2107e69f4 method=org.h2.mvstore.type.ObjectDataType.compare(Ljava/lang/Object;Ljava/lang/Object;)I @ 6 c2
Event: 10.007 Thread 0x00007fb220011000 Uncommon trap: reason=class_check action=maybe_recompile pc=0x00007fb2107e6a0c method=org.h2.mvstore.type.ObjectDataType$LongType.compare(Ljava/lang/Object;Ljava/lang/Object;)I @ 1 c2
Event: 10.007 Thread 0x00007fb220011000 Uncommon trap: reason=class_check action=maybe_recompile pc=0x00007fb2107e69f4 method=org.h2.mvstore.type.ObjectDataType.compare(Ljava/lang/Object;Ljava/lang/Object;)I @ 6 c2
Event: 10.007 Thread 0x00007fb220011000 Uncommon trap: reason=class_check action=maybe_recompile pc=0x00007fb2107e6e64 method=org.h2.mvstore.type.ObjectDataType$LongType.compare(Ljava/lang/Object;Ljava/lang/Object;)I @ 1 c2
Event: 10.007 Thread 0x00007fb220011000 Uncommon trap: reason=class_check action=maybe_recompile pc=0x00007fb2107e6e64 method=org.h2.mvstore.type.ObjectDataType$LongType.compare(Ljava/lang/Object;Ljava/lang/Object;)I @ 1 c2
Event: 10.054 Thread 0x00007fb220a0c000 Uncommon trap: reason=unstable_if action=reinterpret pc=0x00007fb210820784 method=org.h2.mvstore.db.ValueDataType.writeValue(Lorg/h2/mvstore/WriteBuffer;Lorg/h2/value/Value;)V @ 20 c2
Event: 11.130 Thread 0x00007fb220011000 Uncommon trap: reason=unstable_if action=reinterpret pc=0x00007fb210867004 method=org.h2.value.Value.compareTypeSafe(Lorg/h2/value/Value;Lorg/h2/value/CompareMode;)I @ 2 c2
Event: 34.963 Thread 0x00007fb220011000 Uncommon trap: reason=unstable_if action=reinterpret pc=0x00007fb2108974d4 method=org.h2.mvstore.cache.CacheLongKeyLIRS$Segment.get(JI)Ljava/lang/Object; @ 34 c2

Classes redefined (0 events):
No events

Internal exceptions (10 events):
Event: 0.427 Thread 0x00007fb220011000 Exception <a 'java/lang/ClassNotFoundException'{0x00000000909c5498}: org/apache/log4j/PatternLayoutBeanInfo> (0x00000000909c5498) thrown at [/scratch/opt/mach5/mesos/work_dir/slaves/2dd962d0-8988-479b-a804-57ab764ada59-S1245/frameworks/1735e8a2-a1db-478c-
Event: 0.427 Thread 0x00007fb220011000 Exception <a 'java/lang/ClassNotFoundException'{0x00000000909ce130}: org/apache/log4j/LayoutBeanInfo> (0x00000000909ce130) thrown at [/scratch/opt/mach5/mesos/work_dir/slaves/2dd962d0-8988-479b-a804-57ab764ada59-S1245/frameworks/1735e8a2-a1db-478c-8104-60
Event: 0.427 Thread 0x00007fb220011000 Exception <a 'java/lang/ClassNotFoundException'{0x00000000909d70b8}: org/apache/log4j/LayoutCustomizer> (0x00000000909d70b8) thrown at [/scratch/opt/mach5/mesos/work_dir/slaves/2dd962d0-8988-479b-a804-57ab764ada59-S1245/frameworks/1735e8a2-a1db-478c-8104-
Event: 0.428 Thread 0x00007fb220011000 Exception <a 'java/lang/ClassNotFoundException'{0x00000000909e46c8}: org/apache/log4j/PatternLayoutCustomizer> (0x00000000909e46c8) thrown at [/scratch/opt/mach5/mesos/work_dir/slaves/2dd962d0-8988-479b-a804-57ab764ada59-S1245/frameworks/1735e8a2-a1db-478
Event: 0.503 Thread 0x00007fb220011000 Implicit null exception at 0x00007fb210680f85 to 0x00007fb21068114a
Event: 4.149 Thread 0x00007fb220011000 Exception <a 'java/lang/NoSuchMethodError'{0x0000000091cba000}: java.lang.invoke.DirectMethodHandle$Holder.invokeStaticInit(Ljava/lang/Object;Ljava/lang/Object;Ljava/lang/Object;Ljava/lang/Object;)Ljava/lang/Object;> (0x0000000091cba000) thrown at [/scrat
Event: 4.173 Thread 0x00007fb220011000 Implicit null exception at 0x00007fb2106e2f22 to 0x00007fb2106e3332
Event: 4.178 Thread 0x00007fb220011000 Implicit null exception at 0x00007fb210754cc1 to 0x00007fb210754e3e
Event: 4.217 Thread 0x00007fb220011000 Exception <a 'java/lang/NoSuchMethodError'{0x000000009184fc68}: java.lang.invoke.DirectMethodHandle$Holder.invokeStatic(Ljava/lang/Object;Ljava/lang/Object;Ljava/lang/Object;Ljava/lang/Object;Ljava/lang/Object;Ljava/lang/Object;Ljava/lang/Object;Ljava/lan
Event: 4.219 Thread 0x00007fb220011000 Exception <a 'java/lang/NoSuchMethodError'{0x000000009186db08}: java.lang.invoke.DirectMethodHandle$Holder.invokeStatic(Ljava/lang/Object;Ljava/lang/Object;Ljava/lang/Object;Ljava/lang/Object;Ljava/lang/Object;Ljava/lang/Object;Ljava/lang/Object;Ljava/lan

Events (10 events):
Event: 38.226 Executing VM operation: G1CollectForAllocation done
Event: 39.753 Executing VM operation: G1CollectForAllocation
Event: 40.144 Executing VM operation: G1CollectForAllocation done
Event: 46.461 Thread 0x00007fb220a0c000 DEOPT PACKING pc=0x00007fb2099d1486 sp=0x00007fb1f4ac5800
Event: 46.525 Thread 0x00007fb220a0c000 DEOPT UNPACKING pc=0x00007fb208ba413a sp=0x00007fb1f4ac4d30 mode 0
Event: 49.276 Executing VM operation: G1CollectForAllocation
Event: 49.422 Executing VM operation: G1CollectForAllocation done
Event: 51.523 Executing VM operation: G1CollectForAllocation
Event: 51.821 Executing VM operation: G1CollectForAllocation done
Event: 53.666 Executing VM operation: G1CollectForAllocation


Dynamic libraries:
00400000-00401000 r-xp 00000000 fd:00 3021074                            /opt/jdk-12.0.1/bin/java
00600000-00601000 r--p 00000000 fd:00 3021074                            /opt/jdk-12.0.1/bin/java
00601000-00602000 rw-p 00001000 fd:00 3021074                            /opt/jdk-12.0.1/bin/java
01d0e000-01d2f000 rw-p 00000000 00:00 0                                  [heap]
89c00000-99a00000 rw-p 00000000 00:00 0 
a6e00000-ffe00000 ---p 00000000 00:00 0 
ffe00000-ffe47000 rw-p 01198000 fd:00 3151963                            /opt/jdk-12.0.1/lib/server/classes.jsa
ffe47000-fff00000 rw-p 00000000 00:00 0 
fff00000-fff72000 rw-p 01126000 fd:00 3151963                            /opt/jdk-12.0.1/lib/server/classes.jsa
fff72000-100000000 rw-p 00000000 00:00 0 
800000000-800003000 rwxp 00001000 fd:00 3151963                          /opt/jdk-12.0.1/lib/server/classes.jsa
800003000-8003d8000 rw-p 00004000 fd:00 3151963                          /opt/jdk-12.0.1/lib/server/classes.jsa
8003d8000-800ae0000 r--p 003d9000 fd:00 3151963                          /opt/jdk-12.0.1/lib/server/classes.jsa
800ae0000-800ae1000 rw-p 00ae1000 fd:00 3151963                          /opt/jdk-12.0.1/lib/server/classes.jsa
800ae1000-801125000 r--p 00ae2000 fd:00 3151963                          /opt/jdk-12.0.1/lib/server/classes.jsa
801125000-8012c5000 rw-p 00000000 00:00 0 
8012c5000-841125000 ---p 00000000 00:00 0 
7fb194000000-7fb194021000 rw-p 00000000 00:00 0 
7fb194021000-7fb198000000 ---p 00000000 00:00 0 
7fb198000000-7fb198021000 rw-p 00000000 00:00 0 
7fb198021000-7fb19c000000 ---p 00000000 00:00 0 
7fb19c000000-7fb19c021000 rw-p 00000000 00:00 0 
7fb19c021000-7fb1a0000000 ---p 00000000 00:00 0 
7fb1a0000000-7fb1a0021000 rw-p 00000000 00:00 0 
7fb1a0021000-7fb1a4000000 ---p 00000000 00:00 0 
7fb1a4000000-7fb1a4021000 rw-p 00000000 00:00 0 
7fb1a4021000-7fb1a8000000 ---p 00000000 00:00 0 
7fb1a8000000-7fb1a817c000 rw-p 00000000 00:00 0 
7fb1a817c000-7fb1ac000000 ---p 00000000 00:00 0 
7fb1ac000000-7fb1ac021000 rw-p 00000000 00:00 0 
7fb1ac021000-7fb1b0000000 ---p 00000000 00:00 0 
7fb1b0000000-7fb1b0021000 rw-p 00000000 00:00 0 
7fb1b0021000-7fb1b4000000 ---p 00000000 00:00 0 
7fb1b4000000-7fb1b4022000 rw-p 00000000 00:00 0 
7fb1b4022000-7fb1b8000000 ---p 00000000 00:00 0 
7fb1b8000000-7fb1b8021000 rw-p 00000000 00:00 0 
7fb1b8021000-7fb1bc000000 ---p 00000000 00:00 0 
7fb1bc000000-7fb1bc021000 rw-p 00000000 00:00 0 
7fb1bc021000-7fb1c0000000 ---p 00000000 00:00 0 
7fb1c0000000-7fb1c0021000 rw-p 00000000 00:00 0 
7fb1c0021000-7fb1c4000000 ---p 00000000 00:00 0 
7fb1c4000000-7fb1c4021000 rw-p 00000000 00:00 0 
7fb1c4021000-7fb1c8000000 ---p 00000000 00:00 0 
7fb1c8000000-7fb1c8021000 rw-p 00000000 00:00 0 
7fb1c8021000-7fb1cc000000 ---p 00000000 00:00 0 
7fb1cc000000-7fb1cd90c000 rw-p 00000000 00:00 0 
7fb1cd90c000-7fb1d0000000 ---p 00000000 00:00 0 
7fb1d0000000-7fb1d08a5000 rw-p 00000000 00:00 0 
7fb1d08a5000-7fb1d4000000 ---p 00000000 00:00 0 
7fb1d4000000-7fb1d4021000 rw-p 00000000 00:00 0 
7fb1d4021000-7fb1d8000000 ---p 00000000 00:00 0 
7fb1d9ad6000-7fb1e0000000 r--p 00000000 fd:00 2257685                    /usr/lib/locale/locale-archive
7fb1e0000000-7fb1e0021000 rw-p 00000000 00:00 0 
7fb1e0021000-7fb1e4000000 ---p 00000000 00:00 0 
7fb1e4000000-7fb1e4021000 rw-p 00000000 00:00 0 
7fb1e4021000-7fb1e8000000 ---p 00000000 00:00 0 
7fb1e8000000-7fb1e8021000 rw-p 00000000 00:00 0 
7fb1e8021000-7fb1ec000000 ---p 00000000 00:00 0 
7fb1ec000000-7fb1ec1f7000 rw-p 00000000 00:00 0 
7fb1ec1f7000-7fb1f0000000 ---p 00000000 00:00 0 
7fb1f0000000-7fb1f0021000 rw-p 00000000 00:00 0 
7fb1f0021000-7fb1f4000000 ---p 00000000 00:00 0 
7fb1f4072000-7fb1f42be000 rw-p 00000000 00:00 0 
7fb1f42be000-7fb1f42bf000 ---p 00000000 00:00 0 
7fb1f42bf000-7fb1f43c0000 rw-p 00000000 00:00 0 
7fb1f43c0000-7fb1f43c1000 ---p 00000000 00:00 0 
7fb1f43c1000-7fb1f44c2000 rw-p 00000000 00:00 0 
7fb1f44c2000-7fb1f44c3000 ---p 00000000 00:00 0 
7fb1f44c3000-7fb1f45c4000 rw-p 00000000 00:00 0 
7fb1f45c4000-7fb1f45c8000 ---p 00000000 00:00 0 
7fb1f45c8000-7fb1f46c5000 rw-p 00000000 00:00 0 
7fb1f46c5000-7fb1f46c9000 ---p 00000000 00:00 0 
7fb1f46c9000-7fb1f4906000 rw-p 00000000 00:00 0 
7fb1f4906000-7fb1f49c6000 ---p 00000000 00:00 0 
7fb1f49c6000-7fb1f49ca000 ---p 00000000 00:00 0 
7fb1f49ca000-7fb1f4cc7000 rw-p 00000000 00:00 0 
7fb1f4cc7000-7fb1f4ec7000 rw-p 00000000 00:00 0 
7fb1f4ec7000-7fb1f4ecb000 ---p 00000000 00:00 0 
7fb1f4ecb000-7fb1f4fc8000 rw-p 00000000 00:00 0 
7fb1f4fc8000-7fb1f4fc9000 ---p 00000000 00:00 0 
7fb1f4fc9000-7fb1f50ca000 rw-p 00000000 00:00 0 
7fb1f50ca000-7fb1f50ce000 ---p 00000000 00:00 0 
7fb1f50ce000-7fb1f53cb000 rw-p 00000000 00:00 0 
7fb1f53cb000-7fb1f53cf000 ---p 00000000 00:00 0 
7fb1f53cf000-7fb1f54cc000 rw-p 00000000 00:00 0 
7fb1f54cc000-7fb1f54ce000 r-xp 00000000 fd:00 3151922                    /opt/jdk-12.0.1/lib/libextnet.so
7fb1f54ce000-7fb1f56cd000 ---p 00002000 fd:00 3151922                    /opt/jdk-12.0.1/lib/libextnet.so
7fb1f56cd000-7fb1f56ce000 r--p 00001000 fd:00 3151922                    /opt/jdk-12.0.1/lib/libextnet.so
7fb1f56ce000-7fb1f56cf000 rw-p 00002000 fd:00 3151922                    /opt/jdk-12.0.1/lib/libextnet.so
7fb1f56cf000-7fb1f56d0000 ---p 00000000 00:00 0 
7fb1f56d0000-7fb1f57d1000 rw-p 00000000 00:00 0 
7fb1f57d1000-7fb1f57e7000 r-xp 00000000 fd:00 3151942                    /opt/jdk-12.0.1/lib/libnet.so
7fb1f57e7000-7fb1f59e7000 ---p 00016000 fd:00 3151942                    /opt/jdk-12.0.1/lib/libnet.so
7fb1f59e7000-7fb1f59e8000 r--p 00016000 fd:00 3151942                    /opt/jdk-12.0.1/lib/libnet.so
7fb1f59e8000-7fb1f59e9000 rw-p 00017000 fd:00 3151942                    /opt/jdk-12.0.1/lib/libnet.so
7fb1f59e9000-7fb1f59fa000 r-xp 00000000 fd:00 3151943                    /opt/jdk-12.0.1/lib/libnio.so
7fb1f59fa000-7fb1f5bf9000 ---p 00011000 fd:00 3151943                    /opt/jdk-12.0.1/lib/libnio.so
7fb1f5bf9000-7fb1f5bfa000 r--p 00010000 fd:00 3151943                    /opt/jdk-12.0.1/lib/libnio.so
7fb1f5bfa000-7fb1f5bfb000 rw-p 00011000 fd:00 3151943                    /opt/jdk-12.0.1/lib/libnio.so
7fb1f5bfb000-7fb1f5bff000 ---p 00000000 00:00 0 
7fb1f5bff000-7fb1f5cfc000 rw-p 00000000 00:00 0 
7fb1f5cfc000-7fb1f5cfd000 ---p 00000000 00:00 0 
7fb1f5cfd000-7fb1f5dfe000 rw-p 00000000 00:00 0 
7fb1f5dfe000-7fb1f5e02000 ---p 00000000 00:00 0 
7fb1f5e02000-7fb1f5eff000 rw-p 00000000 00:00 0 
7fb1f5eff000-7fb1f5f03000 ---p 00000000 00:00 0 
7fb1f5f03000-7fb1f8000000 rw-p 00000000 00:00 0 
7fb1f8000000-7fb1f8021000 rw-p 00000000 00:00 0 
7fb1f8021000-7fb1fc000000 ---p 00000000 00:00 0 
7fb1fc000000-7fb1fc021000 rw-p 00000000 00:00 0 
7fb1fc021000-7fb200000000 ---p 00000000 00:00 0 
7fb200000000-7fb200021000 rw-p 00000000 00:00 0 
7fb200021000-7fb204000000 ---p 00000000 00:00 0 
7fb2040d1000-7fb2040d5000 ---p 00000000 00:00 0 
7fb2040d5000-7fb2041d2000 rw-p 00000000 00:00 0 
7fb2041d2000-7fb2041d6000 ---p 00000000 00:00 0 
7fb2041d6000-7fb2042d3000 rw-p 00000000 00:00 0 
7fb2042d3000-7fb2042d7000 ---p 00000000 00:00 0 
7fb2042d7000-7fb2043d4000 rw-p 00000000 00:00 0 
7fb2043d4000-7fb2043d8000 ---p 00000000 00:00 0 
7fb2043d8000-7fb2044d5000 rw-p 00000000 00:00 0 
7fb2044d5000-7fb2044d9000 ---p 00000000 00:00 0 
7fb2044d9000-7fb2045d6000 rw-p 00000000 00:00 0 
7fb2045d6000-7fb2045d7000 ---p 00000000 00:00 0 
7fb2045d7000-7fb204f59000 rw-p 00000000 00:00 0 
7fb204f59000-7fb204f5a000 ---p 00000000 00:00 0 
7fb204f5a000-7fb205453000 rw-p 00000000 00:00 0 
7fb205453000-7fb206de3000 ---p 00000000 00:00 0 
7fb206de3000-7fb2071e3000 rw-p 00000000 00:00 0 
7fb2071e3000-7fb208b73000 ---p 00000000 00:00 0 
7fb208b73000-7fb208b7b000 rw-p 00000000 00:00 0 
7fb208b7b000-7fb208deb000 rwxp 00000000 00:00 0 
7fb208deb000-7fb20910c000 ---p 00000000 00:00 0 
7fb20910c000-7fb209a1c000 rwxp 00000000 00:00 0 
7fb209a1c000-7fb210643000 ---p 00000000 00:00 0 
7fb210643000-7fb2108b3000 rwxp 00000000 00:00 0 
7fb2108b3000-7fb217b7b000 ---p 00000000 00:00 0 
7fb217b7b000-7fb220000000 r--s 00000000 fd:00 3151953                    /opt/jdk-12.0.1/lib/modules
7fb220000000-7fb220d69000 rw-p 00000000 00:00 0 
7fb220d69000-7fb224000000 ---p 00000000 00:00 0 
7fb224008000-7fb224063000 rw-p 00000000 00:00 0 
7fb224063000-7fb224064000 ---p 00000000 00:00 0 
7fb224064000-7fb22496d000 rw-p 00000000 00:00 0 
7fb22496d000-7fb22496e000 ---p 00000000 00:00 0 
7fb22496e000-7fb224a6f000 rw-p 00000000 00:00 0 
7fb224a6f000-7fb224a70000 ---p 00000000 00:00 0 
7fb224a70000-7fb224b71000 rw-p 00000000 00:00 0 
7fb224b71000-7fb224b72000 ---p 00000000 00:00 0 
7fb224b72000-7fb224cf2000 rw-p 00000000 00:00 0 
7fb224cf2000-7fb225024000 ---p 00000000 00:00 0 
7fb225024000-7fb2250a4000 rw-p 00000000 00:00 0 
7fb2250a4000-7fb2253d6000 ---p 00000000 00:00 0 
7fb2253d6000-7fb225456000 rw-p 00000000 00:00 0 
7fb225456000-7fb225788000 ---p 00000000 00:00 0 
7fb225788000-7fb225f96000 rw-p 00000000 00:00 0 
7fb225f96000-7fb22607c000 ---p 00000000 00:00 0 
7fb22607c000-7fb22608f000 rw-p 00000000 00:00 0 
7fb22608f000-7fb226167000 ---p 00000000 00:00 0 
7fb226167000-7fb226182000 r-xp 00000000 fd:00 3151933                    /opt/jdk-12.0.1/lib/libjimage.so
7fb226182000-7fb226381000 ---p 0001b000 fd:00 3151933                    /opt/jdk-12.0.1/lib/libjimage.so
7fb226381000-7fb226383000 r--p 0001a000 fd:00 3151933                    /opt/jdk-12.0.1/lib/libjimage.so
7fb226383000-7fb226384000 rw-p 0001c000 fd:00 3151933                    /opt/jdk-12.0.1/lib/libjimage.so
7fb226384000-7fb22638b000 r-xp 00000000 fd:00 3151952                    /opt/jdk-12.0.1/lib/libzip.so
7fb22638b000-7fb22658a000 ---p 00007000 fd:00 3151952                    /opt/jdk-12.0.1/lib/libzip.so
7fb22658a000-7fb22658b000 r--p 00006000 fd:00 3151952                    /opt/jdk-12.0.1/lib/libzip.so
7fb22658b000-7fb22658c000 rw-p 00007000 fd:00 3151952                    /opt/jdk-12.0.1/lib/libzip.so
7fb22658c000-7fb226598000 r-xp 00000000 fd:00 2269570                    /usr/lib64/libnss_files-2.17.so
7fb226598000-7fb226797000 ---p 0000c000 fd:00 2269570                    /usr/lib64/libnss_files-2.17.so
7fb226797000-7fb226798000 r--p 0000b000 fd:00 2269570                    /usr/lib64/libnss_files-2.17.so
7fb226798000-7fb226799000 rw-p 0000c000 fd:00 2269570                    /usr/lib64/libnss_files-2.17.so
7fb226799000-7fb22679f000 rw-p 00000000 00:00 0 
7fb22679f000-7fb2267c7000 r-xp 00000000 fd:00 3151929                    /opt/jdk-12.0.1/lib/libjava.so
7fb2267c7000-7fb2269c6000 ---p 00028000 fd:00 3151929                    /opt/jdk-12.0.1/lib/libjava.so
7fb2269c6000-7fb2269c7000 r--p 00027000 fd:00 3151929                    /opt/jdk-12.0.1/lib/libjava.so
7fb2269c7000-7fb2269c9000 rw-p 00028000 fd:00 3151929                    /opt/jdk-12.0.1/lib/libjava.so
7fb2269c9000-7fb2269d6000 r-xp 00000000 fd:00 3151951                    /opt/jdk-12.0.1/lib/libverify.so
7fb2269d6000-7fb226bd5000 ---p 0000d000 fd:00 3151951                    /opt/jdk-12.0.1/lib/libverify.so
7fb226bd5000-7fb226bd7000 r--p 0000c000 fd:00 3151951                    /opt/jdk-12.0.1/lib/libverify.so
7fb226bd7000-7fb226bd8000 rw-p 0000e000 fd:00 3151951                    /opt/jdk-12.0.1/lib/libverify.so
7fb226bd8000-7fb226bdf000 r-xp 00000000 fd:00 2271680                    /usr/lib64/librt-2.17.so
7fb226bdf000-7fb226dde000 ---p 00007000 fd:00 2271680                    /usr/lib64/librt-2.17.so
7fb226dde000-7fb226ddf000 r--p 00006000 fd:00 2271680                    /usr/lib64/librt-2.17.so
7fb226ddf000-7fb226de0000 rw-p 00007000 fd:00 2271680                    /usr/lib64/librt-2.17.so
7fb226de0000-7fb226ee1000 r-xp 00000000 fd:00 2267389                    /usr/lib64/libm-2.17.so
7fb226ee1000-7fb2270e0000 ---p 00101000 fd:00 2267389                    /usr/lib64/libm-2.17.so
7fb2270e0000-7fb2270e1000 r--p 00100000 fd:00 2267389                    /usr/lib64/libm-2.17.so
7fb2270e1000-7fb2270e2000 rw-p 00101000 fd:00 2267389                    /usr/lib64/libm-2.17.so
7fb2270e2000-7fb228245000 r-xp 00000000 fd:00 3151965                    /opt/jdk-12.0.1/lib/server/libjvm.so
7fb228245000-7fb228445000 ---p 01163000 fd:00 3151965                    /opt/jdk-12.0.1/lib/server/libjvm.so
7fb228445000-7fb228506000 r--p 01163000 fd:00 3151965                    /opt/jdk-12.0.1/lib/server/libjvm.so
7fb228506000-7fb22853f000 rw-p 01224000 fd:00 3151965                    /opt/jdk-12.0.1/lib/server/libjvm.so
7fb22853f000-7fb2285c2000 rw-p 00000000 00:00 0 
7fb2285c2000-7fb228785000 r-xp 00000000 fd:00 2233720                    /usr/lib64/libc-2.17.so
7fb228785000-7fb228985000 ---p 001c3000 fd:00 2233720                    /usr/lib64/libc-2.17.so
7fb228985000-7fb228989000 r--p 001c3000 fd:00 2233720                    /usr/lib64/libc-2.17.so
7fb228989000-7fb22898b000 rw-p 001c7000 fd:00 2233720                    /usr/lib64/libc-2.17.so
7fb22898b000-7fb228990000 rw-p 00000000 00:00 0 
7fb228990000-7fb228992000 r-xp 00000000 fd:00 2267382                    /usr/lib64/libdl-2.17.so
7fb228992000-7fb228b92000 ---p 00002000 fd:00 2267382                    /usr/lib64/libdl-2.17.so
7fb228b92000-7fb228b93000 r--p 00002000 fd:00 2267382                    /usr/lib64/libdl-2.17.so
7fb228b93000-7fb228b94000 rw-p 00003000 fd:00 2267382                    /usr/lib64/libdl-2.17.so
7fb228b94000-7fb228bab000 r-xp 00000000 fd:00 2233746                    /usr/lib64/libpthread-2.17.so
7fb228bab000-7fb228daa000 ---p 00017000 fd:00 2233746                    /usr/lib64/libpthread-2.17.so
7fb228daa000-7fb228dab000 r--p 00016000 fd:00 2233746                    /usr/lib64/libpthread-2.17.so
7fb228dab000-7fb228dac000 rw-p 00017000 fd:00 2233746                    /usr/lib64/libpthread-2.17.so
7fb228dac000-7fb228db0000 rw-p 00000000 00:00 0 
7fb228db0000-7fb228dc0000 r-xp 00000000 fd:00 3151934                    /opt/jdk-12.0.1/lib/libjli.so
7fb228dc0000-7fb228fbf000 ---p 00010000 fd:00 3151934                    /opt/jdk-12.0.1/lib/libjli.so
7fb228fbf000-7fb228fc0000 r--p 0000f000 fd:00 3151934                    /opt/jdk-12.0.1/lib/libjli.so
7fb228fc0000-7fb228fc1000 rw-p 00010000 fd:00 3151934                    /opt/jdk-12.0.1/lib/libjli.so
7fb228fc1000-7fb228fd6000 r-xp 00000000 fd:00 2234017                    /usr/lib64/libz.so.1.2.7
7fb228fd6000-7fb2291d5000 ---p 00015000 fd:00 2234017                    /usr/lib64/libz.so.1.2.7
7fb2291d5000-7fb2291d6000 r--p 00014000 fd:00 2234017                    /usr/lib64/libz.so.1.2.7
7fb2291d6000-7fb2291d7000 rw-p 00015000 fd:00 2234017                    /usr/lib64/libz.so.1.2.7
7fb2291d7000-7fb2291f9000 r-xp 00000000 fd:00 2266021                    /usr/lib64/ld-2.17.so
7fb229215000-7fb2292d0000 rw-p 00000000 00:00 0 
7fb2292d0000-7fb2292d4000 ---p 00000000 00:00 0 
7fb2292d4000-7fb2293d6000 rw-p 00000000 00:00 0 
7fb2293df000-7fb2293e5000 rw-p 00000000 00:00 0 
7fb2293e5000-7fb2293ec000 ---p 00000000 00:00 0 
7fb2293ec000-7fb2293f4000 rw-s 00000000 fd:00 1966297                    /tmp/hsperfdata_jjs/24352
7fb2293f4000-7fb2293f5000 ---p 00000000 00:00 0 
7fb2293f5000-7fb2293f6000 r--p 00000000 00:00 0 
7fb2293f6000-7fb2293f7000 ---p 00000000 00:00 0 
7fb2293f7000-7fb2293f8000 rw-p 00000000 00:00 0 
7fb2293f8000-7fb2293f9000 r--p 00021000 fd:00 2266021                    /usr/lib64/ld-2.17.so
7fb2293f9000-7fb2293fa000 rw-p 00022000 fd:00 2266021                    /usr/lib64/ld-2.17.so
7fb2293fa000-7fb2293fb000 rw-p 00000000 00:00 0 
7ffdf54b6000-7ffdf54d7000 rw-p 00000000 00:00 0                          [stack]
7ffdf552f000-7ffdf5531000 r-xp 00000000 00:00 0                          [vdso]
ffffffffff600000-ffffffffff601000 r-xp 00000000 00:00 0                  [vsyscall]


VM Arguments:
java_command: /common/home/jjs/java-projects/diamond-javautil-2020-07/javautil-7/vending-sales-reporting/target/surefire/surefirebooter3652045783243556203.jar /common/home/jjs/java-projects/diamond-javautil-2020-07/javautil-7/vending-sales-reporting/target/surefire/surefire8866435342892104677tmp /common/home/jjs/java-projects/diamond-javautil-2020-07/javautil-7/vending-sales-reporting/target/surefire/surefire_014498639388419301250tmp
java_class_path (initial): /common/home/jjs/java-projects/diamond-javautil-2020-07/javautil-7/vending-sales-reporting/target/surefire/surefirebooter3652045783243556203.jar
Launcher Type: SUN_STANDARD

[Global flags]
     intx CICompilerCount                          = 4                                         {product} {ergonomic}
     uint ConcGCThreads                            = 2                                         {product} {ergonomic}
     uint G1ConcRefinementThreads                  = 8                                         {product} {ergonomic}
   size_t G1HeapRegionSize                         = 1048576                                   {product} {ergonomic}
    uintx GCDrainStackTargetSize                   = 64                                        {product} {ergonomic}
   size_t InitialHeapSize                          = 125829120                                 {product} {ergonomic}
   size_t MarkStackSize                            = 4194304                                   {product} {ergonomic}
   size_t MaxHeapSize                              = 1983905792                                {product} {ergonomic}
   size_t MaxNewSize                               = 1190133760                                {product} {ergonomic}
   size_t MinHeapDeltaBytes                        = 1048576                                   {product} {ergonomic}
    uintx NonNMethodCodeHeapSize                   = 5836300                                {pd product} {ergonomic}
    uintx NonProfiledCodeHeapSize                  = 122910970                              {pd product} {ergonomic}
    uintx ProfiledCodeHeapSize                     = 122910970                              {pd product} {ergonomic}
    uintx ReservedCodeCacheSize                    = 251658240                              {pd product} {ergonomic}
     bool SegmentedCodeCache                       = true                                      {product} {ergonomic}
     bool UseCompressedClassPointers               = true                                 {lp64_product} {ergonomic}
     bool UseCompressedOops                        = true                                 {lp64_product} {ergonomic}
     bool UseG1GC                                  = true                                      {product} {ergonomic}

Logging:
Log output configuration:
 #0: stdout all=warning uptime,level,tags
 #1: stderr all=off uptime,level,tags

Environment Variables:
JAVA_HOME=/opt/jdk-12.0.1
PATH=/opt/jdk-12.0.1/bin:/common/opt/apache-maven-3.6.0/bin:/usr/local/sbin:/sbin:/usr/lib64/qt-3.3/bin:/bin:/usr/bin:/common/opt/sqldeveloper/sqldeveloper/bin:/common/opt/apache-maven-3.6.0/bin:/usr/local/bin:/common/home/jjs/bin:/common/orainst/bin:/common/home/jjs/bin/usr/local/apache-tomcat-7.0.59/bin
USERNAME=jjs
LD_LIBRARY_PATH=/common/orainst/lib
SHELL=/bin/bash
DISPLAY=:0

Signal Handlers:
SIGSEGV: [libjvm.so+0xe44e80], sa_mask[0]=11111111011111111101111111111110, sa_flags=SA_RESTART|SA_SIGINFO
SIGBUS: [libjvm.so+0xe44e80], sa_mask[0]=11111111011111111101111111111110, sa_flags=SA_RESTART|SA_SIGINFO
SIGFPE: [libjvm.so+0xe44e80], sa_mask[0]=11111111011111111101111111111110, sa_flags=SA_RESTART|SA_SIGINFO
SIGPIPE: [libjvm.so+0xbf4390], sa_mask[0]=11111111011111111101111111111110, sa_flags=SA_RESTART|SA_SIGINFO
SIGXFSZ: [libjvm.so+0xbf4390], sa_mask[0]=11111111011111111101111111111110, sa_flags=SA_RESTART|SA_SIGINFO
SIGILL: [libjvm.so+0xe44e80], sa_mask[0]=11111111011111111101111111111110, sa_flags=SA_RESTART|SA_SIGINFO
SIGUSR2: [libjvm.so+0xbf4230], sa_mask[0]=00100000000000000000000000000000, sa_flags=SA_RESTART|SA_SIGINFO
SIGHUP: [libjvm.so+0xbf4590], sa_mask[0]=11111111011111111101111111111110, sa_flags=SA_RESTART|SA_SIGINFO
SIGINT: [libjvm.so+0xbf4590], sa_mask[0]=11111111011111111101111111111110, sa_flags=SA_RESTART|SA_SIGINFO
SIGTERM: [libjvm.so+0xbf4590], sa_mask[0]=11111111011111111101111111111110, sa_flags=SA_RESTART|SA_SIGINFO
SIGQUIT: [libjvm.so+0xbf4590], sa_mask[0]=11111111011111111101111111111110, sa_flags=SA_RESTART|SA_SIGINFO


---------------  S Y S T E M  ---------------

OS:CentOS Linux release 7.7.1908 (Core)
uname:Linux 3.10.0-1062.9.1.el7.x86_64 #1 SMP Fri Dec 6 15:49:49 UTC 2019 x86_64
libc:glibc 2.17 NPTL 2.17 
rlimit: STACK 8192k, CORE 0k, NPROC 4096, NOFILE 4096, AS infinity, DATA infinity, FSIZE infinity
load average:17.39 5.64 2.53

/proc/meminfo:
MemTotal:        7744592 kB
MemFree:          103476 kB
MemAvailable:      28536 kB
Buffers:             392 kB
Cached:           737856 kB
SwapCached:         5392 kB
Active:          5910044 kB
Inactive:        1154892 kB
Active(anon):    5894360 kB
Inactive(anon):  1137784 kB
Active(file):      15684 kB
Inactive(file):    17108 kB
Unevictable:       16964 kB
Mlocked:              64 kB
SwapTotal:       6878204 kB
SwapFree:              0 kB
Dirty:                36 kB
Writeback:             0 kB
AnonPages:       6339124 kB
Mapped:           208348 kB
Shmem:            704348 kB
Slab:             208296 kB
SReclaimable:      91680 kB
SUnreclaim:       116616 kB
KernelStack:       22080 kB
PageTables:       207552 kB
NFS_Unstable:          0 kB
Bounce:                0 kB
WritebackTmp:          0 kB
CommitLimit:    10750500 kB
Committed_AS:   19511924 kB
VmallocTotal:   34359738367 kB
VmallocUsed:      564252 kB
VmallocChunk:   34358421500 kB
HardwareCorrupted:     0 kB
AnonHugePages:    165888 kB
CmaTotal:              0 kB
CmaFree:               0 kB
HugePages_Total:       0
HugePages_Free:        0
HugePages_Rsvd:        0
HugePages_Surp:        0
Hugepagesize:       2048 kB
DirectMap4k:      360684 kB
DirectMap2M:     5664768 kB
DirectMap1G:     2097152 kB


/proc/sys/kernel/threads-max (system-wide limit on the number of threads):
59713


/proc/sys/vm/max_map_count (maximum number of memory map areas a process may have):
65530


/proc/sys/kernel/pid_max (system-wide limit on number of process identifiers):
32768



container (cgroup) information:
container_type: cgroupv1
cpu_cpuset_cpus: 0-7
cpu_memory_nodes: 0
active_processor_count: 8
cpu_quota: -1
cpu_period: 100000
cpu_shares: -1
memory_limit_in_bytes: -1
memory_and_swap_limit_in_bytes: -1
memory_soft_limit_in_bytes: -1
memory_usage_in_bytes: 7227813888
memory_max_usage_in_bytes: 0


CPU:total 8 (initial active 8) (4 cores per cpu, 2 threads per core) family 6 model 142 stepping 10, cmov, cx8, fxsr, mmx, sse, sse2, sse3, ssse3, sse4.1, sse4.2, popcnt, avx, avx2, aes, clmul, erms, 3dnowpref, lzcnt, ht, tsc, tscinvbit, bmi1, bmi2, adx, fma
CPU Model and flags from /proc/cpuinfo:
model name	: Intel(R) Core(TM) i7-8550U CPU @ 1.80GHz
flags		: fpu vme de pse tsc msr pae mce cx8 apic sep mtrr pge mca cmov pat pse36 clflush dts acpi mmx fxsr sse sse2 ss ht tm pbe syscall nx pdpe1gb rdtscp lm constant_tsc art arch_perfmon pebs bts rep_good nopl xtopology nonstop_tsc aperfmperf eagerfpu pni pclmulqdq dtes64 monitor ds_cpl vmx est tm2 ssse3 sdbg fma cx16 xtpr pdcm pcid sse4_1 sse4_2 x2apic movbe popcnt tsc_deadline_timer aes xsave avx f16c rdrand lahf_lm abm 3dnowprefetch epb invpcid_single intel_pt ssbd ibrs ibpb stibp tpr_shadow vnmi flexpriority ept vpid fsgsbase tsc_adjust bmi1 avx2 smep bmi2 erms invpcid mpx rdseed adx smap clflushopt xsaveopt xsavec xgetbv1 dtherm ida arat pln pts hwp hwp_notify hwp_act_window hwp_epp md_clear spec_ctrl intel_stibp flush_l1d

Memory: 4k page, physical 7744592k(106768k free), swap 6878204k(0k free)

vm_info: OpenJDK 64-Bit Server VM (12.0.1+12) for linux-amd64 JRE (12.0.1+12), built on Apr  1 2019 23:46:56 by "mach5one" with gcc 7.3.0

END.
