This is pdfTeX, Version 3.1415926-2.5-1.40.14 (TeX Live 2013) (format=pdflatex 2019.6.16)  14 SEP 2019 15:35
entering extended mode
 restricted \write18 enabled.
 %&-line parsing enabled.
**ApsTechnicalReferenceBook.tex
(./ApsTechnicalReferenceBook.tex
LaTeX2e <2011/06/27>
Babel <v3.8m> and hyphenation patterns for english, dumylang, nohyphenation, lo
aded.
(/usr/share/texlive/texmf-dist/tex/latex/base/book.cls
Document Class: book 2007/10/19 v1.4h Standard LaTeX document class
(/usr/share/texlive/texmf-dist/tex/latex/base/bk10.clo
File: bk10.clo 2007/10/19 v1.4h Standard LaTeX file (size option)
)
\c@part=\count79
\c@chapter=\count80
\c@section=\count81
\c@subsection=\count82
\c@subsubsection=\count83
\c@paragraph=\count84
\c@subparagraph=\count85
\c@figure=\count86
\c@table=\count87
\abovecaptionskip=\skip41
\belowcaptionskip=\skip42
\bibindent=\dimen102
)
No file ApsTechnicalReferenceBook.aux.
\openout1 = `ApsTechnicalReferenceBook.aux'.

LaTeX Font Info:    Checking defaults for OML/cmm/m/it on input line 4.
LaTeX Font Info:    ... okay on input line 4.
LaTeX Font Info:    Checking defaults for T1/cmr/m/n on input line 4.
LaTeX Font Info:    ... okay on input line 4.
LaTeX Font Info:    Checking defaults for OT1/cmr/m/n on input line 4.
LaTeX Font Info:    ... okay on input line 4.
LaTeX Font Info:    Checking defaults for OMS/cmsy/m/n on input line 4.
LaTeX Font Info:    ... okay on input line 4.
LaTeX Font Info:    Checking defaults for OMX/cmex/m/n on input line 4.
LaTeX Font Info:    ... okay on input line 4.
LaTeX Font Info:    Checking defaults for U/cmr/m/n on input line 4.
LaTeX Font Info:    ... okay on input line 4.

Overfull \hbox (196.86833pt too wide) in paragraph at lines 11--15
 \OT1/cmr/bx/n/10 lead-TimePadding-Fac-tor[] \OT1/cmr/m/n/10 Dou-ble lp = Prop-
er-ty-Helper.getMandatoryDoubleSystemProperty("leadTimePaddingFactor");
 []


Overfull \hbox (23.01003pt too wide) in paragraph at lines 11--15
\OT1/cmr/m/n/10 dou-ble to-tal-Lead-Time = lp * this.itemMaster.getLeadTmDy().f
loatValue(); endLead-
 []


Overfull \hbox (116.88998pt too wide) in paragraph at lines 11--15
\OT1/cmr/m/n/10 Time = Date-Helper.toSqlDate(DateHelper.addDays(today, java.lan
g.Math.round((float)totalLeadTime)));
 []

! Missing $ inserted.
<inserted text> 
                $
l.17 grant execute on dbms_
                           pipe to diamond;
I've inserted a begin-math/end-math symbol since I think
you left one out. Proceed, with fingers crossed.

LaTeX Font Info:    External font `cmex10' loaded for size
(Font)              <7> on input line 17.
LaTeX Font Info:    External font `cmex10' loaded for size
(Font)              <5> on input line 17.
! Missing $ inserted.
<inserted text> 
                $
l.18 
     
I've inserted a begin-math/end-math symbol since I think
you left one out. Proceed, with fingers crossed.


Overfull \hbox (5.48103pt too wide) in paragraph at lines 23--28
\OT1/cmr/m/n/10 iimes = (IcItem-Mas-tE-quivS) cache.get(IcItemMastEquivS.class.
getName()); iicss
 []

[1{/usr/share/texlive/texmf/fonts/map/pdftex/updmap/pdftex.map}

]
(./ApsTechnicalReferenceBook.aux) ) 
Here is how much of TeX's memory you used:
 234 strings out of 495063
 2629 string characters out of 3182201
 47541 words of memory out of 3000000
 3501 multiletter control sequences out of 15000+200000
 5511 words of font info for 20 fonts, out of 3000000 for 9000
 14 hyphenation exceptions out of 8191
 23i,4n,19p,154b,143s stack positions out of 5000i,500n,10000p,200000b,50000s
</usr/share/texlive/texmf-dist/fonts/type1/p
ublic/amsfonts/cm/cmbx10.pfb></usr/share/texlive/texmf-dist/fonts/type1/public/
amsfonts/cm/cmbx12.pfb></usr/share/texlive/texmf-dist/fonts/type1/public/amsfon
ts/cm/cmmi10.pfb></usr/share/texlive/texmf-dist/fonts/type1/public/amsfonts/cm/
cmmi7.pfb></usr/share/texlive/texmf-dist/fonts/type1/public/amsfonts/cm/cmr10.p
fb></usr/share/texlive/texmf-dist/fonts/type1/public/amsfonts/cm/cmsl10.pfb>
Output written on ApsTechnicalReferenceBook.pdf (1 page, 73025 bytes).
PDF statistics:
 32 PDF objects out of 1000 (max. 8388607)
 22 compressed objects within 1 object stream
 0 named destinations out of 1000 (max. 500000)
 1 words of extra memory for PDF output out of 10000 (max. 10000000)

